<?xml version="1.0" encoding="UTF-8"?>
<!-- Generated by org.testng.reporters.JUnitXMLReporter -->
<testsuite hostname="Brians-iMac.local" name="Default test(failed)" tests="1" failures="1" timestamp="28 Nov 2016 16:24:31 GMT" time="1.296" errors="0">
  <testcase name="test_get_directory_resources_positive_requires_BASIC_AUTH" time="0.006" classname="com.l1.interop.DirectoryFunctionalTest">
    <failure type="java.lang.IllegalArgumentException" message="argument type mismatch">
      <![CDATA[java.lang.IllegalArgumentException: argument type mismatch
... Removed 24 stack frames]]>
    </failure>
  </testcase> <!-- test_get_directory_resources_positive_requires_BASIC_AUTH -->
</testsuite> <!-- Default test(failed) -->
