<?xml version="1.0" encoding="UTF-8"?>
<!-- Generated by org.testng.reporters.JUnitXMLReporter -->
<testsuite hostname="Brians-iMac.local" name="Default test(failed)" tests="17" failures="17" timestamp="7 Dec 2016 20:22:45 GMT" time="38.062" errors="0">
  <testcase name="setUp_ForInValidReceiver_ShouldReturn404_ShouldReturnErrorResponse" time="1.543" classname="com.l1.interop.SPSPClientProxyFunctionalTest">
    <failure type="java.lang.AssertionError" message="1 expectation failed.
Expected status code &amp;lt;404&amp;gt; doesn&amp;apos;t match actual status code &amp;lt;500&amp;gt;.
">
      <![CDATA[java.lang.AssertionError: 1 expectation failed.
Expected status code <404> doesn't match actual status code <500>.

	at org.codehaus.groovy.runtime.callsite.ConstructorSite$ConstructorSiteNoUnwrap.callConstructor(ConstructorSite.java:84)
	at org.codehaus.groovy.runtime.callsite.CallSiteArray.defaultCallConstructor(CallSiteArray.java:60)
	at org.codehaus.groovy.runtime.callsite.AbstractCallSite.callConstructor(AbstractCallSite.java:235)
	at org.codehaus.groovy.runtime.callsite.AbstractCallSite.callConstructor(AbstractCallSite.java:247)
	at io.restassured.internal.ResponseSpecificationImpl$HamcrestAssertionClosure.validate(ResponseSpecificationImpl.groovy:470)
	at io.restassured.internal.ResponseSpecificationImpl$HamcrestAssertionClosure$validate$1.call(Unknown Source)
	at org.codehaus.groovy.runtime.callsite.CallSiteArray.defaultCall(CallSiteArray.java:48)
	at org.codehaus.groovy.runtime.callsite.AbstractCallSite.call(AbstractCallSite.java:113)
	at org.codehaus.groovy.runtime.callsite.AbstractCallSite.call(AbstractCallSite.java:125)
	at io.restassured.internal.ResponseSpecificationImpl.validateResponseIfRequired(ResponseSpecificationImpl.groovy:632)
	at org.codehaus.groovy.runtime.callsite.PogoMetaMethodSite$PogoCachedMethodSiteNoUnwrapNoCoerce.invoke(PogoMetaMethodSite.java:210)
	at org.codehaus.groovy.runtime.callsite.PogoMetaMethodSite.callCurrent(PogoMetaMethodSite.java:59)
	at org.codehaus.groovy.runtime.callsite.CallSiteArray.defaultCallCurrent(CallSiteArray.java:52)
	at org.codehaus.groovy.runtime.callsite.AbstractCallSite.callCurrent(AbstractCallSite.java:154)
	at org.codehaus.groovy.runtime.callsite.AbstractCallSite.callCurrent(AbstractCallSite.java:166)
	at io.restassured.internal.ResponseSpecificationImpl.statusCode(ResponseSpecificationImpl.groovy:121)
	at io.restassured.specification.ResponseSpecification$statusCode$2.callCurrent(Unknown Source)
	at org.codehaus.groovy.runtime.callsite.CallSiteArray.defaultCallCurrent(CallSiteArray.java:52)
	at org.codehaus.groovy.runtime.callsite.AbstractCallSite.callCurrent(AbstractCallSite.java:154)
	at org.codehaus.groovy.runtime.callsite.AbstractCallSite.callCurrent(AbstractCallSite.java:166)
	at io.restassured.internal.ResponseSpecificationImpl.statusCode(ResponseSpecificationImpl.groovy:129)
	at io.restassured.internal.ValidatableResponseOptionsImpl.statusCode(ValidatableResponseOptionsImpl.java:117)
	at com.l1.interop.SPSPClientProxyFunctionalTest.setUp_ForInValidReceiver_ShouldReturn404_ShouldReturnErrorResponse(SPSPClientProxyFunctionalTest.java:596)
... Removed 34 stack frames]]>
    </failure>
  </testcase> <!-- setUp_ForInValidReceiver_ShouldReturn404_ShouldReturnErrorResponse -->
  <testcase name="payment_ForValidReceiver_ShouldReceive200_ShouldReturnValidResponse" time="0.183" classname="com.l1.interop.SPSPClientProxyFunctionalTest">
    <failure type="java.lang.AssertionError" message="setup for payment worked before calling 
Expected: &amp;lt;201&amp;gt;
     but: was &amp;lt;500&amp;gt;">
      <![CDATA[java.lang.AssertionError: setup for payment worked before calling 
Expected: <201>
     but: was <500>
	at org.hamcrest.MatcherAssert.assertThat(MatcherAssert.java:20)
	at com.l1.interop.SPSPClientProxyFunctionalTest.payment_ForValidReceiver_ShouldReceive200_ShouldReturnValidResponse(SPSPClientProxyFunctionalTest.java:638)
... Removed 24 stack frames]]>
    </failure>
  </testcase> <!-- payment_ForValidReceiver_ShouldReceive200_ShouldReturnValidResponse -->
  <testcase name="quoteDestinationAmount_ForInValidReceiver_ShouldReceive404_ShouldReceiveErrorResponse" time="0.301" classname="com.l1.interop.SPSPClientProxyFunctionalTest">
    <failure type="java.lang.AssertionError" message="1 expectation failed.
Expected status code &amp;lt;404&amp;gt; doesn&amp;apos;t match actual status code &amp;lt;500&amp;gt;.
">
      <![CDATA[java.lang.AssertionError: 1 expectation failed.
Expected status code <404> doesn't match actual status code <500>.

	at org.codehaus.groovy.runtime.callsite.ConstructorSite$ConstructorSiteNoUnwrap.callConstructor(ConstructorSite.java:84)
	at org.codehaus.groovy.runtime.callsite.AbstractCallSite.callConstructor(AbstractCallSite.java:247)
	at io.restassured.internal.ResponseSpecificationImpl$HamcrestAssertionClosure.validate(ResponseSpecificationImpl.groovy:470)
	at io.restassured.internal.ResponseSpecificationImpl$HamcrestAssertionClosure$validate$1.call(Unknown Source)
	at io.restassured.internal.ResponseSpecificationImpl.validateResponseIfRequired(ResponseSpecificationImpl.groovy:632)
	at org.codehaus.groovy.runtime.callsite.PogoMetaMethodSite$PogoCachedMethodSiteNoUnwrapNoCoerce.invoke(PogoMetaMethodSite.java:210)
	at org.codehaus.groovy.runtime.callsite.PogoMetaMethodSite.callCurrent(PogoMetaMethodSite.java:59)
	at org.codehaus.groovy.runtime.callsite.AbstractCallSite.callCurrent(AbstractCallSite.java:166)
	at io.restassured.internal.ResponseSpecificationImpl.statusCode(ResponseSpecificationImpl.groovy:121)
	at io.restassured.specification.ResponseSpecification$statusCode$2.callCurrent(Unknown Source)
	at io.restassured.internal.ResponseSpecificationImpl.statusCode(ResponseSpecificationImpl.groovy:129)
	at io.restassured.internal.ValidatableResponseOptionsImpl.statusCode(ValidatableResponseOptionsImpl.java:117)
	at com.l1.interop.SPSPClientProxyFunctionalTest.quoteDestinationAmount_ForInValidReceiver_ShouldReceive404_ShouldReceiveErrorResponse(SPSPClientProxyFunctionalTest.java:497)
... Removed 34 stack frames]]>
    </failure>
  </testcase> <!-- quoteDestinationAmount_ForInValidReceiver_ShouldReceive404_ShouldReceiveErrorResponse -->
  <testcase name="quoteDestinationAmount_ForInValidReceiver_ShouldReceive404_ShouldReceiveErrorResponse" time="0.256" classname="com.l1.interop.SPSPClientProxyFunctionalTest">
    <failure type="java.lang.AssertionError" message="1 expectation failed.
Expected status code &amp;lt;404&amp;gt; doesn&amp;apos;t match actual status code &amp;lt;500&amp;gt;.
">
      <![CDATA[java.lang.AssertionError: 1 expectation failed.
Expected status code <404> doesn't match actual status code <500>.

	at org.codehaus.groovy.runtime.callsite.ConstructorSite$ConstructorSiteNoUnwrap.callConstructor(ConstructorSite.java:84)
	at org.codehaus.groovy.runtime.callsite.AbstractCallSite.callConstructor(AbstractCallSite.java:247)
	at io.restassured.internal.ResponseSpecificationImpl$HamcrestAssertionClosure.validate(ResponseSpecificationImpl.groovy:470)
	at io.restassured.internal.ResponseSpecificationImpl$HamcrestAssertionClosure$validate$1.call(Unknown Source)
	at io.restassured.internal.ResponseSpecificationImpl.validateResponseIfRequired(ResponseSpecificationImpl.groovy:632)
	at org.codehaus.groovy.runtime.callsite.PogoMetaMethodSite$PogoCachedMethodSiteNoUnwrapNoCoerce.invoke(PogoMetaMethodSite.java:210)
	at org.codehaus.groovy.runtime.callsite.PogoMetaMethodSite.callCurrent(PogoMetaMethodSite.java:59)
	at org.codehaus.groovy.runtime.callsite.AbstractCallSite.callCurrent(AbstractCallSite.java:166)
	at io.restassured.internal.ResponseSpecificationImpl.statusCode(ResponseSpecificationImpl.groovy:121)
	at io.restassured.specification.ResponseSpecification$statusCode$2.callCurrent(Unknown Source)
	at io.restassured.internal.ResponseSpecificationImpl.statusCode(ResponseSpecificationImpl.groovy:129)
	at io.restassured.internal.ValidatableResponseOptionsImpl.statusCode(ValidatableResponseOptionsImpl.java:117)
	at com.l1.interop.SPSPClientProxyFunctionalTest.quoteDestinationAmount_ForInValidReceiver_ShouldReceive404_ShouldReceiveErrorResponse(SPSPClientProxyFunctionalTest.java:497)
... Removed 34 stack frames]]>
    </failure>
  </testcase> <!-- quoteDestinationAmount_ForInValidReceiver_ShouldReceive404_ShouldReceiveErrorResponse -->
  <testcase name="quoteDestinationAmount_ForValidReceiver_ShouldReceive200_ShouldReceiveValidResponse" time="0.232" classname="com.l1.interop.SPSPClientProxyFunctionalTest">
    <failure type="java.lang.AssertionError" message="1 expectation failed.
Expected status code &amp;lt;200&amp;gt; doesn&amp;apos;t match actual status code &amp;lt;500&amp;gt;.
">
      <![CDATA[java.lang.AssertionError: 1 expectation failed.
Expected status code <200> doesn't match actual status code <500>.

	at org.codehaus.groovy.runtime.callsite.ConstructorSite$ConstructorSiteNoUnwrap.callConstructor(ConstructorSite.java:84)
	at org.codehaus.groovy.runtime.callsite.AbstractCallSite.callConstructor(AbstractCallSite.java:247)
	at io.restassured.internal.ResponseSpecificationImpl$HamcrestAssertionClosure.validate(ResponseSpecificationImpl.groovy:470)
	at io.restassured.internal.ResponseSpecificationImpl$HamcrestAssertionClosure$validate$1.call(Unknown Source)
	at io.restassured.internal.ResponseSpecificationImpl.validateResponseIfRequired(ResponseSpecificationImpl.groovy:632)
	at org.codehaus.groovy.runtime.callsite.PogoMetaMethodSite$PogoCachedMethodSiteNoUnwrapNoCoerce.invoke(PogoMetaMethodSite.java:210)
	at org.codehaus.groovy.runtime.callsite.PogoMetaMethodSite.callCurrent(PogoMetaMethodSite.java:59)
	at org.codehaus.groovy.runtime.callsite.AbstractCallSite.callCurrent(AbstractCallSite.java:166)
	at io.restassured.internal.ResponseSpecificationImpl.statusCode(ResponseSpecificationImpl.groovy:121)
	at io.restassured.specification.ResponseSpecification$statusCode$2.callCurrent(Unknown Source)
	at io.restassured.internal.ResponseSpecificationImpl.statusCode(ResponseSpecificationImpl.groovy:129)
	at io.restassured.internal.ValidatableResponseOptionsImpl.statusCode(ValidatableResponseOptionsImpl.java:117)
	at com.l1.interop.SPSPClientProxyFunctionalTest.quoteDestinationAmount_ForValidReceiver_ShouldReceive200_ShouldReceiveValidResponse(SPSPClientProxyFunctionalTest.java:454)
... Removed 34 stack frames]]>
    </failure>
  </testcase> <!-- quoteDestinationAmount_ForValidReceiver_ShouldReceive200_ShouldReceiveValidResponse -->
  <testcase name="quoteDestinationAmount_ForValidReceiver_ShouldReceive200_ShouldReceiveValidResponse" time="0.269" classname="com.l1.interop.SPSPClientProxyFunctionalTest">
    <failure type="java.lang.AssertionError" message="1 expectation failed.
Expected status code &amp;lt;200&amp;gt; doesn&amp;apos;t match actual status code &amp;lt;500&amp;gt;.
">
      <![CDATA[java.lang.AssertionError: 1 expectation failed.
Expected status code <200> doesn't match actual status code <500>.

	at org.codehaus.groovy.runtime.callsite.ConstructorSite$ConstructorSiteNoUnwrap.callConstructor(ConstructorSite.java:84)
	at org.codehaus.groovy.runtime.callsite.AbstractCallSite.callConstructor(AbstractCallSite.java:247)
	at io.restassured.internal.ResponseSpecificationImpl$HamcrestAssertionClosure.validate(ResponseSpecificationImpl.groovy:470)
	at io.restassured.internal.ResponseSpecificationImpl$HamcrestAssertionClosure$validate$1.call(Unknown Source)
	at io.restassured.internal.ResponseSpecificationImpl.validateResponseIfRequired(ResponseSpecificationImpl.groovy:632)
	at org.codehaus.groovy.runtime.callsite.PogoMetaMethodSite$PogoCachedMethodSiteNoUnwrapNoCoerce.invoke(PogoMetaMethodSite.java:210)
	at org.codehaus.groovy.runtime.callsite.PogoMetaMethodSite.callCurrent(PogoMetaMethodSite.java:59)
	at org.codehaus.groovy.runtime.callsite.AbstractCallSite.callCurrent(AbstractCallSite.java:166)
	at io.restassured.internal.ResponseSpecificationImpl.statusCode(ResponseSpecificationImpl.groovy:121)
	at io.restassured.specification.ResponseSpecification$statusCode$2.callCurrent(Unknown Source)
	at io.restassured.internal.ResponseSpecificationImpl.statusCode(ResponseSpecificationImpl.groovy:129)
	at io.restassured.internal.ValidatableResponseOptionsImpl.statusCode(ValidatableResponseOptionsImpl.java:117)
	at com.l1.interop.SPSPClientProxyFunctionalTest.quoteDestinationAmount_ForValidReceiver_ShouldReceive200_ShouldReceiveValidResponse(SPSPClientProxyFunctionalTest.java:454)
... Removed 34 stack frames]]>
    </failure>
  </testcase> <!-- quoteDestinationAmount_ForValidReceiver_ShouldReceive200_ShouldReceiveValidResponse -->
  <testcase name="query_ForValidReceiver_ShouldReceive200_ShouldReceiveValidResponse" time="0.334" classname="com.l1.interop.SPSPClientProxyFunctionalTest">
    <failure type="java.lang.AssertionError" message="response http code
Expected: &amp;lt;200&amp;gt;
     but: was &amp;lt;500&amp;gt;">
      <![CDATA[java.lang.AssertionError: response http code
Expected: <200>
     but: was <500>
	at org.hamcrest.MatcherAssert.assertThat(MatcherAssert.java:20)
	at com.l1.interop.SPSPClientProxyFunctionalTest.query_ForValidReceiver_ShouldReceive200_ShouldReceiveValidResponse(SPSPClientProxyFunctionalTest.java:265)
... Removed 24 stack frames]]>
    </failure>
  </testcase> <!-- query_ForValidReceiver_ShouldReceive200_ShouldReceiveValidResponse -->
  <testcase name="query_ForValidReceiver_ShouldReceive200_ShouldReceiveValidResponse" time="0.322" classname="com.l1.interop.SPSPClientProxyFunctionalTest">
    <failure type="java.lang.AssertionError" message="response http code
Expected: &amp;lt;200&amp;gt;
     but: was &amp;lt;500&amp;gt;">
      <![CDATA[java.lang.AssertionError: response http code
Expected: <200>
     but: was <500>
	at org.hamcrest.MatcherAssert.assertThat(MatcherAssert.java:20)
	at com.l1.interop.SPSPClientProxyFunctionalTest.query_ForValidReceiver_ShouldReceive200_ShouldReceiveValidResponse(SPSPClientProxyFunctionalTest.java:265)
... Removed 24 stack frames]]>
    </failure>
  </testcase> <!-- query_ForValidReceiver_ShouldReceive200_ShouldReceiveValidResponse -->
  <testcase name="quoteSourceAmount_ForInValidReceiver_ShouldRecive404_ShouldReceiveErrorResponse" time="0.215" classname="com.l1.interop.SPSPClientProxyFunctionalTest">
    <failure type="java.lang.AssertionError" message="1 expectation failed.
Expected status code &amp;lt;404&amp;gt; doesn&amp;apos;t match actual status code &amp;lt;400&amp;gt;.
">
      <![CDATA[java.lang.AssertionError: 1 expectation failed.
Expected status code <404> doesn't match actual status code <400>.

	at org.codehaus.groovy.runtime.callsite.ConstructorSite$ConstructorSiteNoUnwrap.callConstructor(ConstructorSite.java:84)
	at org.codehaus.groovy.runtime.callsite.AbstractCallSite.callConstructor(AbstractCallSite.java:247)
	at io.restassured.internal.ResponseSpecificationImpl$HamcrestAssertionClosure.validate(ResponseSpecificationImpl.groovy:470)
	at io.restassured.internal.ResponseSpecificationImpl$HamcrestAssertionClosure$validate$1.call(Unknown Source)
	at io.restassured.internal.ResponseSpecificationImpl.validateResponseIfRequired(ResponseSpecificationImpl.groovy:632)
	at org.codehaus.groovy.runtime.callsite.PogoMetaMethodSite$PogoCachedMethodSiteNoUnwrapNoCoerce.invoke(PogoMetaMethodSite.java:210)
	at org.codehaus.groovy.runtime.callsite.PogoMetaMethodSite.callCurrent(PogoMetaMethodSite.java:59)
	at org.codehaus.groovy.runtime.callsite.AbstractCallSite.callCurrent(AbstractCallSite.java:166)
	at io.restassured.internal.ResponseSpecificationImpl.statusCode(ResponseSpecificationImpl.groovy:121)
	at io.restassured.specification.ResponseSpecification$statusCode$2.callCurrent(Unknown Source)
	at io.restassured.internal.ResponseSpecificationImpl.statusCode(ResponseSpecificationImpl.groovy:129)
	at io.restassured.internal.ValidatableResponseOptionsImpl.statusCode(ValidatableResponseOptionsImpl.java:117)
	at com.l1.interop.SPSPClientProxyFunctionalTest.quoteSourceAmount_ForInValidReceiver_ShouldRecive404_ShouldReceiveErrorResponse(SPSPClientProxyFunctionalTest.java:409)
... Removed 34 stack frames]]>
    </failure>
  </testcase> <!-- quoteSourceAmount_ForInValidReceiver_ShouldRecive404_ShouldReceiveErrorResponse -->
  <testcase name="quoteSourceAmount_ForInValidReceiver_ShouldRecive404_ShouldReceiveErrorResponse" time="0.163" classname="com.l1.interop.SPSPClientProxyFunctionalTest">
    <failure type="java.lang.AssertionError" message="1 expectation failed.
Expected status code &amp;lt;404&amp;gt; doesn&amp;apos;t match actual status code &amp;lt;400&amp;gt;.
">
      <![CDATA[java.lang.AssertionError: 1 expectation failed.
Expected status code <404> doesn't match actual status code <400>.

	at org.codehaus.groovy.runtime.callsite.ConstructorSite$ConstructorSiteNoUnwrap.callConstructor(ConstructorSite.java:84)
	at org.codehaus.groovy.runtime.callsite.AbstractCallSite.callConstructor(AbstractCallSite.java:247)
	at io.restassured.internal.ResponseSpecificationImpl$HamcrestAssertionClosure.validate(ResponseSpecificationImpl.groovy:470)
	at io.restassured.internal.ResponseSpecificationImpl$HamcrestAssertionClosure$validate$1.call(Unknown Source)
	at io.restassured.internal.ResponseSpecificationImpl.validateResponseIfRequired(ResponseSpecificationImpl.groovy:632)
	at org.codehaus.groovy.runtime.callsite.PogoMetaMethodSite$PogoCachedMethodSiteNoUnwrapNoCoerce.invoke(PogoMetaMethodSite.java:210)
	at org.codehaus.groovy.runtime.callsite.PogoMetaMethodSite.callCurrent(PogoMetaMethodSite.java:59)
	at org.codehaus.groovy.runtime.callsite.AbstractCallSite.callCurrent(AbstractCallSite.java:166)
	at io.restassured.internal.ResponseSpecificationImpl.statusCode(ResponseSpecificationImpl.groovy:121)
	at io.restassured.specification.ResponseSpecification$statusCode$2.callCurrent(Unknown Source)
	at io.restassured.internal.ResponseSpecificationImpl.statusCode(ResponseSpecificationImpl.groovy:129)
	at io.restassured.internal.ValidatableResponseOptionsImpl.statusCode(ValidatableResponseOptionsImpl.java:117)
	at com.l1.interop.SPSPClientProxyFunctionalTest.quoteSourceAmount_ForInValidReceiver_ShouldRecive404_ShouldReceiveErrorResponse(SPSPClientProxyFunctionalTest.java:409)
... Removed 34 stack frames]]>
    </failure>
  </testcase> <!-- quoteSourceAmount_ForInValidReceiver_ShouldRecive404_ShouldReceiveErrorResponse -->
  <testcase name="setUp_ForValidReceiver_ShouldReturn201_ShouldReturnValidResponse" time="0.205" classname="com.l1.interop.SPSPClientProxyFunctionalTest">
    <failure type="java.lang.AssertionError" message="1 expectation failed.
Expected status code &amp;lt;201&amp;gt; doesn&amp;apos;t match actual status code &amp;lt;500&amp;gt;.
">
      <![CDATA[java.lang.AssertionError: 1 expectation failed.
Expected status code <201> doesn't match actual status code <500>.

	at org.codehaus.groovy.runtime.callsite.ConstructorSite$ConstructorSiteNoUnwrap.callConstructor(ConstructorSite.java:84)
	at org.codehaus.groovy.runtime.callsite.AbstractCallSite.callConstructor(AbstractCallSite.java:247)
	at io.restassured.internal.ResponseSpecificationImpl$HamcrestAssertionClosure.validate(ResponseSpecificationImpl.groovy:470)
	at io.restassured.internal.ResponseSpecificationImpl$HamcrestAssertionClosure$validate$1.call(Unknown Source)
	at io.restassured.internal.ResponseSpecificationImpl.validateResponseIfRequired(ResponseSpecificationImpl.groovy:632)
	at org.codehaus.groovy.runtime.callsite.PogoMetaMethodSite$PogoCachedMethodSiteNoUnwrapNoCoerce.invoke(PogoMetaMethodSite.java:210)
	at org.codehaus.groovy.runtime.callsite.PogoMetaMethodSite.callCurrent(PogoMetaMethodSite.java:59)
	at org.codehaus.groovy.runtime.callsite.AbstractCallSite.callCurrent(AbstractCallSite.java:166)
	at io.restassured.internal.ResponseSpecificationImpl.statusCode(ResponseSpecificationImpl.groovy:121)
	at io.restassured.specification.ResponseSpecification$statusCode$2.callCurrent(Unknown Source)
	at io.restassured.internal.ResponseSpecificationImpl.statusCode(ResponseSpecificationImpl.groovy:129)
	at io.restassured.internal.ValidatableResponseOptionsImpl.statusCode(ValidatableResponseOptionsImpl.java:117)
	at com.l1.interop.SPSPClientProxyFunctionalTest.setUp_ForValidReceiver_ShouldReturn201_ShouldReturnValidResponse(SPSPClientProxyFunctionalTest.java:550)
... Removed 34 stack frames]]>
    </failure>
  </testcase> <!-- setUp_ForValidReceiver_ShouldReturn201_ShouldReturnValidResponse -->
  <testcase name="quoteSourceAmount_ForValidReceiver_ShouldRecive200_ShouldReceiveValidResponse" time="0.185" classname="com.l1.interop.SPSPClientProxyFunctionalTest">
    <failure type="java.lang.AssertionError" message="1 expectation failed.
Expected status code &amp;lt;200&amp;gt; doesn&amp;apos;t match actual status code &amp;lt;500&amp;gt;.
">
      <![CDATA[java.lang.AssertionError: 1 expectation failed.
Expected status code <200> doesn't match actual status code <500>.

	at org.codehaus.groovy.runtime.callsite.ConstructorSite$ConstructorSiteNoUnwrap.callConstructor(ConstructorSite.java:84)
	at org.codehaus.groovy.runtime.callsite.AbstractCallSite.callConstructor(AbstractCallSite.java:247)
	at io.restassured.internal.ResponseSpecificationImpl$HamcrestAssertionClosure.validate(ResponseSpecificationImpl.groovy:470)
	at io.restassured.internal.ResponseSpecificationImpl$HamcrestAssertionClosure$validate$1.call(Unknown Source)
	at io.restassured.internal.ResponseSpecificationImpl.validateResponseIfRequired(ResponseSpecificationImpl.groovy:632)
	at org.codehaus.groovy.runtime.callsite.PogoMetaMethodSite$PogoCachedMethodSiteNoUnwrapNoCoerce.invoke(PogoMetaMethodSite.java:210)
	at org.codehaus.groovy.runtime.callsite.PogoMetaMethodSite.callCurrent(PogoMetaMethodSite.java:59)
	at org.codehaus.groovy.runtime.callsite.AbstractCallSite.callCurrent(AbstractCallSite.java:166)
	at io.restassured.internal.ResponseSpecificationImpl.statusCode(ResponseSpecificationImpl.groovy:121)
	at io.restassured.specification.ResponseSpecification$statusCode$2.callCurrent(Unknown Source)
	at io.restassured.internal.ResponseSpecificationImpl.statusCode(ResponseSpecificationImpl.groovy:129)
	at io.restassured.internal.ValidatableResponseOptionsImpl.statusCode(ValidatableResponseOptionsImpl.java:117)
	at com.l1.interop.SPSPClientProxyFunctionalTest.quoteSourceAmount_ForValidReceiver_ShouldRecive200_ShouldReceiveValidResponse(SPSPClientProxyFunctionalTest.java:366)
... Removed 34 stack frames]]>
    </failure>
  </testcase> <!-- quoteSourceAmount_ForValidReceiver_ShouldRecive200_ShouldReceiveValidResponse -->
  <testcase name="quoteSourceAmount_ForValidReceiver_ShouldRecive200_ShouldReceiveValidResponse" time="0.169" classname="com.l1.interop.SPSPClientProxyFunctionalTest">
    <failure type="java.lang.AssertionError" message="1 expectation failed.
Expected status code &amp;lt;200&amp;gt; doesn&amp;apos;t match actual status code &amp;lt;500&amp;gt;.
">
      <![CDATA[java.lang.AssertionError: 1 expectation failed.
Expected status code <200> doesn't match actual status code <500>.

	at org.codehaus.groovy.runtime.callsite.ConstructorSite$ConstructorSiteNoUnwrap.callConstructor(ConstructorSite.java:84)
	at org.codehaus.groovy.runtime.callsite.AbstractCallSite.callConstructor(AbstractCallSite.java:247)
	at io.restassured.internal.ResponseSpecificationImpl$HamcrestAssertionClosure.validate(ResponseSpecificationImpl.groovy:470)
	at io.restassured.internal.ResponseSpecificationImpl$HamcrestAssertionClosure$validate$1.call(Unknown Source)
	at io.restassured.internal.ResponseSpecificationImpl.validateResponseIfRequired(ResponseSpecificationImpl.groovy:632)
	at org.codehaus.groovy.runtime.callsite.PogoMetaMethodSite$PogoCachedMethodSiteNoUnwrapNoCoerce.invoke(PogoMetaMethodSite.java:210)
	at org.codehaus.groovy.runtime.callsite.PogoMetaMethodSite.callCurrent(PogoMetaMethodSite.java:59)
	at org.codehaus.groovy.runtime.callsite.AbstractCallSite.callCurrent(AbstractCallSite.java:166)
	at io.restassured.internal.ResponseSpecificationImpl.statusCode(ResponseSpecificationImpl.groovy:121)
	at io.restassured.specification.ResponseSpecification$statusCode$2.callCurrent(Unknown Source)
	at io.restassured.internal.ResponseSpecificationImpl.statusCode(ResponseSpecificationImpl.groovy:129)
	at io.restassured.internal.ValidatableResponseOptionsImpl.statusCode(ValidatableResponseOptionsImpl.java:117)
	at com.l1.interop.SPSPClientProxyFunctionalTest.quoteSourceAmount_ForValidReceiver_ShouldRecive200_ShouldReceiveValidResponse(SPSPClientProxyFunctionalTest.java:366)
... Removed 34 stack frames]]>
    </failure>
  </testcase> <!-- quoteSourceAmount_ForValidReceiver_ShouldRecive200_ShouldReceiveValidResponse -->
  <testcase name="invoice_POST_ForValidInvoice_ShouldReceiveInvoiceDetailValidResponse" time="0.978" classname="com.l1.interop.SPSPClientProxyFunctionalTest">
    <failure type="java.lang.AssertionError" message="
Expected: not a string containing &amp;quot;Not Found&amp;quot;
     but: was &amp;quot;\&amp;quot;Not Found\&amp;quot;&amp;quot;">
      <![CDATA[java.lang.AssertionError: 
Expected: not a string containing "Not Found"
     but: was "\"Not Found\""
	at org.hamcrest.MatcherAssert.assertThat(MatcherAssert.java:20)
	at org.hamcrest.MatcherAssert.assertThat(MatcherAssert.java:8)
	at com.l1.interop.SPSPClientProxyFunctionalTest.invoice_POST_ForValidInvoice_ShouldReceiveInvoiceDetailValidResponse(SPSPClientProxyFunctionalTest.java:979)
... Removed 24 stack frames]]>
    </failure>
  </testcase> <!-- invoice_POST_ForValidInvoice_ShouldReceiveInvoiceDetailValidResponse -->
  <testcase name="invoice_POST_ForValidInvoice_ShouldReceiveInvoiceDetailValidResponse" time="0.67" classname="com.l1.interop.SPSPClientProxyFunctionalTest">
    <failure type="java.lang.AssertionError" message="
Expected: not a string containing &amp;quot;Not Found&amp;quot;
     but: was &amp;quot;\&amp;quot;Not Found\&amp;quot;&amp;quot;">
      <![CDATA[java.lang.AssertionError: 
Expected: not a string containing "Not Found"
     but: was "\"Not Found\""
	at org.hamcrest.MatcherAssert.assertThat(MatcherAssert.java:20)
	at org.hamcrest.MatcherAssert.assertThat(MatcherAssert.java:8)
	at com.l1.interop.SPSPClientProxyFunctionalTest.invoice_POST_ForValidInvoice_ShouldReceiveInvoiceDetailValidResponse(SPSPClientProxyFunctionalTest.java:979)
... Removed 24 stack frames]]>
    </failure>
  </testcase> <!-- invoice_POST_ForValidInvoice_ShouldReceiveInvoiceDetailValidResponse -->
  <testcase name="invoice_POST_ForValidInvoice_ShouldReceiveInvoiceDetailValidResponse" time="0.623" classname="com.l1.interop.SPSPClientProxyFunctionalTest">
    <failure type="java.lang.AssertionError" message="
Expected: not a string containing &amp;quot;Not Found&amp;quot;
     but: was &amp;quot;\&amp;quot;Not Found\&amp;quot;&amp;quot;">
      <![CDATA[java.lang.AssertionError: 
Expected: not a string containing "Not Found"
     but: was "\"Not Found\""
	at org.hamcrest.MatcherAssert.assertThat(MatcherAssert.java:20)
	at org.hamcrest.MatcherAssert.assertThat(MatcherAssert.java:8)
	at com.l1.interop.SPSPClientProxyFunctionalTest.invoice_POST_ForValidInvoice_ShouldReceiveInvoiceDetailValidResponse(SPSPClientProxyFunctionalTest.java:979)
... Removed 24 stack frames]]>
    </failure>
  </testcase> <!-- invoice_POST_ForValidInvoice_ShouldReceiveInvoiceDetailValidResponse -->
  <testcase name="query_InValidReceiver_ShouldReceive404_ShouldReceiveErrorResponse" time="30.334" classname="com.l1.interop.SPSPClientProxyFunctionalTest">
    <failure type="java.lang.AssertionError" message="1 expectation failed.
Expected status code &amp;lt;404&amp;gt; doesn&amp;apos;t match actual status code &amp;lt;500&amp;gt;.
">
      <![CDATA[java.lang.AssertionError: 1 expectation failed.
Expected status code <404> doesn't match actual status code <500>.

	at org.codehaus.groovy.runtime.callsite.ConstructorSite$ConstructorSiteNoUnwrap.callConstructor(ConstructorSite.java:84)
	at org.codehaus.groovy.runtime.callsite.AbstractCallSite.callConstructor(AbstractCallSite.java:247)
	at io.restassured.internal.ResponseSpecificationImpl$HamcrestAssertionClosure.validate(ResponseSpecificationImpl.groovy:470)
	at io.restassured.internal.ResponseSpecificationImpl$HamcrestAssertionClosure$validate$1.call(Unknown Source)
	at io.restassured.internal.ResponseSpecificationImpl.validateResponseIfRequired(ResponseSpecificationImpl.groovy:632)
	at org.codehaus.groovy.runtime.callsite.PogoMetaMethodSite$PogoCachedMethodSiteNoUnwrapNoCoerce.invoke(PogoMetaMethodSite.java:210)
	at org.codehaus.groovy.runtime.callsite.PogoMetaMethodSite.callCurrent(PogoMetaMethodSite.java:59)
	at org.codehaus.groovy.runtime.callsite.AbstractCallSite.callCurrent(AbstractCallSite.java:166)
	at io.restassured.internal.ResponseSpecificationImpl.statusCode(ResponseSpecificationImpl.groovy:121)
	at io.restassured.specification.ResponseSpecification$statusCode$2.callCurrent(Unknown Source)
	at io.restassured.internal.ResponseSpecificationImpl.statusCode(ResponseSpecificationImpl.groovy:129)
	at io.restassured.internal.ValidatableResponseOptionsImpl.statusCode(ValidatableResponseOptionsImpl.java:117)
	at com.l1.interop.SPSPClientProxyFunctionalTest.query_InValidReceiver_ShouldReceive404_ShouldReceiveErrorResponse(SPSPClientProxyFunctionalTest.java:324)
... Removed 34 stack frames]]>
    </failure>
  </testcase> <!-- query_InValidReceiver_ShouldReceive404_ShouldReceiveErrorResponse -->
</testsuite> <!-- Default test(failed) -->
