<?xml version="1.0" encoding="UTF-8" ?>
<testsuite tests="16" failures="2" name="TestSuite" time="17.606" errors="0" skipped="0">
  <properties>
[...]
</properties>
  <testcase classname="com.l1.interop.DirectoryFunctionalTest" name="lookupExistingUser" time="1.427"/>
  <testcase classname="com.l1.interop.DirectoryFunctionalTest" name="lookupExistingUser" time="0.224"/>
  <testcase classname="com.l1.interop.DirectoryFunctionalTest" name="lookupNonExistingUser" time="0.21"/>
  <testcase classname="com.l1.interop.ILPLedgerAdapterFunctionalTest" name="accounts" time="0.3"/>
  <testcase classname="com.l1.interop.ILPLedgerAdapterFunctionalTest" name="createNewAccount" time="0.184"/>
  <testcase classname="com.l1.interop.ILPLedgerAdapterFunctionalTest" name="executePreparedTransfer" time="0.699">
    <failure message="1 expectation failed.
Expected status code &lt;201&gt; doesn&apos;t match actual status code &lt;200&gt;.
" type="java.lang.AssertionError">java.lang.AssertionError: 1 expectation failed.
Expected status code &lt;201&gt; doesn&apos;t match actual status code &lt;200&gt;.
	at sun.reflect.NativeConstructorAccessorImpl.newInstance0(Native Method)
	at sun.reflect.NativeConstructorAccessorImpl.newInstance(NativeConstructorAccessorImpl.java:62)
	at sun.reflect.DelegatingConstructorAccessorImpl.newInstance(DelegatingConstructorAccessorImpl.java:45)
	at java.lang.reflect.Constructor.newInstance(Constructor.java:423)
	at org.codehaus.groovy.reflection.CachedConstructor.invoke(CachedConstructor.java:80)
	at org.codehaus.groovy.reflection.CachedConstructor.doConstructorInvoke(CachedConstructor.java:74)
	at org.codehaus.groovy.runtime.callsite.ConstructorSite$ConstructorSiteNoUnwrap.callConstructor(ConstructorSite.java:84)
	at org.codehaus.groovy.runtime.callsite.CallSiteArray.defaultCallConstructor(CallSiteArray.java:60)
	at org.codehaus.groovy.runtime.callsite.AbstractCallSite.callConstructor(AbstractCallSite.java:235)
	at org.codehaus.groovy.runtime.callsite.AbstractCallSite.callConstructor(AbstractCallSite.java:247)
	at com.jayway.restassured.internal.ResponseSpecificationImpl$HamcrestAssertionClosure.validate(ResponseSpecificationImpl.groovy:598)
	at com.jayway.restassured.internal.ResponseSpecificationImpl$HamcrestAssertionClosure$validate$1.call(Unknown Source)
	at com.jayway.restassured.internal.ResponseSpecificationImpl.validateResponseIfRequired(ResponseSpecificationImpl.groovy:760)
	at sun.reflect.NativeMethodAccessorImpl.invoke0(Native Method)
	at sun.reflect.NativeMethodAccessorImpl.invoke(NativeMethodAccessorImpl.java:62)
	at sun.reflect.DelegatingMethodAccessorImpl.invoke(DelegatingMethodAccessorImpl.java:43)
	at java.lang.reflect.Method.invoke(Method.java:498)
	at org.codehaus.groovy.runtime.callsite.PogoMetaMethodSite$PogoCachedMethodSiteNoUnwrapNoCoerce.invoke(PogoMetaMethodSite.java:210)
	at org.codehaus.groovy.runtime.callsite.PogoMetaMethodSite.callCurrent(PogoMetaMethodSite.java:59)
	at org.codehaus.groovy.runtime.callsite.AbstractCallSite.callCurrent(AbstractCallSite.java:166)
	at com.jayway.restassured.internal.ResponseSpecificationImpl.statusCode(ResponseSpecificationImpl.groovy:120)
	at com.jayway.restassured.specification.ResponseSpecification$statusCode$0.callCurrent(Unknown Source)
	at com.jayway.restassured.internal.ResponseSpecificationImpl.statusCode(ResponseSpecificationImpl.groovy:128)
	at com.jayway.restassured.internal.ValidatableResponseOptionsImpl.statusCode(ValidatableResponseOptionsImpl.java:117)
	at com.l1.interop.ILPLedgerAdapterFunctionalTest.executePreparedTransfer(ILPLedgerAdapterFunctionalTest.java:189)
</failure>
  </testcase>
  <testcase classname="com.l1.interop.ILPLedgerAdapterFunctionalTest" name="prepareTransferForExistingUsers" time="0.772">
    <failure message="1 expectation failed.
JSON path state doesn&apos;t match.
Expected: proposed
  Actual: prepared
" type="java.lang.AssertionError">java.lang.AssertionError: 1 expectation failed.
JSON path state doesn&apos;t match.
Expected: proposed
  Actual: prepared
	at sun.reflect.NativeConstructorAccessorImpl.newInstance0(Native Method)
	at sun.reflect.NativeConstructorAccessorImpl.newInstance(NativeConstructorAccessorImpl.java:62)
	at sun.reflect.DelegatingConstructorAccessorImpl.newInstance(DelegatingConstructorAccessorImpl.java:45)
	at java.lang.reflect.Constructor.newInstance(Constructor.java:423)
	at org.codehaus.groovy.reflection.CachedConstructor.invoke(CachedConstructor.java:80)
	at org.codehaus.groovy.reflection.CachedConstructor.doConstructorInvoke(CachedConstructor.java:74)
	at org.codehaus.groovy.runtime.callsite.ConstructorSite$ConstructorSiteNoUnwrap.callConstructor(ConstructorSite.java:84)
	at org.codehaus.groovy.runtime.callsite.AbstractCallSite.callConstructor(AbstractCallSite.java:247)
	at com.jayway.restassured.internal.ResponseSpecificationImpl$HamcrestAssertionClosure.validate(ResponseSpecificationImpl.groovy:598)
	at com.jayway.restassured.internal.ResponseSpecificationImpl$HamcrestAssertionClosure$validate$1.call(Unknown Source)
	at com.jayway.restassured.internal.ResponseSpecificationImpl.validateResponseIfRequired(ResponseSpecificationImpl.groovy:760)
	at sun.reflect.NativeMethodAccessorImpl.invoke0(Native Method)
	at sun.reflect.NativeMethodAccessorImpl.invoke(NativeMethodAccessorImpl.java:62)
	at sun.reflect.DelegatingMethodAccessorImpl.invoke(DelegatingMethodAccessorImpl.java:43)
	at java.lang.reflect.Method.invoke(Method.java:498)
	at org.codehaus.groovy.runtime.callsite.PogoMetaMethodSite$PogoCachedMethodSiteNoUnwrapNoCoerce.invoke(PogoMetaMethodSite.java:210)
	at org.codehaus.groovy.runtime.callsite.PogoMetaMethodSite.callCurrent(PogoMetaMethodSite.java:59)
	at org.codehaus.groovy.runtime.callsite.AbstractCallSite.callCurrent(AbstractCallSite.java:166)
	at com.jayway.restassured.internal.ResponseSpecificationImpl.content(ResponseSpecificationImpl.groovy:251)
	at com.jayway.restassured.specification.ResponseSpecification$content$1.callCurrent(Unknown Source)
	at org.codehaus.groovy.runtime.callsite.CallSiteArray.defaultCallCurrent(CallSiteArray.java:52)
	at com.jayway.restassured.specification.ResponseSpecification$content$1.callCurrent(Unknown Source)
	at com.jayway.restassured.internal.ResponseSpecificationImpl.body(ResponseSpecificationImpl.groovy:234)
	at com.jayway.restassured.internal.ValidatableResponseOptionsImpl.body(ValidatableResponseOptionsImpl.java:264)
	at com.l1.interop.ILPLedgerAdapterFunctionalTest.prepareTransferForExistingUsers(ILPLedgerAdapterFunctionalTest.java:136)
</failure>
  </testcase>
  <testcase classname="com.l1.interop.SPSPClientProxyFunctionalTest" name="paymentExistingReceiver" time="10.849"/>
  <testcase classname="com.l1.interop.SPSPClientProxyFunctionalTest" name="queryExistingReceiver" time="0.266"/>
  <testcase classname="com.l1.interop.SPSPClientProxyFunctionalTest" name="queryExistingReceiver" time="0.406"/>
  <testcase classname="com.l1.interop.SPSPClientProxyFunctionalTest" name="queryNonExistingReceiver" time="0.271"/>
  <testcase classname="com.l1.interop.SPSPClientProxyFunctionalTest" name="quoteSourceAmountForExistingReceiver" time="0.604"/>
  <testcase classname="com.l1.interop.SPSPClientProxyFunctionalTest" name="quoteSourceAmountForExistingReceiver" time="0.589"/>
  <testcase classname="com.l1.interop.SPSPClientProxyFunctionalTest" name="quoteSourceAmountForNonExistingReceiver" time="0.183"/>
  <testcase classname="com.l1.interop.SPSPClientProxyFunctionalTest" name="setUpExistingReceiver" time="0.372"/>
  <testcase classname="com.l1.interop.SPSPClientProxyFunctionalTest" name="setUpNonExistingReceiver" time="0.25"/>
</testsuite>