<?xml version="1.0" encoding="UTF-8"?>
<testng-results skipped="0" failed="0" total="1" passed="1">
  <reporter-output>
  </reporter-output>
  <suite name="Default suite" duration-ms="4215" started-at="2017-02-27T22:33:41Z" finished-at="2017-02-27T22:33:45Z">
    <groups>
      <group name="ilp_ledger_adapater_prepare_transfer">
        <method signature="ILPLedgerAdapterFunctionalTest.prepareTransfer_ForValidSenderAndReceiver_ShouldReturn200_ShouldReturnValidResponse(java.lang.String, java.lang.String, java.lang.String)[pri:0, instance:com.l1.interop.ILPLedgerAdapterFunctionalTest@6279cee3]" name="prepareTransfer_ForValidSenderAndReceiver_ShouldReturn200_ShouldReturnValidResponse" class="com.l1.interop.ILPLedgerAdapterFunctionalTest"/>
      </group> <!-- ilp_ledger_adapater_prepare_transfer -->
      <group name="ilp_ledger_adapater_all">
        <method signature="ILPLedgerAdapterFunctionalTest.prepareTransfer_ForValidSenderAndReceiver_ShouldReturn200_ShouldReturnValidResponse(java.lang.String, java.lang.String, java.lang.String)[pri:0, instance:com.l1.interop.ILPLedgerAdapterFunctionalTest@6279cee3]" name="prepareTransfer_ForValidSenderAndReceiver_ShouldReturn200_ShouldReturnValidResponse" class="com.l1.interop.ILPLedgerAdapterFunctionalTest"/>
      </group> <!-- ilp_ledger_adapater_all -->
    </groups>
    <test name="Default test" duration-ms="4215" started-at="2017-02-27T22:33:41Z" finished-at="2017-02-27T22:33:45Z">
      <class name="com.l1.interop.ILPLedgerAdapterFunctionalTest">
        <test-method status="PASS" signature="setup()[pri:0, instance:com.l1.interop.ILPLedgerAdapterFunctionalTest@6279cee3]" name="setup" is-config="true" duration-ms="1145" started-at="2017-02-27T15:33:41Z" finished-at="2017-02-27T15:33:42Z">
          <reporter-output>
          </reporter-output>
        </test-method> <!-- setup -->
        <test-method status="PASS" signature="beforeClass()[pri:0, instance:com.l1.interop.ILPLedgerAdapterFunctionalTest@6279cee3]" name="beforeClass" is-config="true" duration-ms="3" started-at="2017-02-27T15:33:42Z" finished-at="2017-02-27T15:33:42Z">
          <reporter-output>
          </reporter-output>
        </test-method> <!-- beforeClass -->
        <test-method status="PASS" signature="prepareTransfer_ForValidSenderAndReceiver_ShouldReturn200_ShouldReturnValidResponse(java.lang.String, java.lang.String, java.lang.String)[pri:0, instance:com.l1.interop.ILPLedgerAdapterFunctionalTest@6279cee3]" name="prepareTransfer_ForValidSenderAndReceiver_ShouldReturn200_ShouldReturnValidResponse" duration-ms="3050" started-at="2017-02-27T15:33:42Z" data-provider="prepare_transfer_positive" finished-at="2017-02-27T15:33:45Z">
          <params>
            <param index="0">
              <value>
                <![CDATA[bob]]>
              </value>
            </param>
            <param index="1">
              <value>
                <![CDATA[alice]]>
              </value>
            </param>
            <param index="2">
              <value>
                <![CDATA[100]]>
              </value>
            </param>
          </params>
          <reporter-output>
          </reporter-output>
        </test-method> <!-- prepareTransfer_ForValidSenderAndReceiver_ShouldReturn200_ShouldReturnValidResponse -->
        <test-method status="PASS" signature="afterClass()[pri:0, instance:com.l1.interop.ILPLedgerAdapterFunctionalTest@6279cee3]" name="afterClass" is-config="true" duration-ms="0" started-at="2017-02-27T15:33:45Z" finished-at="2017-02-27T15:33:45Z">
          <reporter-output>
          </reporter-output>
        </test-method> <!-- afterClass -->
      </class> <!-- com.l1.interop.ILPLedgerAdapterFunctionalTest -->
    </test> <!-- Default test -->
  </suite> <!-- Default suite -->
</testng-results>
