<?xml version="1.0" encoding="UTF-8"?>
<testng-results skipped="0" failed="7" total="22" passed="15">
  <reporter-output>
  </reporter-output>
  <suite name="Default suite" duration-ms="141327" started-at="2016-12-08T21:54:42Z" finished-at="2016-12-08T21:57:03Z">
    <groups>
      <group name="invoice-group">
        <method signature="SPSPClientProxyFunctionalTest.invoice_GetInvoiceDetails_ForInvalidInvoice_ShouldReceive404Response(java.lang.String, java.lang.String, java.lang.String, java.lang.String, java.lang.String, java.lang.String, java.lang.String, java.lang.String, java.lang.String)[pri:0, instance:com.l1.interop.SPSPClientProxyFunctionalTest@3972a855]" name="invoice_GetInvoiceDetails_ForInvalidInvoice_ShouldReceive404Response" class="com.l1.interop.SPSPClientProxyFunctionalTest"/>
        <method signature="SPSPClientProxyFunctionalTest.invoice_Get_Ensure404WithInvalidURL_ShouldReceive404Response(java.lang.String, java.lang.String, java.lang.String, java.lang.String, java.lang.String, java.lang.String, java.lang.String, java.lang.String, java.lang.String)[pri:0, instance:com.l1.interop.SPSPClientProxyFunctionalTest@3972a855]" name="invoice_Get_Ensure404WithInvalidURL_ShouldReceive404Response" class="com.l1.interop.SPSPClientProxyFunctionalTest"/>
        <method signature="SPSPClientProxyFunctionalTest.invoice_Get_withInvalidUri_ShoudlGet404()[pri:0, instance:com.l1.interop.SPSPClientProxyFunctionalTest@3972a855]" name="invoice_Get_withInvalidUri_ShoudlGet404" class="com.l1.interop.SPSPClientProxyFunctionalTest"/>
        <method signature="SPSPClientProxyFunctionalTest.invoice_POST_ForValidInvoice_ShouldReceiveInvoiceDetailValidResponse(java.lang.String, java.lang.String, java.lang.String, java.lang.String, java.lang.String)[pri:0, instance:com.l1.interop.SPSPClientProxyFunctionalTest@3972a855]" name="invoice_POST_ForValidInvoice_ShouldReceiveInvoiceDetailValidResponse" class="com.l1.interop.SPSPClientProxyFunctionalTest"/>
        <method signature="SPSPClientProxyFunctionalTest.invoice_POST_testingFor404ResourceNotFound()[pri:0, instance:com.l1.interop.SPSPClientProxyFunctionalTest@3972a855]" name="invoice_POST_testingFor404ResourceNotFound" class="com.l1.interop.SPSPClientProxyFunctionalTest"/>
        <method signature="SPSPClientProxyFunctionalTest.invoice_POST_testingFor415UnsupportedMediaType()[pri:0, instance:com.l1.interop.SPSPClientProxyFunctionalTest@3972a855]" name="invoice_POST_testingFor415UnsupportedMediaType" class="com.l1.interop.SPSPClientProxyFunctionalTest"/>
      </group> <!-- invoice-group -->
      <group name="quote-group">
        <method signature="SPSPClientProxyFunctionalTest.quoteDestinationAmount_ForInValidReceiver_ShouldReceive404_ShouldReceiveErrorResponse(java.lang.String, java.lang.String)[pri:0, instance:com.l1.interop.SPSPClientProxyFunctionalTest@3972a855]" name="quoteDestinationAmount_ForInValidReceiver_ShouldReceive404_ShouldReceiveErrorResponse" class="com.l1.interop.SPSPClientProxyFunctionalTest"/>
        <method signature="SPSPClientProxyFunctionalTest.quoteDestinationAmount_ForValidReceiver_ShouldReceive200_ShouldReceiveValidResponse(java.lang.String, java.lang.String)[pri:0, instance:com.l1.interop.SPSPClientProxyFunctionalTest@3972a855]" name="quoteDestinationAmount_ForValidReceiver_ShouldReceive200_ShouldReceiveValidResponse" class="com.l1.interop.SPSPClientProxyFunctionalTest"/>
        <method signature="SPSPClientProxyFunctionalTest.quoteSourceAmount_ForInValidReceiver_ShouldRecive404_ShouldReceiveErrorResponse(java.lang.String, java.lang.String)[pri:0, instance:com.l1.interop.SPSPClientProxyFunctionalTest@3972a855]" name="quoteSourceAmount_ForInValidReceiver_ShouldRecive404_ShouldReceiveErrorResponse" class="com.l1.interop.SPSPClientProxyFunctionalTest"/>
        <method signature="SPSPClientProxyFunctionalTest.quoteSourceAmount_ForValidReceiver_ShouldRecive200_ShouldReceiveValidResponse(java.lang.String, java.lang.String)[pri:0, instance:com.l1.interop.SPSPClientProxyFunctionalTest@3972a855]" name="quoteSourceAmount_ForValidReceiver_ShouldRecive200_ShouldReceiveValidResponse" class="com.l1.interop.SPSPClientProxyFunctionalTest"/>
      </group> <!-- quote-group -->
      <group name="payment-group">
        <method signature="SPSPClientProxyFunctionalTest.payment_ForValidReceiver_ShouldReceive200_ShouldReturnValidResponse(java.lang.String, java.lang.String, java.lang.String)[pri:0, instance:com.l1.interop.SPSPClientProxyFunctionalTest@3972a855]" name="payment_ForValidReceiver_ShouldReceive200_ShouldReturnValidResponse" class="com.l1.interop.SPSPClientProxyFunctionalTest"/>
      </group> <!-- payment-group -->
      <group name="setup-group">
        <method signature="SPSPClientProxyFunctionalTest.setUp_ForInValidReceiver_ShouldReturn404_ShouldReturnErrorResponse(java.lang.String, java.lang.String, java.lang.String)[pri:0, instance:com.l1.interop.SPSPClientProxyFunctionalTest@3972a855]" name="setUp_ForInValidReceiver_ShouldReturn404_ShouldReturnErrorResponse" class="com.l1.interop.SPSPClientProxyFunctionalTest"/>
        <method signature="SPSPClientProxyFunctionalTest.setUp_ForValidReceiver_ShouldReturn201_ShouldReturnValidResponse(java.lang.String, java.lang.String, java.lang.String)[pri:0, instance:com.l1.interop.SPSPClientProxyFunctionalTest@3972a855]" name="setUp_ForValidReceiver_ShouldReturn201_ShouldReturnValidResponse" class="com.l1.interop.SPSPClientProxyFunctionalTest"/>
      </group> <!-- setup-group -->
      <group name="query-group">
        <method signature="SPSPClientProxyFunctionalTest.query_ForValidReceiver_ShouldReceive200_ShouldReceiveValidResponse(java.lang.String, java.lang.String)[pri:0, instance:com.l1.interop.SPSPClientProxyFunctionalTest@3972a855]" name="query_ForValidReceiver_ShouldReceive200_ShouldReceiveValidResponse" class="com.l1.interop.SPSPClientProxyFunctionalTest"/>
        <method signature="SPSPClientProxyFunctionalTest.query_InValidReceiver_ShouldReceive404_ShouldReceiveErrorResponse(java.lang.String, java.lang.String)[pri:0, instance:com.l1.interop.SPSPClientProxyFunctionalTest@3972a855]" name="query_InValidReceiver_ShouldReceive404_ShouldReceiveErrorResponse" class="com.l1.interop.SPSPClientProxyFunctionalTest"/>
      </group> <!-- query-group -->
    </groups>
    <test name="Default test" duration-ms="141327" started-at="2016-12-08T21:54:42Z" finished-at="2016-12-08T21:57:03Z">
      <class name="com.l1.interop.SPSPClientProxyFunctionalTest">
        <test-method status="PASS" signature="setup()[pri:0, instance:com.l1.interop.SPSPClientProxyFunctionalTest@3972a855]" name="setup" is-config="true" duration-ms="1173" started-at="2016-12-08T14:54:42Z" finished-at="2016-12-08T14:54:43Z">
          <reporter-output>
          </reporter-output>
        </test-method> <!-- setup -->
        <test-method status="PASS" signature="beforeClass()[pri:0, instance:com.l1.interop.SPSPClientProxyFunctionalTest@3972a855]" name="beforeClass" is-config="true" duration-ms="2" started-at="2016-12-08T14:54:43Z" finished-at="2016-12-08T14:54:43Z">
          <reporter-output>
          </reporter-output>
        </test-method> <!-- beforeClass -->
        <test-method status="PASS" signature="invoice_GetInvoiceDetails_ForInvalidInvoice_ShouldReceive404Response(java.lang.String, java.lang.String, java.lang.String, java.lang.String, java.lang.String, java.lang.String, java.lang.String, java.lang.String, java.lang.String)[pri:0, instance:com.l1.interop.SPSPClientProxyFunctionalTest@3972a855]" name="invoice_GetInvoiceDetails_ForInvalidInvoice_ShouldReceive404Response" duration-ms="1777" started-at="2016-12-08T14:54:43Z" data-provider="invoice_GET_negative" finished-at="2016-12-08T14:54:45Z">
          <params>
            <param index="0">
              <value>
                <![CDATA[Bob]]>
              </value>
            </param>
            <param index="1">
              <value>
                <![CDATA[http://localhost:8082/spsp/client/v1/invoice?invoiceUrl=http://brian.com]]>
              </value>
            </param>
            <param index="2">
              <value>
                <![CDATA[dfsp2.bob.dylan.account]]>
              </value>
            </param>
            <param index="3">
              <value>
                <![CDATA[Bob Dylan]]>
              </value>
            </param>
            <param index="4">
              <value>
                <![CDATA[USD]]>
              </value>
            </param>
            <param index="5">
              <value>
                <![CDATA[$]]>
              </value>
            </param>
            <param index="6">
              <value>
                <![CDATA[999.99]]>
              </value>
            </param>
            <param index="7">
              <value>
                <![CDATA[unpaid]]>
              </value>
            </param>
            <param index="8">
              <value>
                <![CDATA[https://www.example.com/gp/your-account/order-details?ie=UTF8&orderID=111-7777777-1111111]]>
              </value>
            </param>
          </params>
          <reporter-output>
          </reporter-output>
        </test-method> <!-- invoice_GetInvoiceDetails_ForInvalidInvoice_ShouldReceive404Response -->
        <test-method status="PASS" signature="invoice_Get_Ensure404WithInvalidURL_ShouldReceive404Response(java.lang.String, java.lang.String, java.lang.String, java.lang.String, java.lang.String, java.lang.String, java.lang.String, java.lang.String, java.lang.String)[pri:0, instance:com.l1.interop.SPSPClientProxyFunctionalTest@3972a855]" name="invoice_Get_Ensure404WithInvalidURL_ShouldReceive404Response" duration-ms="60" started-at="2016-12-08T14:54:45Z" data-provider="invoice_GET_negative" finished-at="2016-12-08T14:54:45Z">
          <params>
            <param index="0">
              <value>
                <![CDATA[Bob]]>
              </value>
            </param>
            <param index="1">
              <value>
                <![CDATA[http://localhost:8082/spsp/client/v1/invoice?invoiceUrl=http://brian.com]]>
              </value>
            </param>
            <param index="2">
              <value>
                <![CDATA[dfsp2.bob.dylan.account]]>
              </value>
            </param>
            <param index="3">
              <value>
                <![CDATA[Bob Dylan]]>
              </value>
            </param>
            <param index="4">
              <value>
                <![CDATA[USD]]>
              </value>
            </param>
            <param index="5">
              <value>
                <![CDATA[$]]>
              </value>
            </param>
            <param index="6">
              <value>
                <![CDATA[999.99]]>
              </value>
            </param>
            <param index="7">
              <value>
                <![CDATA[unpaid]]>
              </value>
            </param>
            <param index="8">
              <value>
                <![CDATA[https://www.example.com/gp/your-account/order-details?ie=UTF8&orderID=111-7777777-1111111]]>
              </value>
            </param>
          </params>
          <reporter-output>
          </reporter-output>
        </test-method> <!-- invoice_Get_Ensure404WithInvalidURL_ShouldReceive404Response -->
        <test-method status="PASS" signature="invoice_Get_withInvalidUri_ShoudlGet404()[pri:0, instance:com.l1.interop.SPSPClientProxyFunctionalTest@3972a855]" name="invoice_Get_withInvalidUri_ShoudlGet404" duration-ms="169" started-at="2016-12-08T14:54:45Z" finished-at="2016-12-08T14:54:45Z">
          <reporter-output>
          </reporter-output>
        </test-method> <!-- invoice_Get_withInvalidUri_ShoudlGet404 -->
        <test-method status="PASS" signature="invoice_POST_ForValidInvoice_ShouldReceiveInvoiceDetailValidResponse(java.lang.String, java.lang.String, java.lang.String, java.lang.String, java.lang.String)[pri:0, instance:com.l1.interop.SPSPClientProxyFunctionalTest@3972a855]" name="invoice_POST_ForValidInvoice_ShouldReceiveInvoiceDetailValidResponse" duration-ms="1106" started-at="2016-12-08T14:54:45Z" data-provider="invoice_create_positive" finished-at="2016-12-08T14:54:46Z">
          <params>
            <param index="0">
              <value>
                <![CDATA[http://sampleurl1.com]]>
              </value>
            </param>
            <param index="1">
              <value>
                <![CDATA[sample_invoice_id1]]>
              </value>
            </param>
            <param index="2">
              <value>
                <![CDATA[http://submissionUrl.com]]>
              </value>
            </param>
            <param index="3">
              <value>
                <![CDATA[sample_senderIdentifier1]]>
              </value>
            </param>
            <param index="4">
              <value>
                <![CDATA[sample memo1]]>
              </value>
            </param>
          </params>
          <reporter-output>
          </reporter-output>
        </test-method> <!-- invoice_POST_ForValidInvoice_ShouldReceiveInvoiceDetailValidResponse -->
        <test-method status="PASS" signature="invoice_POST_ForValidInvoice_ShouldReceiveInvoiceDetailValidResponse(java.lang.String, java.lang.String, java.lang.String, java.lang.String, java.lang.String)[pri:0, instance:com.l1.interop.SPSPClientProxyFunctionalTest@3972a855]" name="invoice_POST_ForValidInvoice_ShouldReceiveInvoiceDetailValidResponse" duration-ms="139" started-at="2016-12-08T14:54:46Z" data-provider="invoice_create_positive" finished-at="2016-12-08T14:54:47Z">
          <params>
            <param index="0">
              <value>
                <![CDATA[http://sampleurl2.com]]>
              </value>
            </param>
            <param index="1">
              <value>
                <![CDATA[sample_invoice_id2]]>
              </value>
            </param>
            <param index="2">
              <value>
                <![CDATA[http://submissionUrl.com]]>
              </value>
            </param>
            <param index="3">
              <value>
                <![CDATA[sample_senderIdentifier2]]>
              </value>
            </param>
            <param index="4">
              <value>
                <![CDATA[sample memo2]]>
              </value>
            </param>
          </params>
          <reporter-output>
          </reporter-output>
        </test-method> <!-- invoice_POST_ForValidInvoice_ShouldReceiveInvoiceDetailValidResponse -->
        <test-method status="PASS" signature="invoice_POST_ForValidInvoice_ShouldReceiveInvoiceDetailValidResponse(java.lang.String, java.lang.String, java.lang.String, java.lang.String, java.lang.String)[pri:0, instance:com.l1.interop.SPSPClientProxyFunctionalTest@3972a855]" name="invoice_POST_ForValidInvoice_ShouldReceiveInvoiceDetailValidResponse" duration-ms="153" started-at="2016-12-08T14:54:47Z" data-provider="invoice_create_positive" finished-at="2016-12-08T14:54:47Z">
          <params>
            <param index="0">
              <value>
                <![CDATA[http://sampleurl3.com]]>
              </value>
            </param>
            <param index="1">
              <value>
                <![CDATA[sample_invoice_id3]]>
              </value>
            </param>
            <param index="2">
              <value>
                <![CDATA[http://submissionUrl.com]]>
              </value>
            </param>
            <param index="3">
              <value>
                <![CDATA[sample_senderIdentifier3]]>
              </value>
            </param>
            <param index="4">
              <value>
                <![CDATA[sample memo3]]>
              </value>
            </param>
          </params>
          <reporter-output>
          </reporter-output>
        </test-method> <!-- invoice_POST_ForValidInvoice_ShouldReceiveInvoiceDetailValidResponse -->
        <test-method status="PASS" signature="invoice_POST_testingFor404ResourceNotFound()[pri:0, instance:com.l1.interop.SPSPClientProxyFunctionalTest@3972a855]" name="invoice_POST_testingFor404ResourceNotFound" duration-ms="38" started-at="2016-12-08T14:54:47Z" finished-at="2016-12-08T14:54:47Z">
          <reporter-output>
          </reporter-output>
        </test-method> <!-- invoice_POST_testingFor404ResourceNotFound -->
        <test-method status="PASS" signature="invoice_POST_testingFor415UnsupportedMediaType()[pri:0, instance:com.l1.interop.SPSPClientProxyFunctionalTest@3972a855]" name="invoice_POST_testingFor415UnsupportedMediaType" duration-ms="82" started-at="2016-12-08T14:54:47Z" finished-at="2016-12-08T14:54:47Z">
          <reporter-output>
          </reporter-output>
        </test-method> <!-- invoice_POST_testingFor415UnsupportedMediaType -->
        <test-method status="PASS" signature="payment_ForValidReceiver_ShouldReceive200_ShouldReturnValidResponse(java.lang.String, java.lang.String, java.lang.String)[pri:0, instance:com.l1.interop.SPSPClientProxyFunctionalTest@3972a855]" name="payment_ForValidReceiver_ShouldReceive200_ShouldReturnValidResponse" duration-ms="329" started-at="2016-12-08T14:54:47Z" data-provider="payment_positive" finished-at="2016-12-08T14:54:47Z">
          <params>
            <param index="0">
              <value>
                <![CDATA[26547070]]>
              </value>
            </param>
            <param index="1">
              <value>
                <![CDATA[85555384]]>
              </value>
            </param>
            <param index="2">
              <value>
                <![CDATA[100]]>
              </value>
            </param>
          </params>
          <reporter-output>
          </reporter-output>
        </test-method> <!-- payment_ForValidReceiver_ShouldReceive200_ShouldReturnValidResponse -->
        <test-method status="PASS" signature="query_ForValidReceiver_ShouldReceive200_ShouldReceiveValidResponse(java.lang.String, java.lang.String)[pri:0, instance:com.l1.interop.SPSPClientProxyFunctionalTest@3972a855]" name="query_ForValidReceiver_ShouldReceive200_ShouldReceiveValidResponse" duration-ms="69187" started-at="2016-12-08T14:54:47Z" data-provider="query_positive" finished-at="2016-12-08T14:55:56Z">
          <params>
            <param index="0">
              <value>
                <![CDATA[Bob]]>
              </value>
            </param>
            <param index="1">
              <value>
                <![CDATA[http://ec2-35-163-231-111.us-west-2.compute.amazonaws.com:3043/v1/receivers/26547070]]>
              </value>
            </param>
          </params>
          <reporter-output>
          </reporter-output>
        </test-method> <!-- query_ForValidReceiver_ShouldReceive200_ShouldReceiveValidResponse -->
        <test-method status="FAIL" signature="query_ForValidReceiver_ShouldReceive200_ShouldReceiveValidResponse(java.lang.String, java.lang.String)[pri:0, instance:com.l1.interop.SPSPClientProxyFunctionalTest@3972a855]" name="query_ForValidReceiver_ShouldReceive200_ShouldReceiveValidResponse" duration-ms="66162" started-at="2016-12-08T14:55:56Z" data-provider="query_positive" finished-at="2016-12-08T14:57:03Z">
          <params>
            <param index="0">
              <value>
                <![CDATA[Alice]]>
              </value>
            </param>
            <param index="1">
              <value>
                <![CDATA[http://ec2-35-163-231-111.us-west-2.compute.amazonaws.com:3043/v1/receivers/85555384]]>
              </value>
            </param>
          </params>
          <exception class="java.lang.AssertionError">
            <message>
              <![CDATA[name
Expected: a string containing "Alice"
     but: was "Bob Dylan"]]>
            </message>
            <full-stacktrace>
              <![CDATA[java.lang.AssertionError: name
Expected: a string containing "Alice"
     but: was "Bob Dylan"
	at org.hamcrest.MatcherAssert.assertThat(MatcherAssert.java:20)
	at com.l1.interop.SPSPClientProxyFunctionalTest.query_ForValidReceiver_ShouldReceive200_ShouldReceiveValidResponse(SPSPClientProxyFunctionalTest.java:279)
	at sun.reflect.NativeMethodAccessorImpl.invoke0(Native Method)
	at sun.reflect.NativeMethodAccessorImpl.invoke(NativeMethodAccessorImpl.java:62)
	at sun.reflect.DelegatingMethodAccessorImpl.invoke(DelegatingMethodAccessorImpl.java:43)
	at java.lang.reflect.Method.invoke(Method.java:498)
	at org.testng.internal.MethodInvocationHelper.invokeMethod(MethodInvocationHelper.java:84)
	at org.testng.internal.Invoker.invokeMethod(Invoker.java:714)
	at org.testng.internal.Invoker.invokeTestMethod(Invoker.java:901)
	at org.testng.internal.Invoker.invokeTestMethods(Invoker.java:1231)
	at org.testng.internal.TestMethodWorker.invokeTestMethods(TestMethodWorker.java:127)
	at org.testng.internal.TestMethodWorker.run(TestMethodWorker.java:111)
	at org.testng.TestRunner.privateRun(TestRunner.java:767)
	at org.testng.TestRunner.run(TestRunner.java:617)
	at org.testng.SuiteRunner.runTest(SuiteRunner.java:348)
	at org.testng.SuiteRunner.runSequentially(SuiteRunner.java:343)
	at org.testng.SuiteRunner.privateRun(SuiteRunner.java:305)
	at org.testng.SuiteRunner.run(SuiteRunner.java:254)
	at org.testng.SuiteRunnerWorker.runSuite(SuiteRunnerWorker.java:52)
	at org.testng.SuiteRunnerWorker.run(SuiteRunnerWorker.java:86)
	at org.testng.TestNG.runSuitesSequentially(TestNG.java:1224)
	at org.testng.TestNG.runSuitesLocally(TestNG.java:1149)
	at org.testng.TestNG.run(TestNG.java:1057)
	at org.testng.remote.AbstractRemoteTestNG.run(AbstractRemoteTestNG.java:132)
	at org.testng.remote.RemoteTestNG.initAndRun(RemoteTestNG.java:236)
	at org.testng.remote.RemoteTestNG.main(RemoteTestNG.java:81)
]]>
            </full-stacktrace>
          </exception> <!-- java.lang.AssertionError -->
          <reporter-output>
          </reporter-output>
        </test-method> <!-- query_ForValidReceiver_ShouldReceive200_ShouldReceiveValidResponse -->
        <test-method status="FAIL" signature="query_InValidReceiver_ShouldReceive404_ShouldReceiveErrorResponse(java.lang.String, java.lang.String)[pri:0, instance:com.l1.interop.SPSPClientProxyFunctionalTest@3972a855]" name="query_InValidReceiver_ShouldReceive404_ShouldReceiveErrorResponse" duration-ms="532" started-at="2016-12-08T14:57:03Z" data-provider="query_negative" finished-at="2016-12-08T14:57:03Z">
          <params>
            <param index="0">
              <value>
                <![CDATA[Murthy]]>
              </value>
            </param>
            <param index="1">
              <value>
                <![CDATA[http://ec2-52-37-54-209.us-west-2.compute.amazonaws.com:3046/v1/receivers/murthy]]>
              </value>
            </param>
          </params>
          <exception class="java.lang.AssertionError">
            <message>
              <![CDATA[1 expectation failed.
Expected status code <404> doesn't match actual status code <200>.
]]>
            </message>
            <full-stacktrace>
              <![CDATA[java.lang.AssertionError: 1 expectation failed.
Expected status code <404> doesn't match actual status code <200>.

	at sun.reflect.NativeConstructorAccessorImpl.newInstance0(Native Method)
	at sun.reflect.NativeConstructorAccessorImpl.newInstance(NativeConstructorAccessorImpl.java:62)
	at sun.reflect.DelegatingConstructorAccessorImpl.newInstance(DelegatingConstructorAccessorImpl.java:45)
	at java.lang.reflect.Constructor.newInstance(Constructor.java:423)
	at org.codehaus.groovy.reflection.CachedConstructor.invoke(CachedConstructor.java:80)
	at org.codehaus.groovy.reflection.CachedConstructor.doConstructorInvoke(CachedConstructor.java:74)
	at org.codehaus.groovy.runtime.callsite.ConstructorSite$ConstructorSiteNoUnwrap.callConstructor(ConstructorSite.java:84)
	at org.codehaus.groovy.runtime.callsite.CallSiteArray.defaultCallConstructor(CallSiteArray.java:60)
	at org.codehaus.groovy.runtime.callsite.AbstractCallSite.callConstructor(AbstractCallSite.java:235)
	at org.codehaus.groovy.runtime.callsite.AbstractCallSite.callConstructor(AbstractCallSite.java:247)
	at io.restassured.internal.ResponseSpecificationImpl$HamcrestAssertionClosure.validate(ResponseSpecificationImpl.groovy:470)
	at io.restassured.internal.ResponseSpecificationImpl$HamcrestAssertionClosure$validate$1.call(Unknown Source)
	at io.restassured.internal.ResponseSpecificationImpl.validateResponseIfRequired(ResponseSpecificationImpl.groovy:632)
	at sun.reflect.NativeMethodAccessorImpl.invoke0(Native Method)
	at sun.reflect.NativeMethodAccessorImpl.invoke(NativeMethodAccessorImpl.java:62)
	at sun.reflect.DelegatingMethodAccessorImpl.invoke(DelegatingMethodAccessorImpl.java:43)
	at java.lang.reflect.Method.invoke(Method.java:498)
	at org.codehaus.groovy.runtime.callsite.PogoMetaMethodSite$PogoCachedMethodSiteNoUnwrapNoCoerce.invoke(PogoMetaMethodSite.java:210)
	at org.codehaus.groovy.runtime.callsite.PogoMetaMethodSite.callCurrent(PogoMetaMethodSite.java:59)
	at org.codehaus.groovy.runtime.callsite.AbstractCallSite.callCurrent(AbstractCallSite.java:166)
	at io.restassured.internal.ResponseSpecificationImpl.statusCode(ResponseSpecificationImpl.groovy:121)
	at io.restassured.specification.ResponseSpecification$statusCode$2.callCurrent(Unknown Source)
	at io.restassured.internal.ResponseSpecificationImpl.statusCode(ResponseSpecificationImpl.groovy:129)
	at io.restassured.internal.ValidatableResponseOptionsImpl.statusCode(ValidatableResponseOptionsImpl.java:117)
	at com.l1.interop.SPSPClientProxyFunctionalTest.query_InValidReceiver_ShouldReceive404_ShouldReceiveErrorResponse(SPSPClientProxyFunctionalTest.java:324)
	at sun.reflect.NativeMethodAccessorImpl.invoke0(Native Method)
	at sun.reflect.NativeMethodAccessorImpl.invoke(NativeMethodAccessorImpl.java:62)
	at sun.reflect.DelegatingMethodAccessorImpl.invoke(DelegatingMethodAccessorImpl.java:43)
	at java.lang.reflect.Method.invoke(Method.java:498)
	at org.testng.internal.MethodInvocationHelper.invokeMethod(MethodInvocationHelper.java:84)
	at org.testng.internal.Invoker.invokeMethod(Invoker.java:714)
	at org.testng.internal.Invoker.invokeTestMethod(Invoker.java:901)
	at org.testng.internal.Invoker.invokeTestMethods(Invoker.java:1231)
	at org.testng.internal.TestMethodWorker.invokeTestMethods(TestMethodWorker.java:127)
	at org.testng.internal.TestMethodWorker.run(TestMethodWorker.java:111)
	at org.testng.TestRunner.privateRun(TestRunner.java:767)
	at org.testng.TestRunner.run(TestRunner.java:617)
	at org.testng.SuiteRunner.runTest(SuiteRunner.java:348)
	at org.testng.SuiteRunner.runSequentially(SuiteRunner.java:343)
	at org.testng.SuiteRunner.privateRun(SuiteRunner.java:305)
	at org.testng.SuiteRunner.run(SuiteRunner.java:254)
	at org.testng.SuiteRunnerWorker.runSuite(SuiteRunnerWorker.java:52)
	at org.testng.SuiteRunnerWorker.run(SuiteRunnerWorker.java:86)
	at org.testng.TestNG.runSuitesSequentially(TestNG.java:1224)
	at org.testng.TestNG.runSuitesLocally(TestNG.java:1149)
	at org.testng.TestNG.run(TestNG.java:1057)
	at org.testng.remote.AbstractRemoteTestNG.run(AbstractRemoteTestNG.java:132)
	at org.testng.remote.RemoteTestNG.initAndRun(RemoteTestNG.java:236)
	at org.testng.remote.RemoteTestNG.main(RemoteTestNG.java:81)
]]>
            </full-stacktrace>
          </exception> <!-- java.lang.AssertionError -->
          <reporter-output>
          </reporter-output>
        </test-method> <!-- query_InValidReceiver_ShouldReceive404_ShouldReceiveErrorResponse -->
        <test-method status="FAIL" signature="quoteDestinationAmount_ForInValidReceiver_ShouldReceive404_ShouldReceiveErrorResponse(java.lang.String, java.lang.String)[pri:0, instance:com.l1.interop.SPSPClientProxyFunctionalTest@3972a855]" name="quoteDestinationAmount_ForInValidReceiver_ShouldReceive404_ShouldReceiveErrorResponse" duration-ms="23" started-at="2016-12-08T14:57:03Z" data-provider="quoteDestinationAmount_negative" finished-at="2016-12-08T14:57:03Z">
          <params>
            <param index="0">
              <value>
                <![CDATA[levelone.dfsp2.john]]>
              </value>
            </param>
            <param index="1">
              <value>
                <![CDATA[10]]>
              </value>
            </param>
          </params>
          <exception class="java.lang.AssertionError">
            <message>
              <![CDATA[
Expected: <404>
     but: was <200>]]>
            </message>
            <full-stacktrace>
              <![CDATA[java.lang.AssertionError: 
Expected: <404>
     but: was <200>
	at org.hamcrest.MatcherAssert.assertThat(MatcherAssert.java:20)
	at org.hamcrest.MatcherAssert.assertThat(MatcherAssert.java:8)
	at com.l1.interop.SPSPClientProxyFunctionalTest.quoteDestinationAmount_ForInValidReceiver_ShouldReceive404_ShouldReceiveErrorResponse(SPSPClientProxyFunctionalTest.java:527)
	at sun.reflect.NativeMethodAccessorImpl.invoke0(Native Method)
	at sun.reflect.NativeMethodAccessorImpl.invoke(NativeMethodAccessorImpl.java:62)
	at sun.reflect.DelegatingMethodAccessorImpl.invoke(DelegatingMethodAccessorImpl.java:43)
	at java.lang.reflect.Method.invoke(Method.java:498)
	at org.testng.internal.MethodInvocationHelper.invokeMethod(MethodInvocationHelper.java:84)
	at org.testng.internal.Invoker.invokeMethod(Invoker.java:714)
	at org.testng.internal.Invoker.invokeTestMethod(Invoker.java:901)
	at org.testng.internal.Invoker.invokeTestMethods(Invoker.java:1231)
	at org.testng.internal.TestMethodWorker.invokeTestMethods(TestMethodWorker.java:127)
	at org.testng.internal.TestMethodWorker.run(TestMethodWorker.java:111)
	at org.testng.TestRunner.privateRun(TestRunner.java:767)
	at org.testng.TestRunner.run(TestRunner.java:617)
	at org.testng.SuiteRunner.runTest(SuiteRunner.java:348)
	at org.testng.SuiteRunner.runSequentially(SuiteRunner.java:343)
	at org.testng.SuiteRunner.privateRun(SuiteRunner.java:305)
	at org.testng.SuiteRunner.run(SuiteRunner.java:254)
	at org.testng.SuiteRunnerWorker.runSuite(SuiteRunnerWorker.java:52)
	at org.testng.SuiteRunnerWorker.run(SuiteRunnerWorker.java:86)
	at org.testng.TestNG.runSuitesSequentially(TestNG.java:1224)
	at org.testng.TestNG.runSuitesLocally(TestNG.java:1149)
	at org.testng.TestNG.run(TestNG.java:1057)
	at org.testng.remote.AbstractRemoteTestNG.run(AbstractRemoteTestNG.java:132)
	at org.testng.remote.RemoteTestNG.initAndRun(RemoteTestNG.java:236)
	at org.testng.remote.RemoteTestNG.main(RemoteTestNG.java:81)
]]>
            </full-stacktrace>
          </exception> <!-- java.lang.AssertionError -->
          <reporter-output>
          </reporter-output>
        </test-method> <!-- quoteDestinationAmount_ForInValidReceiver_ShouldReceive404_ShouldReceiveErrorResponse -->
        <test-method status="FAIL" signature="quoteDestinationAmount_ForInValidReceiver_ShouldReceive404_ShouldReceiveErrorResponse(java.lang.String, java.lang.String)[pri:0, instance:com.l1.interop.SPSPClientProxyFunctionalTest@3972a855]" name="quoteDestinationAmount_ForInValidReceiver_ShouldReceive404_ShouldReceiveErrorResponse" duration-ms="23" started-at="2016-12-08T14:57:03Z" data-provider="quoteDestinationAmount_negative" finished-at="2016-12-08T14:57:03Z">
          <params>
            <param index="0">
              <value>
                <![CDATA[levelone.dfsp2.jane]]>
              </value>
            </param>
            <param index="1">
              <value>
                <![CDATA[20]]>
              </value>
            </param>
          </params>
          <exception class="java.lang.AssertionError">
            <message>
              <![CDATA[
Expected: <404>
     but: was <200>]]>
            </message>
            <full-stacktrace>
              <![CDATA[java.lang.AssertionError: 
Expected: <404>
     but: was <200>
	at org.hamcrest.MatcherAssert.assertThat(MatcherAssert.java:20)
	at org.hamcrest.MatcherAssert.assertThat(MatcherAssert.java:8)
	at com.l1.interop.SPSPClientProxyFunctionalTest.quoteDestinationAmount_ForInValidReceiver_ShouldReceive404_ShouldReceiveErrorResponse(SPSPClientProxyFunctionalTest.java:527)
	at sun.reflect.NativeMethodAccessorImpl.invoke0(Native Method)
	at sun.reflect.NativeMethodAccessorImpl.invoke(NativeMethodAccessorImpl.java:62)
	at sun.reflect.DelegatingMethodAccessorImpl.invoke(DelegatingMethodAccessorImpl.java:43)
	at java.lang.reflect.Method.invoke(Method.java:498)
	at org.testng.internal.MethodInvocationHelper.invokeMethod(MethodInvocationHelper.java:84)
	at org.testng.internal.Invoker.invokeMethod(Invoker.java:714)
	at org.testng.internal.Invoker.invokeTestMethod(Invoker.java:901)
	at org.testng.internal.Invoker.invokeTestMethods(Invoker.java:1231)
	at org.testng.internal.TestMethodWorker.invokeTestMethods(TestMethodWorker.java:127)
	at org.testng.internal.TestMethodWorker.run(TestMethodWorker.java:111)
	at org.testng.TestRunner.privateRun(TestRunner.java:767)
	at org.testng.TestRunner.run(TestRunner.java:617)
	at org.testng.SuiteRunner.runTest(SuiteRunner.java:348)
	at org.testng.SuiteRunner.runSequentially(SuiteRunner.java:343)
	at org.testng.SuiteRunner.privateRun(SuiteRunner.java:305)
	at org.testng.SuiteRunner.run(SuiteRunner.java:254)
	at org.testng.SuiteRunnerWorker.runSuite(SuiteRunnerWorker.java:52)
	at org.testng.SuiteRunnerWorker.run(SuiteRunnerWorker.java:86)
	at org.testng.TestNG.runSuitesSequentially(TestNG.java:1224)
	at org.testng.TestNG.runSuitesLocally(TestNG.java:1149)
	at org.testng.TestNG.run(TestNG.java:1057)
	at org.testng.remote.AbstractRemoteTestNG.run(AbstractRemoteTestNG.java:132)
	at org.testng.remote.RemoteTestNG.initAndRun(RemoteTestNG.java:236)
	at org.testng.remote.RemoteTestNG.main(RemoteTestNG.java:81)
]]>
            </full-stacktrace>
          </exception> <!-- java.lang.AssertionError -->
          <reporter-output>
          </reporter-output>
        </test-method> <!-- quoteDestinationAmount_ForInValidReceiver_ShouldReceive404_ShouldReceiveErrorResponse -->
        <test-method status="PASS" signature="quoteDestinationAmount_ForValidReceiver_ShouldReceive200_ShouldReceiveValidResponse(java.lang.String, java.lang.String)[pri:0, instance:com.l1.interop.SPSPClientProxyFunctionalTest@3972a855]" name="quoteDestinationAmount_ForValidReceiver_ShouldReceive200_ShouldReceiveValidResponse" duration-ms="33" started-at="2016-12-08T14:57:03Z" data-provider="quoteDestinationAmount_positive" finished-at="2016-12-08T14:57:03Z">
          <params>
            <param index="0">
              <value>
                <![CDATA[levelone.dfsp2.bob]]>
              </value>
            </param>
            <param index="1">
              <value>
                <![CDATA[10]]>
              </value>
            </param>
          </params>
          <reporter-output>
          </reporter-output>
        </test-method> <!-- quoteDestinationAmount_ForValidReceiver_ShouldReceive200_ShouldReceiveValidResponse -->
        <test-method status="PASS" signature="quoteDestinationAmount_ForValidReceiver_ShouldReceive200_ShouldReceiveValidResponse(java.lang.String, java.lang.String)[pri:0, instance:com.l1.interop.SPSPClientProxyFunctionalTest@3972a855]" name="quoteDestinationAmount_ForValidReceiver_ShouldReceive200_ShouldReceiveValidResponse" duration-ms="28" started-at="2016-12-08T14:57:03Z" data-provider="quoteDestinationAmount_positive" finished-at="2016-12-08T14:57:03Z">
          <params>
            <param index="0">
              <value>
                <![CDATA[levelone.dfsp2.alice]]>
              </value>
            </param>
            <param index="1">
              <value>
                <![CDATA[20]]>
              </value>
            </param>
          </params>
          <reporter-output>
          </reporter-output>
        </test-method> <!-- quoteDestinationAmount_ForValidReceiver_ShouldReceive200_ShouldReceiveValidResponse -->
        <test-method status="FAIL" signature="quoteSourceAmount_ForInValidReceiver_ShouldRecive404_ShouldReceiveErrorResponse(java.lang.String, java.lang.String)[pri:0, instance:com.l1.interop.SPSPClientProxyFunctionalTest@3972a855]" name="quoteSourceAmount_ForInValidReceiver_ShouldRecive404_ShouldReceiveErrorResponse" duration-ms="25" started-at="2016-12-08T14:57:03Z" data-provider="quoteSourceAmount_negative" finished-at="2016-12-08T14:57:03Z">
          <params>
            <param index="0">
              <value>
                <![CDATA[levelone.dfsp2.bob]]>
              </value>
            </param>
            <param index="1">
              <value>
                <![CDATA[10]]>
              </value>
            </param>
          </params>
          <exception class="java.lang.AssertionError">
            <message>
              <![CDATA[
Expected: <404>
     but: was <200>]]>
            </message>
            <full-stacktrace>
              <![CDATA[java.lang.AssertionError: 
Expected: <404>
     but: was <200>
	at org.hamcrest.MatcherAssert.assertThat(MatcherAssert.java:20)
	at org.hamcrest.MatcherAssert.assertThat(MatcherAssert.java:8)
	at com.l1.interop.SPSPClientProxyFunctionalTest.quoteSourceAmount_ForInValidReceiver_ShouldRecive404_ShouldReceiveErrorResponse(SPSPClientProxyFunctionalTest.java:421)
	at sun.reflect.NativeMethodAccessorImpl.invoke0(Native Method)
	at sun.reflect.NativeMethodAccessorImpl.invoke(NativeMethodAccessorImpl.java:62)
	at sun.reflect.DelegatingMethodAccessorImpl.invoke(DelegatingMethodAccessorImpl.java:43)
	at java.lang.reflect.Method.invoke(Method.java:498)
	at org.testng.internal.MethodInvocationHelper.invokeMethod(MethodInvocationHelper.java:84)
	at org.testng.internal.Invoker.invokeMethod(Invoker.java:714)
	at org.testng.internal.Invoker.invokeTestMethod(Invoker.java:901)
	at org.testng.internal.Invoker.invokeTestMethods(Invoker.java:1231)
	at org.testng.internal.TestMethodWorker.invokeTestMethods(TestMethodWorker.java:127)
	at org.testng.internal.TestMethodWorker.run(TestMethodWorker.java:111)
	at org.testng.TestRunner.privateRun(TestRunner.java:767)
	at org.testng.TestRunner.run(TestRunner.java:617)
	at org.testng.SuiteRunner.runTest(SuiteRunner.java:348)
	at org.testng.SuiteRunner.runSequentially(SuiteRunner.java:343)
	at org.testng.SuiteRunner.privateRun(SuiteRunner.java:305)
	at org.testng.SuiteRunner.run(SuiteRunner.java:254)
	at org.testng.SuiteRunnerWorker.runSuite(SuiteRunnerWorker.java:52)
	at org.testng.SuiteRunnerWorker.run(SuiteRunnerWorker.java:86)
	at org.testng.TestNG.runSuitesSequentially(TestNG.java:1224)
	at org.testng.TestNG.runSuitesLocally(TestNG.java:1149)
	at org.testng.TestNG.run(TestNG.java:1057)
	at org.testng.remote.AbstractRemoteTestNG.run(AbstractRemoteTestNG.java:132)
	at org.testng.remote.RemoteTestNG.initAndRun(RemoteTestNG.java:236)
	at org.testng.remote.RemoteTestNG.main(RemoteTestNG.java:81)
]]>
            </full-stacktrace>
          </exception> <!-- java.lang.AssertionError -->
          <reporter-output>
          </reporter-output>
        </test-method> <!-- quoteSourceAmount_ForInValidReceiver_ShouldRecive404_ShouldReceiveErrorResponse -->
        <test-method status="FAIL" signature="quoteSourceAmount_ForInValidReceiver_ShouldRecive404_ShouldReceiveErrorResponse(java.lang.String, java.lang.String)[pri:0, instance:com.l1.interop.SPSPClientProxyFunctionalTest@3972a855]" name="quoteSourceAmount_ForInValidReceiver_ShouldRecive404_ShouldReceiveErrorResponse" duration-ms="21" started-at="2016-12-08T14:57:03Z" data-provider="quoteSourceAmount_negative" finished-at="2016-12-08T14:57:03Z">
          <params>
            <param index="0">
              <value>
                <![CDATA[levelone.dfsp2.alice]]>
              </value>
            </param>
            <param index="1">
              <value>
                <![CDATA[20]]>
              </value>
            </param>
          </params>
          <exception class="java.lang.AssertionError">
            <message>
              <![CDATA[
Expected: <404>
     but: was <200>]]>
            </message>
            <full-stacktrace>
              <![CDATA[java.lang.AssertionError: 
Expected: <404>
     but: was <200>
	at org.hamcrest.MatcherAssert.assertThat(MatcherAssert.java:20)
	at org.hamcrest.MatcherAssert.assertThat(MatcherAssert.java:8)
	at com.l1.interop.SPSPClientProxyFunctionalTest.quoteSourceAmount_ForInValidReceiver_ShouldRecive404_ShouldReceiveErrorResponse(SPSPClientProxyFunctionalTest.java:421)
	at sun.reflect.NativeMethodAccessorImpl.invoke0(Native Method)
	at sun.reflect.NativeMethodAccessorImpl.invoke(NativeMethodAccessorImpl.java:62)
	at sun.reflect.DelegatingMethodAccessorImpl.invoke(DelegatingMethodAccessorImpl.java:43)
	at java.lang.reflect.Method.invoke(Method.java:498)
	at org.testng.internal.MethodInvocationHelper.invokeMethod(MethodInvocationHelper.java:84)
	at org.testng.internal.Invoker.invokeMethod(Invoker.java:714)
	at org.testng.internal.Invoker.invokeTestMethod(Invoker.java:901)
	at org.testng.internal.Invoker.invokeTestMethods(Invoker.java:1231)
	at org.testng.internal.TestMethodWorker.invokeTestMethods(TestMethodWorker.java:127)
	at org.testng.internal.TestMethodWorker.run(TestMethodWorker.java:111)
	at org.testng.TestRunner.privateRun(TestRunner.java:767)
	at org.testng.TestRunner.run(TestRunner.java:617)
	at org.testng.SuiteRunner.runTest(SuiteRunner.java:348)
	at org.testng.SuiteRunner.runSequentially(SuiteRunner.java:343)
	at org.testng.SuiteRunner.privateRun(SuiteRunner.java:305)
	at org.testng.SuiteRunner.run(SuiteRunner.java:254)
	at org.testng.SuiteRunnerWorker.runSuite(SuiteRunnerWorker.java:52)
	at org.testng.SuiteRunnerWorker.run(SuiteRunnerWorker.java:86)
	at org.testng.TestNG.runSuitesSequentially(TestNG.java:1224)
	at org.testng.TestNG.runSuitesLocally(TestNG.java:1149)
	at org.testng.TestNG.run(TestNG.java:1057)
	at org.testng.remote.AbstractRemoteTestNG.run(AbstractRemoteTestNG.java:132)
	at org.testng.remote.RemoteTestNG.initAndRun(RemoteTestNG.java:236)
	at org.testng.remote.RemoteTestNG.main(RemoteTestNG.java:81)
]]>
            </full-stacktrace>
          </exception> <!-- java.lang.AssertionError -->
          <reporter-output>
          </reporter-output>
        </test-method> <!-- quoteSourceAmount_ForInValidReceiver_ShouldRecive404_ShouldReceiveErrorResponse -->
        <test-method status="PASS" signature="quoteSourceAmount_ForValidReceiver_ShouldRecive200_ShouldReceiveValidResponse(java.lang.String, java.lang.String)[pri:0, instance:com.l1.interop.SPSPClientProxyFunctionalTest@3972a855]" name="quoteSourceAmount_ForValidReceiver_ShouldRecive200_ShouldReceiveValidResponse" duration-ms="30" started-at="2016-12-08T14:57:03Z" data-provider="quoteSourceAmount_positive" finished-at="2016-12-08T14:57:03Z">
          <params>
            <param index="0">
              <value>
                <![CDATA[levelone.dfsp2.bob]]>
              </value>
            </param>
            <param index="1">
              <value>
                <![CDATA[10]]>
              </value>
            </param>
          </params>
          <reporter-output>
          </reporter-output>
        </test-method> <!-- quoteSourceAmount_ForValidReceiver_ShouldRecive200_ShouldReceiveValidResponse -->
        <test-method status="PASS" signature="quoteSourceAmount_ForValidReceiver_ShouldRecive200_ShouldReceiveValidResponse(java.lang.String, java.lang.String)[pri:0, instance:com.l1.interop.SPSPClientProxyFunctionalTest@3972a855]" name="quoteSourceAmount_ForValidReceiver_ShouldRecive200_ShouldReceiveValidResponse" duration-ms="27" started-at="2016-12-08T14:57:03Z" data-provider="quoteSourceAmount_positive" finished-at="2016-12-08T14:57:03Z">
          <params>
            <param index="0">
              <value>
                <![CDATA[levelone.dfsp2.alice]]>
              </value>
            </param>
            <param index="1">
              <value>
                <![CDATA[20]]>
              </value>
            </param>
          </params>
          <reporter-output>
          </reporter-output>
        </test-method> <!-- quoteSourceAmount_ForValidReceiver_ShouldRecive200_ShouldReceiveValidResponse -->
        <test-method status="FAIL" signature="setUp_ForInValidReceiver_ShouldReturn404_ShouldReturnErrorResponse(java.lang.String, java.lang.String, java.lang.String)[pri:0, instance:com.l1.interop.SPSPClientProxyFunctionalTest@3972a855]" name="setUp_ForInValidReceiver_ShouldReturn404_ShouldReturnErrorResponse" duration-ms="28" started-at="2016-12-08T14:57:03Z" data-provider="setup_negative" finished-at="2016-12-08T14:57:03Z">
          <params>
            <param index="0">
              <value>
                <![CDATA[john]]>
              </value>
            </param>
            <param index="1">
              <value>
                <![CDATA[jane]]>
              </value>
            </param>
            <param index="2">
              <value>
                <![CDATA[100]]>
              </value>
            </param>
          </params>
          <exception class="java.lang.AssertionError">
            <message>
              <![CDATA[return status for setUp_ForInValidReceiver: 
Expected: <404>
     but: was <201>]]>
            </message>
            <full-stacktrace>
              <![CDATA[java.lang.AssertionError: return status for setUp_ForInValidReceiver: 
Expected: <404>
     but: was <201>
	at org.hamcrest.MatcherAssert.assertThat(MatcherAssert.java:20)
	at com.l1.interop.SPSPClientProxyFunctionalTest.setUp_ForInValidReceiver_ShouldReturn404_ShouldReturnErrorResponse(SPSPClientProxyFunctionalTest.java:664)
	at sun.reflect.NativeMethodAccessorImpl.invoke0(Native Method)
	at sun.reflect.NativeMethodAccessorImpl.invoke(NativeMethodAccessorImpl.java:62)
	at sun.reflect.DelegatingMethodAccessorImpl.invoke(DelegatingMethodAccessorImpl.java:43)
	at java.lang.reflect.Method.invoke(Method.java:498)
	at org.testng.internal.MethodInvocationHelper.invokeMethod(MethodInvocationHelper.java:84)
	at org.testng.internal.Invoker.invokeMethod(Invoker.java:714)
	at org.testng.internal.Invoker.invokeTestMethod(Invoker.java:901)
	at org.testng.internal.Invoker.invokeTestMethods(Invoker.java:1231)
	at org.testng.internal.TestMethodWorker.invokeTestMethods(TestMethodWorker.java:127)
	at org.testng.internal.TestMethodWorker.run(TestMethodWorker.java:111)
	at org.testng.TestRunner.privateRun(TestRunner.java:767)
	at org.testng.TestRunner.run(TestRunner.java:617)
	at org.testng.SuiteRunner.runTest(SuiteRunner.java:348)
	at org.testng.SuiteRunner.runSequentially(SuiteRunner.java:343)
	at org.testng.SuiteRunner.privateRun(SuiteRunner.java:305)
	at org.testng.SuiteRunner.run(SuiteRunner.java:254)
	at org.testng.SuiteRunnerWorker.runSuite(SuiteRunnerWorker.java:52)
	at org.testng.SuiteRunnerWorker.run(SuiteRunnerWorker.java:86)
	at org.testng.TestNG.runSuitesSequentially(TestNG.java:1224)
	at org.testng.TestNG.runSuitesLocally(TestNG.java:1149)
	at org.testng.TestNG.run(TestNG.java:1057)
	at org.testng.remote.AbstractRemoteTestNG.run(AbstractRemoteTestNG.java:132)
	at org.testng.remote.RemoteTestNG.initAndRun(RemoteTestNG.java:236)
	at org.testng.remote.RemoteTestNG.main(RemoteTestNG.java:81)
]]>
            </full-stacktrace>
          </exception> <!-- java.lang.AssertionError -->
          <reporter-output>
          </reporter-output>
        </test-method> <!-- setUp_ForInValidReceiver_ShouldReturn404_ShouldReturnErrorResponse -->
        <test-method status="PASS" signature="setUp_ForValidReceiver_ShouldReturn201_ShouldReturnValidResponse(java.lang.String, java.lang.String, java.lang.String)[pri:0, instance:com.l1.interop.SPSPClientProxyFunctionalTest@3972a855]" name="setUp_ForValidReceiver_ShouldReturn201_ShouldReturnValidResponse" duration-ms="119" started-at="2016-12-08T14:57:03Z" data-provider="setup_positive" finished-at="2016-12-08T14:57:03Z">
          <params>
            <param index="0">
              <value>
                <![CDATA[26547070]]>
              </value>
            </param>
            <param index="1">
              <value>
                <![CDATA[85555384]]>
              </value>
            </param>
            <param index="2">
              <value>
                <![CDATA[100]]>
              </value>
            </param>
          </params>
          <reporter-output>
          </reporter-output>
        </test-method> <!-- setUp_ForValidReceiver_ShouldReturn201_ShouldReturnValidResponse -->
        <test-method status="PASS" signature="afterClass()[pri:0, instance:com.l1.interop.SPSPClientProxyFunctionalTest@3972a855]" name="afterClass" is-config="true" duration-ms="1" started-at="2016-12-08T14:57:03Z" finished-at="2016-12-08T14:57:03Z">
          <reporter-output>
          </reporter-output>
        </test-method> <!-- afterClass -->
      </class> <!-- com.l1.interop.SPSPClientProxyFunctionalTest -->
    </test> <!-- Default test -->
  </suite> <!-- Default suite -->
</testng-results>
