<?xml version="1.0" encoding="UTF-8"?>
<testng-results skipped="0" failed="1" total="1" passed="0">
  <reporter-output>
  </reporter-output>
  <suite name="Default suite" duration-ms="3912" started-at="2016-12-06T15:01:00Z" finished-at="2016-12-06T15:01:04Z">
    <groups>
    </groups>
    <test name="Default test" duration-ms="3912" started-at="2016-12-06T15:01:00Z" finished-at="2016-12-06T15:01:04Z">
      <class name="com.l1.interop.SPSPBackendServiceFunctionalTests">
        <test-method status="PASS" signature="setup()[pri:0, instance:com.l1.interop.SPSPBackendServiceFunctionalTests@5b0abc94]" name="setup" is-config="true" duration-ms="1521" started-at="2016-12-06T08:01:00Z" finished-at="2016-12-06T08:01:01Z">
          <reporter-output>
          </reporter-output>
        </test-method> <!-- setup -->
        <test-method status="PASS" signature="beforeClass()[pri:0, instance:com.l1.interop.SPSPBackendServiceFunctionalTests@5b0abc94]" name="beforeClass" is-config="true" duration-ms="2" started-at="2016-12-06T08:01:01Z" finished-at="2016-12-06T08:01:01Z">
          <reporter-output>
          </reporter-output>
        </test-method> <!-- beforeClass -->
        <test-method status="FAIL" signature="get_metadata_positive()[pri:0, instance:com.l1.interop.SPSPBackendServiceFunctionalTests@5b0abc94]" name="get_metadata_positive" duration-ms="2313" started-at="2016-12-06T08:01:01Z" description="get_backend_services_receiver_positive" finished-at="2016-12-06T08:01:04Z">
          <exception class="java.lang.AssertionError">
            <message>
              <![CDATA[
Expected: not (null or an empty string)
     but: was null]]>
            </message>
            <full-stacktrace>
              <![CDATA[java.lang.AssertionError: 
Expected: not (null or an empty string)
     but: was null
	at org.hamcrest.MatcherAssert.assertThat(MatcherAssert.java:20)
	at org.hamcrest.MatcherAssert.assertThat(MatcherAssert.java:8)
	at com.l1.interop.SPSPBackendServiceFunctionalTests.get_metadata_positive(SPSPBackendServiceFunctionalTests.java:147)
	at sun.reflect.NativeMethodAccessorImpl.invoke0(Native Method)
	at sun.reflect.NativeMethodAccessorImpl.invoke(NativeMethodAccessorImpl.java:62)
	at sun.reflect.DelegatingMethodAccessorImpl.invoke(DelegatingMethodAccessorImpl.java:43)
	at java.lang.reflect.Method.invoke(Method.java:498)
	at org.testng.internal.MethodInvocationHelper.invokeMethod(MethodInvocationHelper.java:84)
	at org.testng.internal.Invoker.invokeMethod(Invoker.java:714)
	at org.testng.internal.Invoker.invokeTestMethod(Invoker.java:901)
	at org.testng.internal.Invoker.invokeTestMethods(Invoker.java:1231)
	at org.testng.internal.TestMethodWorker.invokeTestMethods(TestMethodWorker.java:127)
	at org.testng.internal.TestMethodWorker.run(TestMethodWorker.java:111)
	at org.testng.TestRunner.privateRun(TestRunner.java:767)
	at org.testng.TestRunner.run(TestRunner.java:617)
	at org.testng.SuiteRunner.runTest(SuiteRunner.java:348)
	at org.testng.SuiteRunner.runSequentially(SuiteRunner.java:343)
	at org.testng.SuiteRunner.privateRun(SuiteRunner.java:305)
	at org.testng.SuiteRunner.run(SuiteRunner.java:254)
	at org.testng.SuiteRunnerWorker.runSuite(SuiteRunnerWorker.java:52)
	at org.testng.SuiteRunnerWorker.run(SuiteRunnerWorker.java:86)
	at org.testng.TestNG.runSuitesSequentially(TestNG.java:1224)
	at org.testng.TestNG.runSuitesLocally(TestNG.java:1149)
	at org.testng.TestNG.run(TestNG.java:1057)
	at org.testng.remote.AbstractRemoteTestNG.run(AbstractRemoteTestNG.java:132)
	at org.testng.remote.RemoteTestNG.initAndRun(RemoteTestNG.java:236)
	at org.testng.remote.RemoteTestNG.main(RemoteTestNG.java:81)
]]>
            </full-stacktrace>
          </exception> <!-- java.lang.AssertionError -->
          <reporter-output>
          </reporter-output>
        </test-method> <!-- get_metadata_positive -->
        <test-method status="PASS" signature="afterClass()[pri:0, instance:com.l1.interop.SPSPBackendServiceFunctionalTests@5b0abc94]" name="afterClass" is-config="true" duration-ms="1" started-at="2016-12-06T08:01:04Z" finished-at="2016-12-06T08:01:04Z">
          <reporter-output>
          </reporter-output>
        </test-method> <!-- afterClass -->
      </class> <!-- com.l1.interop.SPSPBackendServiceFunctionalTests -->
    </test> <!-- Default test -->
  </suite> <!-- Default suite -->
</testng-results>
