<?xml version="1.0" encoding="UTF-8"?>
<testng-results skipped="0" failed="0" total="3" passed="3">
  <reporter-output>
  </reporter-output>
  <suite name="Default suite" duration-ms="6213" started-at="2016-12-20T21:58:38Z" finished-at="2016-12-20T21:58:45Z">
    <groups>
      <group name="paymentSetup">
        <method signature="FullPaymentSetupExecuteForNotificationTests.test_fullPaymentSetupAndPaymentExecution(java.lang.String, java.lang.String, java.lang.String)[pri:0, instance:com.l1.interop.business_processes.full_payment_with_notifications.FullPaymentSetupExecuteForNotificationTests@7bb58ca3]" name="test_fullPaymentSetupAndPaymentExecution" class="com.l1.interop.business_processes.full_payment_with_notifications.FullPaymentSetupExecuteForNotificationTests"/>
      </group> <!-- paymentSetup -->
      <group name="payment_setup_and_execute_with_notification">
        <method signature="FullPaymentSetupExecuteForNotificationTests.test_fullPaymentSetupAndPaymentExecution(java.lang.String, java.lang.String, java.lang.String)[pri:0, instance:com.l1.interop.business_processes.full_payment_with_notifications.FullPaymentSetupExecuteForNotificationTests@7bb58ca3]" name="test_fullPaymentSetupAndPaymentExecution" class="com.l1.interop.business_processes.full_payment_with_notifications.FullPaymentSetupExecuteForNotificationTests"/>
        <method signature="FullPaymentSetupExecuteForNotificationTests.test_receiving_message_from_websocket(java.lang.String, java.lang.String, java.lang.String)[pri:0, instance:com.l1.interop.business_processes.full_payment_with_notifications.FullPaymentSetupExecuteForNotificationTests@7bb58ca3]" name="test_receiving_message_from_websocket" class="com.l1.interop.business_processes.full_payment_with_notifications.FullPaymentSetupExecuteForNotificationTests"/>
      </group> <!-- payment_setup_and_execute_with_notification -->
    </groups>
    <test name="Default test" duration-ms="6213" started-at="2016-12-20T21:58:38Z" finished-at="2016-12-20T21:58:45Z">
      <class name="com.l1.interop.business_processes.full_payment_with_notifications.FullPaymentSetupExecuteForNotificationTests">
        <test-method status="PASS" signature="setup()[pri:0, instance:com.l1.interop.business_processes.full_payment_with_notifications.FullPaymentSetupExecuteForNotificationTests@7bb58ca3]" name="setup" is-config="true" duration-ms="1205" started-at="2016-12-20T14:58:38Z" finished-at="2016-12-20T14:58:40Z">
          <reporter-output>
          </reporter-output>
        </test-method> <!-- setup -->
        <test-method status="PASS" signature="beforeClass()[pri:0, instance:com.l1.interop.business_processes.full_payment_with_notifications.FullPaymentSetupExecuteForNotificationTests@7bb58ca3]" name="beforeClass" is-config="true" duration-ms="4" started-at="2016-12-20T14:58:40Z" finished-at="2016-12-20T14:58:40Z">
          <reporter-output>
          </reporter-output>
        </test-method> <!-- beforeClass -->
        <test-method status="PASS" signature="test_fullPaymentSetupAndPaymentExecution(java.lang.String, java.lang.String, java.lang.String)[pri:0, instance:com.l1.interop.business_processes.full_payment_with_notifications.FullPaymentSetupExecuteForNotificationTests@7bb58ca3]" name="test_fullPaymentSetupAndPaymentExecution" duration-ms="2491" started-at="2016-12-20T14:58:40Z" data-provider="setup_positive" finished-at="2016-12-20T14:58:42Z">
          <params>
            <param index="0">
              <value>
                <![CDATA[26547070]]>
              </value>
            </param>
            <param index="1">
              <value>
                <![CDATA[85555384]]>
              </value>
            </param>
            <param index="2">
              <value>
                <![CDATA[100]]>
              </value>
            </param>
          </params>
          <reporter-output>
          </reporter-output>
        </test-method> <!-- test_fullPaymentSetupAndPaymentExecution -->
        <test-method name="test_receiving_message_from_websocket" signature="test_receiving_message_from_websocket(java.lang.String, java.lang.String, java.lang.String)[pri:0, instance:com.l1.interop.business_processes.full_payment_with_notifications.FullPaymentSetupExecuteForNotificationTests@7bb58ca3]" depends-on-groups="paymentSetup" status="PASS" duration-ms="1473" finished-at="2016-12-20T14:58:44Z" started-at="2016-12-20T14:58:42Z" data-provider="notification_configuration_and_data" description="test an asynchronous process receive">
          <params>
            <param index="0">
              <value>
                <![CDATA[Bob]]>
              </value>
            </param>
            <param index="1">
              <value>
                <![CDATA[8089/websocket]]>
              </value>
            </param>
            <param index="2">
              <value>
                <![CDATA[http://usd-ledger.example/accounts/bob]]>
              </value>
            </param>
          </params>
          <reporter-output>
          </reporter-output>
        </test-method> <!-- test_receiving_message_from_websocket -->
        <test-method name="test_receiving_message_from_websocket" signature="test_receiving_message_from_websocket(java.lang.String, java.lang.String, java.lang.String)[pri:0, instance:com.l1.interop.business_processes.full_payment_with_notifications.FullPaymentSetupExecuteForNotificationTests@7bb58ca3]" depends-on-groups="paymentSetup" status="PASS" duration-ms="1016" finished-at="2016-12-20T14:58:45Z" started-at="2016-12-20T14:58:44Z" data-provider="notification_configuration_and_data" description="test an asynchronous process receive">
          <params>
            <param index="0">
              <value>
                <![CDATA[Alice]]>
              </value>
            </param>
            <param index="1">
              <value>
                <![CDATA[8089/websocket]]>
              </value>
            </param>
            <param index="2">
              <value>
                <![CDATA[http://usd-ledger.example/accounts/alice]]>
              </value>
            </param>
          </params>
          <reporter-output>
          </reporter-output>
        </test-method> <!-- test_receiving_message_from_websocket -->
        <test-method status="PASS" signature="afterClass()[pri:0, instance:com.l1.interop.business_processes.full_payment_with_notifications.FullPaymentSetupExecuteForNotificationTests@7bb58ca3]" name="afterClass" is-config="true" duration-ms="0" started-at="2016-12-20T14:58:45Z" finished-at="2016-12-20T14:58:45Z">
          <reporter-output>
          </reporter-output>
        </test-method> <!-- afterClass -->
      </class> <!-- com.l1.interop.business_processes.full_payment_with_notifications.FullPaymentSetupExecuteForNotificationTests -->
    </test> <!-- Default test -->
  </suite> <!-- Default suite -->
</testng-results>
