<?xml version="1.0" encoding="UTF-8"?>
<testng-results skipped="0" failed="0" total="15" passed="15">
  <reporter-output>
  </reporter-output>
  <suite name="Default suite" duration-ms="7847" started-at="2017-02-28T23:04:43Z" finished-at="2017-02-28T23:04:51Z">
    <groups>
      <group name="ilp_ledger_adapater_prepare_fulfilled_transfer">
        <method signature="ILPLedgerAdapterFunctionalTest.getFulfilledTransfer_ForFulfillmentThatDoesNotExist_ShouldReturn404_ShouldReturnErrorResponse(java.lang.String, java.lang.String, java.lang.String)[pri:0, instance:com.l1.interop.ILPLedgerAdapterFunctionalTest@51b7e5df]" name="getFulfilledTransfer_ForFulfillmentThatDoesNotExist_ShouldReturn404_ShouldReturnErrorResponse" class="com.l1.interop.ILPLedgerAdapterFunctionalTest"/>
        <method signature="ILPLedgerAdapterFunctionalTest.getFulfilledTransfer_ForValidFulfilledTransfer_ShouldReturn200_ShouldReturnTransferDetails(java.lang.String, java.lang.String, java.lang.String)[pri:0, instance:com.l1.interop.ILPLedgerAdapterFunctionalTest@51b7e5df]" name="getFulfilledTransfer_ForValidFulfilledTransfer_ShouldReturn200_ShouldReturnTransferDetails" class="com.l1.interop.ILPLedgerAdapterFunctionalTest"/>
      </group> <!-- ilp_ledger_adapater_prepare_fulfilled_transfer -->
      <group name="ilp_ledger_adapater_prepare_fulfill_transfer">
        <method signature="ILPLedgerAdapterFunctionalTest.fulfillTransfer_ForInvalidRequestBody_ShouldReturn400_ShouldReturnErrorResponse(java.lang.String, java.lang.String, java.lang.String)[pri:0, instance:com.l1.interop.ILPLedgerAdapterFunctionalTest@51b7e5df]" name="fulfillTransfer_ForInvalidRequestBody_ShouldReturn400_ShouldReturnErrorResponse" class="com.l1.interop.ILPLedgerAdapterFunctionalTest"/>
        <method signature="ILPLedgerAdapterFunctionalTest.fulfillTransfer_ForInvalidURIParameter_ShouldReturn400_ShouldReturnErrorResponse(java.lang.String, java.lang.String, java.lang.String)[pri:0, instance:com.l1.interop.ILPLedgerAdapterFunctionalTest@51b7e5df]" name="fulfillTransfer_ForInvalidURIParameter_ShouldReturn400_ShouldReturnErrorResponse" class="com.l1.interop.ILPLedgerAdapterFunctionalTest"/>
        <method signature="ILPLedgerAdapterFunctionalTest.fulfillTransfer_ForUnmetCondition_ShouldReturn422_ShouldReturnErrorResponse(java.lang.String, java.lang.String, java.lang.String)[pri:0, instance:com.l1.interop.ILPLedgerAdapterFunctionalTest@51b7e5df]" name="fulfillTransfer_ForUnmetCondition_ShouldReturn422_ShouldReturnErrorResponse" class="com.l1.interop.ILPLedgerAdapterFunctionalTest"/>
        <method signature="ILPLedgerAdapterFunctionalTest.fulfillTransfer_ForUnproceesableEntity_ShouldReturn422_ShouldReturnErrorResponse(java.lang.String, java.lang.String, java.lang.String)[pri:0, instance:com.l1.interop.ILPLedgerAdapterFunctionalTest@51b7e5df]" name="fulfillTransfer_ForUnproceesableEntity_ShouldReturn422_ShouldReturnErrorResponse" class="com.l1.interop.ILPLedgerAdapterFunctionalTest"/>
        <method signature="ILPLedgerAdapterFunctionalTest.fulfillTransfer_ForValidRequest_ShouldReturn200_ShouldReturnValidResponse(java.lang.String, java.lang.String, java.lang.String)[pri:0, instance:com.l1.interop.ILPLedgerAdapterFunctionalTest@51b7e5df]" name="fulfillTransfer_ForValidRequest_ShouldReturn200_ShouldReturnValidResponse" class="com.l1.interop.ILPLedgerAdapterFunctionalTest"/>
      </group> <!-- ilp_ledger_adapater_prepare_fulfill_transfer -->
      <group name="ilp_ledger_adapater_prepare_transfer">
        <method signature="ILPLedgerAdapterFunctionalTest.getFulfilledTransfer_ForInvalidURIParameterInRequest_ShouldReturn400_ShouldReturnErrorResponse(java.lang.String, java.lang.String, java.lang.String)[pri:0, instance:com.l1.interop.ILPLedgerAdapterFunctionalTest@51b7e5df]" name="getFulfilledTransfer_ForInvalidURIParameterInRequest_ShouldReturn400_ShouldReturnErrorResponse" class="com.l1.interop.ILPLedgerAdapterFunctionalTest"/>
        <method signature="ILPLedgerAdapterFunctionalTest.getPreparedTransfer_ForInvalidURIParameterInRequest_ShouldReturn400_ShouldReturnErrorResponse(java.lang.String, java.lang.String, java.lang.String)[pri:0, instance:com.l1.interop.ILPLedgerAdapterFunctionalTest@51b7e5df]" name="getPreparedTransfer_ForInvalidURIParameterInRequest_ShouldReturn400_ShouldReturnErrorResponse" class="com.l1.interop.ILPLedgerAdapterFunctionalTest"/>
        <method signature="ILPLedgerAdapterFunctionalTest.getPreparedTransfer_ForTransferThatDoesNotExist_ShouldReturn404_ShouldReturnErrorResponse(java.lang.String, java.lang.String, java.lang.String)[pri:0, instance:com.l1.interop.ILPLedgerAdapterFunctionalTest@51b7e5df]" name="getPreparedTransfer_ForTransferThatDoesNotExist_ShouldReturn404_ShouldReturnErrorResponse" class="com.l1.interop.ILPLedgerAdapterFunctionalTest"/>
        <method signature="ILPLedgerAdapterFunctionalTest.getPreparedTransfer_ForValidTransfer_ShouldReturn200_ShouldReturnValidResponse(java.lang.String, java.lang.String, java.lang.String, java.lang.String)[pri:0, instance:com.l1.interop.ILPLedgerAdapterFunctionalTest@51b7e5df]" name="getPreparedTransfer_ForValidTransfer_ShouldReturn200_ShouldReturnValidResponse" class="com.l1.interop.ILPLedgerAdapterFunctionalTest"/>
        <method signature="ILPLedgerAdapterFunctionalTest.prepareTransfer_ForEntityThatAlreadyExists_ShouldReturn422_ShouldReturnErrorResponse(java.lang.String, java.lang.String, java.lang.String, java.lang.String)[pri:0, instance:com.l1.interop.ILPLedgerAdapterFunctionalTest@51b7e5df]" name="prepareTransfer_ForEntityThatAlreadyExists_ShouldReturn422_ShouldReturnErrorResponse" class="com.l1.interop.ILPLedgerAdapterFunctionalTest"/>
        <method signature="ILPLedgerAdapterFunctionalTest.prepareTransfer_ForInvalidRequestBody_ShouldReturn400_ShouldReturnErrorResponse(java.lang.String, java.lang.String, java.lang.String)[pri:0, instance:com.l1.interop.ILPLedgerAdapterFunctionalTest@51b7e5df]" name="prepareTransfer_ForInvalidRequestBody_ShouldReturn400_ShouldReturnErrorResponse" class="com.l1.interop.ILPLedgerAdapterFunctionalTest"/>
        <method signature="ILPLedgerAdapterFunctionalTest.prepareTransfer_ForInvalidURIParameter_ShouldReturn400_ShouldReturnErrorResponse(java.lang.String, java.lang.String, java.lang.String)[pri:0, instance:com.l1.interop.ILPLedgerAdapterFunctionalTest@51b7e5df]" name="prepareTransfer_ForInvalidURIParameter_ShouldReturn400_ShouldReturnErrorResponse" class="com.l1.interop.ILPLedgerAdapterFunctionalTest"/>
        <method signature="ILPLedgerAdapterFunctionalTest.prepareTransfer_ForValidSenderAndReceiver_ShouldReturn200_ShouldReturnValidResponse(java.lang.String, java.lang.String, java.lang.String, java.lang.String)[pri:0, instance:com.l1.interop.ILPLedgerAdapterFunctionalTest@51b7e5df]" name="prepareTransfer_ForValidSenderAndReceiver_ShouldReturn200_ShouldReturnValidResponse" class="com.l1.interop.ILPLedgerAdapterFunctionalTest"/>
      </group> <!-- ilp_ledger_adapater_prepare_transfer -->
      <group name="ilp_ledger_adapater_all">
        <method signature="ILPLedgerAdapterFunctionalTest.fulfillTransfer_ForInvalidRequestBody_ShouldReturn400_ShouldReturnErrorResponse(java.lang.String, java.lang.String, java.lang.String)[pri:0, instance:com.l1.interop.ILPLedgerAdapterFunctionalTest@51b7e5df]" name="fulfillTransfer_ForInvalidRequestBody_ShouldReturn400_ShouldReturnErrorResponse" class="com.l1.interop.ILPLedgerAdapterFunctionalTest"/>
        <method signature="ILPLedgerAdapterFunctionalTest.fulfillTransfer_ForInvalidURIParameter_ShouldReturn400_ShouldReturnErrorResponse(java.lang.String, java.lang.String, java.lang.String)[pri:0, instance:com.l1.interop.ILPLedgerAdapterFunctionalTest@51b7e5df]" name="fulfillTransfer_ForInvalidURIParameter_ShouldReturn400_ShouldReturnErrorResponse" class="com.l1.interop.ILPLedgerAdapterFunctionalTest"/>
        <method signature="ILPLedgerAdapterFunctionalTest.fulfillTransfer_ForUnmetCondition_ShouldReturn422_ShouldReturnErrorResponse(java.lang.String, java.lang.String, java.lang.String)[pri:0, instance:com.l1.interop.ILPLedgerAdapterFunctionalTest@51b7e5df]" name="fulfillTransfer_ForUnmetCondition_ShouldReturn422_ShouldReturnErrorResponse" class="com.l1.interop.ILPLedgerAdapterFunctionalTest"/>
        <method signature="ILPLedgerAdapterFunctionalTest.fulfillTransfer_ForUnproceesableEntity_ShouldReturn422_ShouldReturnErrorResponse(java.lang.String, java.lang.String, java.lang.String)[pri:0, instance:com.l1.interop.ILPLedgerAdapterFunctionalTest@51b7e5df]" name="fulfillTransfer_ForUnproceesableEntity_ShouldReturn422_ShouldReturnErrorResponse" class="com.l1.interop.ILPLedgerAdapterFunctionalTest"/>
        <method signature="ILPLedgerAdapterFunctionalTest.fulfillTransfer_ForValidRequest_ShouldReturn200_ShouldReturnValidResponse(java.lang.String, java.lang.String, java.lang.String)[pri:0, instance:com.l1.interop.ILPLedgerAdapterFunctionalTest@51b7e5df]" name="fulfillTransfer_ForValidRequest_ShouldReturn200_ShouldReturnValidResponse" class="com.l1.interop.ILPLedgerAdapterFunctionalTest"/>
        <method signature="ILPLedgerAdapterFunctionalTest.getFulfilledTransfer_ForFulfillmentThatDoesNotExist_ShouldReturn404_ShouldReturnErrorResponse(java.lang.String, java.lang.String, java.lang.String)[pri:0, instance:com.l1.interop.ILPLedgerAdapterFunctionalTest@51b7e5df]" name="getFulfilledTransfer_ForFulfillmentThatDoesNotExist_ShouldReturn404_ShouldReturnErrorResponse" class="com.l1.interop.ILPLedgerAdapterFunctionalTest"/>
        <method signature="ILPLedgerAdapterFunctionalTest.getFulfilledTransfer_ForInvalidURIParameterInRequest_ShouldReturn400_ShouldReturnErrorResponse(java.lang.String, java.lang.String, java.lang.String)[pri:0, instance:com.l1.interop.ILPLedgerAdapterFunctionalTest@51b7e5df]" name="getFulfilledTransfer_ForInvalidURIParameterInRequest_ShouldReturn400_ShouldReturnErrorResponse" class="com.l1.interop.ILPLedgerAdapterFunctionalTest"/>
        <method signature="ILPLedgerAdapterFunctionalTest.getFulfilledTransfer_ForValidFulfilledTransfer_ShouldReturn200_ShouldReturnTransferDetails(java.lang.String, java.lang.String, java.lang.String)[pri:0, instance:com.l1.interop.ILPLedgerAdapterFunctionalTest@51b7e5df]" name="getFulfilledTransfer_ForValidFulfilledTransfer_ShouldReturn200_ShouldReturnTransferDetails" class="com.l1.interop.ILPLedgerAdapterFunctionalTest"/>
        <method signature="ILPLedgerAdapterFunctionalTest.getPreparedTransfer_ForInvalidURIParameterInRequest_ShouldReturn400_ShouldReturnErrorResponse(java.lang.String, java.lang.String, java.lang.String)[pri:0, instance:com.l1.interop.ILPLedgerAdapterFunctionalTest@51b7e5df]" name="getPreparedTransfer_ForInvalidURIParameterInRequest_ShouldReturn400_ShouldReturnErrorResponse" class="com.l1.interop.ILPLedgerAdapterFunctionalTest"/>
        <method signature="ILPLedgerAdapterFunctionalTest.getPreparedTransfer_ForTransferThatDoesNotExist_ShouldReturn404_ShouldReturnErrorResponse(java.lang.String, java.lang.String, java.lang.String)[pri:0, instance:com.l1.interop.ILPLedgerAdapterFunctionalTest@51b7e5df]" name="getPreparedTransfer_ForTransferThatDoesNotExist_ShouldReturn404_ShouldReturnErrorResponse" class="com.l1.interop.ILPLedgerAdapterFunctionalTest"/>
        <method signature="ILPLedgerAdapterFunctionalTest.getPreparedTransfer_ForValidTransfer_ShouldReturn200_ShouldReturnValidResponse(java.lang.String, java.lang.String, java.lang.String, java.lang.String)[pri:0, instance:com.l1.interop.ILPLedgerAdapterFunctionalTest@51b7e5df]" name="getPreparedTransfer_ForValidTransfer_ShouldReturn200_ShouldReturnValidResponse" class="com.l1.interop.ILPLedgerAdapterFunctionalTest"/>
        <method signature="ILPLedgerAdapterFunctionalTest.prepareTransfer_ForEntityThatAlreadyExists_ShouldReturn422_ShouldReturnErrorResponse(java.lang.String, java.lang.String, java.lang.String, java.lang.String)[pri:0, instance:com.l1.interop.ILPLedgerAdapterFunctionalTest@51b7e5df]" name="prepareTransfer_ForEntityThatAlreadyExists_ShouldReturn422_ShouldReturnErrorResponse" class="com.l1.interop.ILPLedgerAdapterFunctionalTest"/>
        <method signature="ILPLedgerAdapterFunctionalTest.prepareTransfer_ForInvalidRequestBody_ShouldReturn400_ShouldReturnErrorResponse(java.lang.String, java.lang.String, java.lang.String)[pri:0, instance:com.l1.interop.ILPLedgerAdapterFunctionalTest@51b7e5df]" name="prepareTransfer_ForInvalidRequestBody_ShouldReturn400_ShouldReturnErrorResponse" class="com.l1.interop.ILPLedgerAdapterFunctionalTest"/>
        <method signature="ILPLedgerAdapterFunctionalTest.prepareTransfer_ForInvalidURIParameter_ShouldReturn400_ShouldReturnErrorResponse(java.lang.String, java.lang.String, java.lang.String)[pri:0, instance:com.l1.interop.ILPLedgerAdapterFunctionalTest@51b7e5df]" name="prepareTransfer_ForInvalidURIParameter_ShouldReturn400_ShouldReturnErrorResponse" class="com.l1.interop.ILPLedgerAdapterFunctionalTest"/>
        <method signature="ILPLedgerAdapterFunctionalTest.prepareTransfer_ForValidSenderAndReceiver_ShouldReturn200_ShouldReturnValidResponse(java.lang.String, java.lang.String, java.lang.String, java.lang.String)[pri:0, instance:com.l1.interop.ILPLedgerAdapterFunctionalTest@51b7e5df]" name="prepareTransfer_ForValidSenderAndReceiver_ShouldReturn200_ShouldReturnValidResponse" class="com.l1.interop.ILPLedgerAdapterFunctionalTest"/>
      </group> <!-- ilp_ledger_adapater_all -->
    </groups>
    <test name="Default test" duration-ms="7847" started-at="2017-02-28T23:04:43Z" finished-at="2017-02-28T23:04:51Z">
      <class name="com.l1.interop.ILPLedgerAdapterFunctionalTest">
        <test-method status="PASS" signature="setup()[pri:0, instance:com.l1.interop.ILPLedgerAdapterFunctionalTest@51b7e5df]" name="setup" is-config="true" duration-ms="669" started-at="2017-02-28T16:04:43Z" finished-at="2017-02-28T16:04:44Z">
          <reporter-output>
          </reporter-output>
        </test-method> <!-- setup -->
        <test-method status="PASS" signature="beforeClass()[pri:0, instance:com.l1.interop.ILPLedgerAdapterFunctionalTest@51b7e5df]" name="beforeClass" is-config="true" duration-ms="1" started-at="2017-02-28T16:04:44Z" finished-at="2017-02-28T16:04:44Z">
          <reporter-output>
          </reporter-output>
        </test-method> <!-- beforeClass -->
        <test-method status="PASS" signature="fulfillTransfer_ForInvalidRequestBody_ShouldReturn400_ShouldReturnErrorResponse(java.lang.String, java.lang.String, java.lang.String)[pri:0, instance:com.l1.interop.ILPLedgerAdapterFunctionalTest@51b7e5df]" name="fulfillTransfer_ForInvalidRequestBody_ShouldReturn400_ShouldReturnErrorResponse" duration-ms="4" started-at="2017-02-28T16:04:44Z" data-provider="fulfill_transfer_negative" finished-at="2017-02-28T16:04:44Z">
          <params>
            <param index="0">
              <value>
                <![CDATA[john]]>
              </value>
            </param>
            <param index="1">
              <value>
                <![CDATA[jane]]>
              </value>
            </param>
            <param index="2">
              <value>
                <![CDATA[100.00]]>
              </value>
            </param>
          </params>
          <reporter-output>
          </reporter-output>
        </test-method> <!-- fulfillTransfer_ForInvalidRequestBody_ShouldReturn400_ShouldReturnErrorResponse -->
        <test-method status="PASS" signature="fulfillTransfer_ForInvalidURIParameter_ShouldReturn400_ShouldReturnErrorResponse(java.lang.String, java.lang.String, java.lang.String)[pri:0, instance:com.l1.interop.ILPLedgerAdapterFunctionalTest@51b7e5df]" name="fulfillTransfer_ForInvalidURIParameter_ShouldReturn400_ShouldReturnErrorResponse" duration-ms="1" started-at="2017-02-28T16:04:44Z" data-provider="fulfill_transfer_negative" finished-at="2017-02-28T16:04:44Z">
          <params>
            <param index="0">
              <value>
                <![CDATA[john]]>
              </value>
            </param>
            <param index="1">
              <value>
                <![CDATA[jane]]>
              </value>
            </param>
            <param index="2">
              <value>
                <![CDATA[100.00]]>
              </value>
            </param>
          </params>
          <reporter-output>
          </reporter-output>
        </test-method> <!-- fulfillTransfer_ForInvalidURIParameter_ShouldReturn400_ShouldReturnErrorResponse -->
        <test-method status="PASS" signature="fulfillTransfer_ForUnmetCondition_ShouldReturn422_ShouldReturnErrorResponse(java.lang.String, java.lang.String, java.lang.String)[pri:0, instance:com.l1.interop.ILPLedgerAdapterFunctionalTest@51b7e5df]" name="fulfillTransfer_ForUnmetCondition_ShouldReturn422_ShouldReturnErrorResponse" duration-ms="1" started-at="2017-02-28T16:04:44Z" data-provider="fulfill_transfer_negative" finished-at="2017-02-28T16:04:44Z">
          <params>
            <param index="0">
              <value>
                <![CDATA[john]]>
              </value>
            </param>
            <param index="1">
              <value>
                <![CDATA[jane]]>
              </value>
            </param>
            <param index="2">
              <value>
                <![CDATA[100.00]]>
              </value>
            </param>
          </params>
          <reporter-output>
          </reporter-output>
        </test-method> <!-- fulfillTransfer_ForUnmetCondition_ShouldReturn422_ShouldReturnErrorResponse -->
        <test-method status="PASS" signature="fulfillTransfer_ForUnproceesableEntity_ShouldReturn422_ShouldReturnErrorResponse(java.lang.String, java.lang.String, java.lang.String)[pri:0, instance:com.l1.interop.ILPLedgerAdapterFunctionalTest@51b7e5df]" name="fulfillTransfer_ForUnproceesableEntity_ShouldReturn422_ShouldReturnErrorResponse" duration-ms="1" started-at="2017-02-28T16:04:44Z" data-provider="fulfill_transfer_negative" finished-at="2017-02-28T16:04:44Z">
          <params>
            <param index="0">
              <value>
                <![CDATA[john]]>
              </value>
            </param>
            <param index="1">
              <value>
                <![CDATA[jane]]>
              </value>
            </param>
            <param index="2">
              <value>
                <![CDATA[100.00]]>
              </value>
            </param>
          </params>
          <reporter-output>
          </reporter-output>
        </test-method> <!-- fulfillTransfer_ForUnproceesableEntity_ShouldReturn422_ShouldReturnErrorResponse -->
        <test-method status="PASS" signature="fulfillTransfer_ForValidRequest_ShouldReturn200_ShouldReturnValidResponse(java.lang.String, java.lang.String, java.lang.String)[pri:0, instance:com.l1.interop.ILPLedgerAdapterFunctionalTest@51b7e5df]" name="fulfillTransfer_ForValidRequest_ShouldReturn200_ShouldReturnValidResponse" duration-ms="1" started-at="2017-02-28T16:04:44Z" data-provider="fulfill_transfer_positive" finished-at="2017-02-28T16:04:44Z">
          <params>
            <param index="0">
              <value>
                <![CDATA[bob]]>
              </value>
            </param>
            <param index="1">
              <value>
                <![CDATA[alice]]>
              </value>
            </param>
            <param index="2">
              <value>
                <![CDATA[100.00]]>
              </value>
            </param>
          </params>
          <reporter-output>
          </reporter-output>
        </test-method> <!-- fulfillTransfer_ForValidRequest_ShouldReturn200_ShouldReturnValidResponse -->
        <test-method status="PASS" signature="getFulfilledTransfer_ForFulfillmentThatDoesNotExist_ShouldReturn404_ShouldReturnErrorResponse(java.lang.String, java.lang.String, java.lang.String)[pri:0, instance:com.l1.interop.ILPLedgerAdapterFunctionalTest@51b7e5df]" name="getFulfilledTransfer_ForFulfillmentThatDoesNotExist_ShouldReturn404_ShouldReturnErrorResponse" duration-ms="0" started-at="2017-02-28T16:04:44Z" data-provider="get_fulfilled_transfer_negative" finished-at="2017-02-28T16:04:44Z">
          <params>
            <param index="0">
              <value>
                <![CDATA[john]]>
              </value>
            </param>
            <param index="1">
              <value>
                <![CDATA[jane]]>
              </value>
            </param>
            <param index="2">
              <value>
                <![CDATA[100.00]]>
              </value>
            </param>
          </params>
          <reporter-output>
          </reporter-output>
        </test-method> <!-- getFulfilledTransfer_ForFulfillmentThatDoesNotExist_ShouldReturn404_ShouldReturnErrorResponse -->
        <test-method status="PASS" signature="getFulfilledTransfer_ForInvalidURIParameterInRequest_ShouldReturn400_ShouldReturnErrorResponse(java.lang.String, java.lang.String, java.lang.String)[pri:0, instance:com.l1.interop.ILPLedgerAdapterFunctionalTest@51b7e5df]" name="getFulfilledTransfer_ForInvalidURIParameterInRequest_ShouldReturn400_ShouldReturnErrorResponse" duration-ms="0" started-at="2017-02-28T16:04:44Z" data-provider="get_prepared_transfer_negative" finished-at="2017-02-28T16:04:44Z">
          <params>
            <param index="0">
              <value>
                <![CDATA[john]]>
              </value>
            </param>
            <param index="1">
              <value>
                <![CDATA[jane]]>
              </value>
            </param>
            <param index="2">
              <value>
                <![CDATA[100.00]]>
              </value>
            </param>
          </params>
          <reporter-output>
          </reporter-output>
        </test-method> <!-- getFulfilledTransfer_ForInvalidURIParameterInRequest_ShouldReturn400_ShouldReturnErrorResponse -->
        <test-method status="PASS" signature="getFulfilledTransfer_ForValidFulfilledTransfer_ShouldReturn200_ShouldReturnTransferDetails(java.lang.String, java.lang.String, java.lang.String)[pri:0, instance:com.l1.interop.ILPLedgerAdapterFunctionalTest@51b7e5df]" name="getFulfilledTransfer_ForValidFulfilledTransfer_ShouldReturn200_ShouldReturnTransferDetails" duration-ms="0" started-at="2017-02-28T16:04:44Z" data-provider="get_fulfilled_transfer_positive" finished-at="2017-02-28T16:04:44Z">
          <params>
            <param index="0">
              <value>
                <![CDATA[bob]]>
              </value>
            </param>
            <param index="1">
              <value>
                <![CDATA[alice]]>
              </value>
            </param>
            <param index="2">
              <value>
                <![CDATA[100.00]]>
              </value>
            </param>
          </params>
          <reporter-output>
          </reporter-output>
        </test-method> <!-- getFulfilledTransfer_ForValidFulfilledTransfer_ShouldReturn200_ShouldReturnTransferDetails -->
        <test-method status="PASS" signature="getPreparedTransfer_ForInvalidURIParameterInRequest_ShouldReturn400_ShouldReturnErrorResponse(java.lang.String, java.lang.String, java.lang.String)[pri:0, instance:com.l1.interop.ILPLedgerAdapterFunctionalTest@51b7e5df]" name="getPreparedTransfer_ForInvalidURIParameterInRequest_ShouldReturn400_ShouldReturnErrorResponse" duration-ms="1" started-at="2017-02-28T16:04:44Z" data-provider="get_prepared_transfer_negative" finished-at="2017-02-28T16:04:44Z">
          <params>
            <param index="0">
              <value>
                <![CDATA[john]]>
              </value>
            </param>
            <param index="1">
              <value>
                <![CDATA[jane]]>
              </value>
            </param>
            <param index="2">
              <value>
                <![CDATA[100.00]]>
              </value>
            </param>
          </params>
          <reporter-output>
          </reporter-output>
        </test-method> <!-- getPreparedTransfer_ForInvalidURIParameterInRequest_ShouldReturn400_ShouldReturnErrorResponse -->
        <test-method status="PASS" signature="getPreparedTransfer_ForTransferThatDoesNotExist_ShouldReturn404_ShouldReturnErrorResponse(java.lang.String, java.lang.String, java.lang.String)[pri:0, instance:com.l1.interop.ILPLedgerAdapterFunctionalTest@51b7e5df]" name="getPreparedTransfer_ForTransferThatDoesNotExist_ShouldReturn404_ShouldReturnErrorResponse" duration-ms="1385" started-at="2017-02-28T16:04:44Z" data-provider="get_prepared_transfer_negative" finished-at="2017-02-28T16:04:45Z">
          <params>
            <param index="0">
              <value>
                <![CDATA[john]]>
              </value>
            </param>
            <param index="1">
              <value>
                <![CDATA[jane]]>
              </value>
            </param>
            <param index="2">
              <value>
                <![CDATA[100.00]]>
              </value>
            </param>
          </params>
          <reporter-output>
          </reporter-output>
        </test-method> <!-- getPreparedTransfer_ForTransferThatDoesNotExist_ShouldReturn404_ShouldReturnErrorResponse -->
        <test-method status="PASS" signature="getPreparedTransfer_ForValidTransfer_ShouldReturn200_ShouldReturnValidResponse(java.lang.String, java.lang.String, java.lang.String, java.lang.String)[pri:0, instance:com.l1.interop.ILPLedgerAdapterFunctionalTest@51b7e5df]" name="getPreparedTransfer_ForValidTransfer_ShouldReturn200_ShouldReturnValidResponse" duration-ms="1506" started-at="2017-02-28T16:04:45Z" data-provider="get_prepared_transfer_positive" finished-at="2017-02-28T16:04:47Z">
          <params>
            <param index="0">
              <value>
                <![CDATA[bob]]>
              </value>
            </param>
            <param index="1">
              <value>
                <![CDATA[alice]]>
              </value>
            </param>
            <param index="2">
              <value>
                <![CDATA[26547070]]>
              </value>
            </param>
            <param index="3">
              <value>
                <![CDATA[100]]>
              </value>
            </param>
          </params>
          <reporter-output>
          </reporter-output>
        </test-method> <!-- getPreparedTransfer_ForValidTransfer_ShouldReturn200_ShouldReturnValidResponse -->
        <test-method status="PASS" signature="prepareTransfer_ForEntityThatAlreadyExists_ShouldReturn422_ShouldReturnErrorResponse(java.lang.String, java.lang.String, java.lang.String, java.lang.String)[pri:0, instance:com.l1.interop.ILPLedgerAdapterFunctionalTest@51b7e5df]" name="prepareTransfer_ForEntityThatAlreadyExists_ShouldReturn422_ShouldReturnErrorResponse" duration-ms="1327" started-at="2017-02-28T16:04:47Z" data-provider="prepare_transfer_positive" finished-at="2017-02-28T16:04:48Z">
          <params>
            <param index="0">
              <value>
                <![CDATA[bob]]>
              </value>
            </param>
            <param index="1">
              <value>
                <![CDATA[alice]]>
              </value>
            </param>
            <param index="2">
              <value>
                <![CDATA[26547070]]>
              </value>
            </param>
            <param index="3">
              <value>
                <![CDATA[100]]>
              </value>
            </param>
          </params>
          <reporter-output>
          </reporter-output>
        </test-method> <!-- prepareTransfer_ForEntityThatAlreadyExists_ShouldReturn422_ShouldReturnErrorResponse -->
        <test-method status="PASS" signature="prepareTransfer_ForInvalidRequestBody_ShouldReturn400_ShouldReturnErrorResponse(java.lang.String, java.lang.String, java.lang.String)[pri:0, instance:com.l1.interop.ILPLedgerAdapterFunctionalTest@51b7e5df]" name="prepareTransfer_ForInvalidRequestBody_ShouldReturn400_ShouldReturnErrorResponse" duration-ms="263" started-at="2017-02-28T16:04:48Z" data-provider="prepare_transfer_negative" finished-at="2017-02-28T16:04:48Z">
          <params>
            <param index="0">
              <value>
                <![CDATA[john]]>
              </value>
            </param>
            <param index="1">
              <value>
                <![CDATA[jane]]>
              </value>
            </param>
            <param index="2">
              <value>
                <![CDATA[100.00]]>
              </value>
            </param>
          </params>
          <reporter-output>
          </reporter-output>
        </test-method> <!-- prepareTransfer_ForInvalidRequestBody_ShouldReturn400_ShouldReturnErrorResponse -->
        <test-method status="PASS" signature="prepareTransfer_ForInvalidURIParameter_ShouldReturn400_ShouldReturnErrorResponse(java.lang.String, java.lang.String, java.lang.String)[pri:0, instance:com.l1.interop.ILPLedgerAdapterFunctionalTest@51b7e5df]" name="prepareTransfer_ForInvalidURIParameter_ShouldReturn400_ShouldReturnErrorResponse" duration-ms="254" started-at="2017-02-28T16:04:48Z" data-provider="prepare_transfer_negative" finished-at="2017-02-28T16:04:49Z">
          <params>
            <param index="0">
              <value>
                <![CDATA[john]]>
              </value>
            </param>
            <param index="1">
              <value>
                <![CDATA[jane]]>
              </value>
            </param>
            <param index="2">
              <value>
                <![CDATA[100.00]]>
              </value>
            </param>
          </params>
          <reporter-output>
          </reporter-output>
        </test-method> <!-- prepareTransfer_ForInvalidURIParameter_ShouldReturn400_ShouldReturnErrorResponse -->
        <test-method status="PASS" signature="prepareTransfer_ForValidSenderAndReceiver_ShouldReturn200_ShouldReturnValidResponse(java.lang.String, java.lang.String, java.lang.String, java.lang.String)[pri:0, instance:com.l1.interop.ILPLedgerAdapterFunctionalTest@51b7e5df]" name="prepareTransfer_ForValidSenderAndReceiver_ShouldReturn200_ShouldReturnValidResponse" duration-ms="2403" started-at="2017-02-28T16:04:49Z" data-provider="prepare_transfer_positive" finished-at="2017-02-28T16:04:51Z">
          <params>
            <param index="0">
              <value>
                <![CDATA[bob]]>
              </value>
            </param>
            <param index="1">
              <value>
                <![CDATA[alice]]>
              </value>
            </param>
            <param index="2">
              <value>
                <![CDATA[26547070]]>
              </value>
            </param>
            <param index="3">
              <value>
                <![CDATA[100]]>
              </value>
            </param>
          </params>
          <reporter-output>
          </reporter-output>
        </test-method> <!-- prepareTransfer_ForValidSenderAndReceiver_ShouldReturn200_ShouldReturnValidResponse -->
        <test-method status="PASS" signature="afterClass()[pri:0, instance:com.l1.interop.ILPLedgerAdapterFunctionalTest@51b7e5df]" name="afterClass" is-config="true" duration-ms="0" started-at="2017-02-28T16:04:51Z" finished-at="2017-02-28T16:04:51Z">
          <reporter-output>
          </reporter-output>
        </test-method> <!-- afterClass -->
      </class> <!-- com.l1.interop.ILPLedgerAdapterFunctionalTest -->
    </test> <!-- Default test -->
  </suite> <!-- Default suite -->
</testng-results>
