<?xml version="1.0" encoding="UTF-8"?>
<testng-results skipped="0" failed="0" total="3" passed="3">
  <reporter-output>
  </reporter-output>
  <suite name="Default suite" duration-ms="43792" started-at="2016-12-21T19:24:19Z" finished-at="2016-12-21T19:25:03Z">
    <groups>
      <group name="paymentSetup">
        <method signature="FullPaymentSetupExecuteForNotificationTests.test_fullPaymentSetupAndPaymentExecution(java.lang.String, java.lang.String, java.lang.String)[pri:0, instance:com.l1.interop.business_processes.full_payment_with_notifications.FullPaymentSetupExecuteForNotificationTests@51f116b8]" name="test_fullPaymentSetupAndPaymentExecution" class="com.l1.interop.business_processes.full_payment_with_notifications.FullPaymentSetupExecuteForNotificationTests"/>
      </group> <!-- paymentSetup -->
      <group name="payment_setup_and_execute_with_notification">
        <method signature="FullPaymentSetupExecuteForNotificationTests.test_fullPaymentSetupAndPaymentExecution(java.lang.String, java.lang.String, java.lang.String)[pri:0, instance:com.l1.interop.business_processes.full_payment_with_notifications.FullPaymentSetupExecuteForNotificationTests@51f116b8]" name="test_fullPaymentSetupAndPaymentExecution" class="com.l1.interop.business_processes.full_payment_with_notifications.FullPaymentSetupExecuteForNotificationTests"/>
        <method signature="FullPaymentSetupExecuteForNotificationTests.test_receiving_message_from_websocket()[pri:0, instance:com.l1.interop.business_processes.full_payment_with_notifications.FullPaymentSetupExecuteForNotificationTests@51f116b8]" name="test_receiving_message_from_websocket" class="com.l1.interop.business_processes.full_payment_with_notifications.FullPaymentSetupExecuteForNotificationTests"/>
      </group> <!-- payment_setup_and_execute_with_notification -->
      <group name="notificationSetup">
        <method signature="FullPaymentSetupExecuteForNotificationTests.setupWebSocketListener()[pri:0, instance:com.l1.interop.business_processes.full_payment_with_notifications.FullPaymentSetupExecuteForNotificationTests@51f116b8]" name="setupWebSocketListener" class="com.l1.interop.business_processes.full_payment_with_notifications.FullPaymentSetupExecuteForNotificationTests"/>
      </group> <!-- notificationSetup -->
    </groups>
    <test name="Default test" duration-ms="43792" started-at="2016-12-21T19:24:19Z" finished-at="2016-12-21T19:25:03Z">
      <class name="com.l1.interop.business_processes.full_payment_with_notifications.FullPaymentSetupExecuteForNotificationTests">
        <test-method status="PASS" signature="setup()[pri:0, instance:com.l1.interop.business_processes.full_payment_with_notifications.FullPaymentSetupExecuteForNotificationTests@51f116b8]" name="setup" is-config="true" duration-ms="1450" started-at="2016-12-21T12:24:19Z" finished-at="2016-12-21T12:24:21Z">
          <reporter-output>
          </reporter-output>
        </test-method> <!-- setup -->
        <test-method status="PASS" signature="beforeClass()[pri:0, instance:com.l1.interop.business_processes.full_payment_with_notifications.FullPaymentSetupExecuteForNotificationTests@51f116b8]" name="beforeClass" is-config="true" duration-ms="41" started-at="2016-12-21T12:24:21Z" finished-at="2016-12-21T12:24:21Z">
          <reporter-output>
          </reporter-output>
        </test-method> <!-- beforeClass -->
        <test-method status="PASS" signature="setupWebSocketListener()[pri:0, instance:com.l1.interop.business_processes.full_payment_with_notifications.FullPaymentSetupExecuteForNotificationTests@51f116b8]" name="setupWebSocketListener" duration-ms="549" started-at="2016-12-21T12:24:21Z" finished-at="2016-12-21T12:24:21Z">
          <reporter-output>
          </reporter-output>
        </test-method> <!-- setupWebSocketListener -->
        <test-method status="PASS" signature="test_fullPaymentSetupAndPaymentExecution(java.lang.String, java.lang.String, java.lang.String)[pri:0, instance:com.l1.interop.business_processes.full_payment_with_notifications.FullPaymentSetupExecuteForNotificationTests@51f116b8]" name="test_fullPaymentSetupAndPaymentExecution" duration-ms="2586" depends-on-groups="notificationSetup" started-at="2016-12-21T12:24:21Z" data-provider="setup_positive" finished-at="2016-12-21T12:24:24Z">
          <params>
            <param index="0">
              <value>
                <![CDATA[26547070]]>
              </value>
            </param>
            <param index="1">
              <value>
                <![CDATA[85555384]]>
              </value>
            </param>
            <param index="2">
              <value>
                <![CDATA[100]]>
              </value>
            </param>
          </params>
          <reporter-output>
          </reporter-output>
        </test-method> <!-- test_fullPaymentSetupAndPaymentExecution -->
        <test-method status="PASS" signature="test_receiving_message_from_websocket()[pri:0, instance:com.l1.interop.business_processes.full_payment_with_notifications.FullPaymentSetupExecuteForNotificationTests@51f116b8]" name="test_receiving_message_from_websocket" duration-ms="39140" depends-on-groups="paymentSetup, notificationSetup" started-at="2016-12-21T12:24:24Z" description="test an asynchronous process receive" finished-at="2016-12-21T12:25:03Z">
          <reporter-output>
          </reporter-output>
        </test-method> <!-- test_receiving_message_from_websocket -->
        <test-method status="PASS" signature="afterClass()[pri:0, instance:com.l1.interop.business_processes.full_payment_with_notifications.FullPaymentSetupExecuteForNotificationTests@51f116b8]" name="afterClass" is-config="true" duration-ms="1" started-at="2016-12-21T12:25:03Z" finished-at="2016-12-21T12:25:03Z">
          <reporter-output>
          </reporter-output>
        </test-method> <!-- afterClass -->
      </class> <!-- com.l1.interop.business_processes.full_payment_with_notifications.FullPaymentSetupExecuteForNotificationTests -->
    </test> <!-- Default test -->
  </suite> <!-- Default suite -->
</testng-results>
