<?xml version="1.0" encoding="UTF-8"?>
<testng-results skipped="0" failed="0" total="3" passed="3">
  <reporter-output>
  </reporter-output>
  <suite name="Failed suite [Failed suite [Failed suite [Default suite]]]" duration-ms="3961" started-at="2016-12-07T20:10:53Z" finished-at="2016-12-07T20:10:57Z">
    <groups>
    </groups>
    <test name="Default test(failed)(failed)(failed)" duration-ms="3961" started-at="2016-12-07T20:10:53Z" finished-at="2016-12-07T20:10:57Z">
      <class name="com.l1.interop.DirectoryFunctionalTest">
        <test-method status="PASS" signature="setup()[pri:0, instance:com.l1.interop.DirectoryFunctionalTest@25a65b77]" name="setup" is-config="true" duration-ms="1021" started-at="2016-12-07T13:10:53Z" finished-at="2016-12-07T13:10:54Z">
          <reporter-output>
          </reporter-output>
        </test-method> <!-- setup -->
        <test-method status="PASS" signature="beforeClass()[pri:0, instance:com.l1.interop.DirectoryFunctionalTest@25a65b77]" name="beforeClass" is-config="true" duration-ms="2" started-at="2016-12-07T13:10:54Z" finished-at="2016-12-07T13:10:54Z">
          <reporter-output>
          </reporter-output>
        </test-method> <!-- beforeClass -->
        <test-method status="PASS" signature="get_directory_resources_positive_using_BASIC_AUTH(java.lang.String, java.lang.String)[pri:0, instance:com.l1.interop.DirectoryFunctionalTest@25a65b77]" name="get_directory_resources_positive_using_BASIC_AUTH" duration-ms="2282" started-at="2016-12-07T13:10:54Z" description="Description: get directory resources and uses BASIC AUTH" data-provider="get_directory_resources_positive" finished-at="2016-12-07T13:10:57Z">
          <params>
            <param index="0">
              <value>
                <![CDATA[85555384]]>
              </value>
            </param>
            <param index="1">
              <value>
                <![CDATA[eur]]>
              </value>
            </param>
          </params>
          <reporter-output>
          </reporter-output>
        </test-method> <!-- get_directory_resources_positive_using_BASIC_AUTH -->
        <test-method status="PASS" signature="get_directory_resources_positive_using_BASIC_AUTH(java.lang.String, java.lang.String)[pri:0, instance:com.l1.interop.DirectoryFunctionalTest@25a65b77]" name="get_directory_resources_positive_using_BASIC_AUTH" duration-ms="319" started-at="2016-12-07T13:10:57Z" description="Description: get directory resources and uses BASIC AUTH" data-provider="get_directory_resources_positive" finished-at="2016-12-07T13:10:57Z">
          <params>
            <param index="0">
              <value>
                <![CDATA[47168965]]>
              </value>
            </param>
            <param index="1">
              <value>
                <![CDATA[eur]]>
              </value>
            </param>
          </params>
          <reporter-output>
          </reporter-output>
        </test-method> <!-- get_directory_resources_positive_using_BASIC_AUTH -->
        <test-method status="PASS" signature="get_directory_resources_positive_using_BASIC_AUTH(java.lang.String, java.lang.String)[pri:0, instance:com.l1.interop.DirectoryFunctionalTest@25a65b77]" name="get_directory_resources_positive_using_BASIC_AUTH" duration-ms="318" started-at="2016-12-07T13:10:57Z" description="Description: get directory resources and uses BASIC AUTH" data-provider="get_directory_resources_positive" finished-at="2016-12-07T13:10:57Z">
          <params>
            <param index="0">
              <value>
                <![CDATA[34654426]]>
              </value>
            </param>
            <param index="1">
              <value>
                <![CDATA[eur]]>
              </value>
            </param>
          </params>
          <reporter-output>
          </reporter-output>
        </test-method> <!-- get_directory_resources_positive_using_BASIC_AUTH -->
        <test-method status="PASS" signature="afterClass()[pri:0, instance:com.l1.interop.DirectoryFunctionalTest@25a65b77]" name="afterClass" is-config="true" duration-ms="0" started-at="2016-12-07T13:10:57Z" finished-at="2016-12-07T13:10:57Z">
          <reporter-output>
          </reporter-output>
        </test-method> <!-- afterClass -->
      </class> <!-- com.l1.interop.DirectoryFunctionalTest -->
    </test> <!-- Default test(failed)(failed)(failed) -->
  </suite> <!-- Failed suite [Failed suite [Failed suite [Default suite]]] -->
</testng-results>
