<?xml version="1.0" encoding="UTF-8"?>
<testng-results skipped="0" failed="1" total="2" passed="1">
  <reporter-output>
  </reporter-output>
  <suite name="Default suite" duration-ms="17091" started-at="2016-12-09T22:44:15Z" finished-at="2016-12-09T22:44:33Z">
    <groups>
      <group name="paymentSetup">
        <method signature="FullPaymentSetupExecuteForNotificationTests.test_fullPaymentSetupAndPaymentExecution(java.lang.String, java.lang.String, java.lang.String)[pri:0, instance:com.l1.interop.business_processes.full_payment_with_notifications.FullPaymentSetupExecuteForNotificationTests@29ba4338]" name="test_fullPaymentSetupAndPaymentExecution" class="com.l1.interop.business_processes.full_payment_with_notifications.FullPaymentSetupExecuteForNotificationTests"/>
      </group> <!-- paymentSetup -->
      <group name="payment_setup_and_execute_with_notification">
        <method signature="FullPaymentSetupExecuteForNotificationTests.test_fullPaymentSetupAndPaymentExecution(java.lang.String, java.lang.String, java.lang.String)[pri:0, instance:com.l1.interop.business_processes.full_payment_with_notifications.FullPaymentSetupExecuteForNotificationTests@29ba4338]" name="test_fullPaymentSetupAndPaymentExecution" class="com.l1.interop.business_processes.full_payment_with_notifications.FullPaymentSetupExecuteForNotificationTests"/>
        <method signature="FullPaymentSetupExecuteForNotificationTests.test_receiving_message_from_websocket()[pri:0, instance:com.l1.interop.business_processes.full_payment_with_notifications.FullPaymentSetupExecuteForNotificationTests@29ba4338]" name="test_receiving_message_from_websocket" class="com.l1.interop.business_processes.full_payment_with_notifications.FullPaymentSetupExecuteForNotificationTests"/>
      </group> <!-- payment_setup_and_execute_with_notification -->
    </groups>
    <test name="Default test" duration-ms="17091" started-at="2016-12-09T22:44:15Z" finished-at="2016-12-09T22:44:33Z">
      <class name="com.l1.interop.business_processes.full_payment_with_notifications.FullPaymentSetupExecuteForNotificationTests">
        <test-method status="PASS" signature="setup()[pri:0, instance:com.l1.interop.business_processes.full_payment_with_notifications.FullPaymentSetupExecuteForNotificationTests@29ba4338]" name="setup" is-config="true" duration-ms="1805" started-at="2016-12-09T15:44:15Z" finished-at="2016-12-09T15:44:17Z">
          <reporter-output>
          </reporter-output>
        </test-method> <!-- setup -->
        <test-method status="PASS" signature="beforeClass()[pri:0, instance:com.l1.interop.business_processes.full_payment_with_notifications.FullPaymentSetupExecuteForNotificationTests@29ba4338]" name="beforeClass" is-config="true" duration-ms="13" started-at="2016-12-09T15:44:17Z" finished-at="2016-12-09T15:44:17Z">
          <reporter-output>
          </reporter-output>
        </test-method> <!-- beforeClass -->
        <test-method status="PASS" signature="test_fullPaymentSetupAndPaymentExecution(java.lang.String, java.lang.String, java.lang.String)[pri:0, instance:com.l1.interop.business_processes.full_payment_with_notifications.FullPaymentSetupExecuteForNotificationTests@29ba4338]" name="test_fullPaymentSetupAndPaymentExecution" duration-ms="5218" started-at="2016-12-09T15:44:17Z" data-provider="setup_positive" finished-at="2016-12-09T15:44:23Z">
          <params>
            <param index="0">
              <value>
                <![CDATA[26547070]]>
              </value>
            </param>
            <param index="1">
              <value>
                <![CDATA[85555384]]>
              </value>
            </param>
            <param index="2">
              <value>
                <![CDATA[100]]>
              </value>
            </param>
          </params>
          <reporter-output>
          </reporter-output>
        </test-method> <!-- test_fullPaymentSetupAndPaymentExecution -->
        <test-method status="FAIL" signature="test_receiving_message_from_websocket()[pri:0, instance:com.l1.interop.business_processes.full_payment_with_notifications.FullPaymentSetupExecuteForNotificationTests@29ba4338]" name="test_receiving_message_from_websocket" duration-ms="10027" depends-on-groups="paymentSetup" started-at="2016-12-09T15:44:23Z" description="test an asynchronous process receive" finished-at="2016-12-09T15:44:33Z">
          <exception class="org.testng.internal.thread.ThreadTimeoutException">
            <message>
              <![CDATA[Method org.testng.internal.TestNGMethod.test_receiving_message_from_websocket() didn't finish within the time-out 10000]]>
            </message>
            <full-stacktrace>
              <![CDATA[org.testng.internal.thread.ThreadTimeoutException: Method org.testng.internal.TestNGMethod.test_receiving_message_from_websocket() didn't finish within the time-out 10000
	at java.util.IdentityHashMap.keySet(IdentityHashMap.java:968)
	at java.util.Collections$SetFromMap.<init>(Collections.java:5453)
	at java.util.Collections.newSetFromMap(Collections.java:5437)
	at java.lang.Throwable.printStackTrace(Throwable.java:650)
	at java.lang.Throwable.printStackTrace(Throwable.java:643)
	at java.lang.Throwable.printStackTrace(Throwable.java:634)
	at com.l1.interop.business_processes.full_payment_with_notifications.FullPaymentSetupExecuteForNotificationTests.test_receiving_message_from_websocket(FullPaymentSetupExecuteForNotificationTests.java:385)
	at sun.reflect.NativeMethodAccessorImpl.invoke0(Native Method)
	at sun.reflect.NativeMethodAccessorImpl.invoke(NativeMethodAccessorImpl.java:62)
	at sun.reflect.DelegatingMethodAccessorImpl.invoke(DelegatingMethodAccessorImpl.java:43)
	at java.lang.reflect.Method.invoke(Method.java:498)
	at org.testng.internal.MethodInvocationHelper.invokeMethod(MethodInvocationHelper.java:84)
	at org.testng.internal.InvokeMethodRunnable.runOne(InvokeMethodRunnable.java:46)
	at org.testng.internal.InvokeMethodRunnable.run(InvokeMethodRunnable.java:37)
	at java.util.concurrent.Executors$RunnableAdapter.call(Executors.java:511)
	at java.util.concurrent.FutureTask.run(FutureTask.java:266)
	at java.util.concurrent.ThreadPoolExecutor.runWorker(ThreadPoolExecutor.java:1142)
	at java.util.concurrent.ThreadPoolExecutor$Worker.run(ThreadPoolExecutor.java:617)
	at java.lang.Thread.run(Thread.java:745)
]]>
            </full-stacktrace>
          </exception> <!-- org.testng.internal.thread.ThreadTimeoutException -->
          <reporter-output>
          </reporter-output>
        </test-method> <!-- test_receiving_message_from_websocket -->
        <test-method status="PASS" signature="afterClass()[pri:0, instance:com.l1.interop.business_processes.full_payment_with_notifications.FullPaymentSetupExecuteForNotificationTests@29ba4338]" name="afterClass" is-config="true" duration-ms="2" started-at="2016-12-09T15:44:33Z" finished-at="2016-12-09T15:44:33Z">
          <reporter-output>
          </reporter-output>
        </test-method> <!-- afterClass -->
      </class> <!-- com.l1.interop.business_processes.full_payment_with_notifications.FullPaymentSetupExecuteForNotificationTests -->
    </test> <!-- Default test -->
  </suite> <!-- Default suite -->
</testng-results>
