<?xml version="1.0" encoding="UTF-8"?>
<testng-results skipped="0" failed="4" total="15" passed="11">
  <reporter-output>
  </reporter-output>
  <suite name="Default suite" duration-ms="5416" started-at="2017-02-28T20:46:17Z" finished-at="2017-02-28T20:46:22Z">
    <groups>
      <group name="ilp_ledger_adapater_prepare_fulfilled_transfer">
        <method signature="ILPLedgerAdapterFunctionalTest.getFulfilledTransfer_ForFulfillmentThatDoesNotExist_ShouldReturn404_ShouldReturnErrorResponse(java.lang.String, java.lang.String, java.lang.String)[pri:0, instance:com.l1.interop.ILPLedgerAdapterFunctionalTest@51b7e5df]" name="getFulfilledTransfer_ForFulfillmentThatDoesNotExist_ShouldReturn404_ShouldReturnErrorResponse" class="com.l1.interop.ILPLedgerAdapterFunctionalTest"/>
        <method signature="ILPLedgerAdapterFunctionalTest.getFulfilledTransfer_ForValidFulfilledTransfer_ShouldReturn200_ShouldReturnTransferDetails(java.lang.String, java.lang.String, java.lang.String)[pri:0, instance:com.l1.interop.ILPLedgerAdapterFunctionalTest@51b7e5df]" name="getFulfilledTransfer_ForValidFulfilledTransfer_ShouldReturn200_ShouldReturnTransferDetails" class="com.l1.interop.ILPLedgerAdapterFunctionalTest"/>
      </group> <!-- ilp_ledger_adapater_prepare_fulfilled_transfer -->
      <group name="ilp_ledger_adapater_prepare_fulfill_transfer">
        <method signature="ILPLedgerAdapterFunctionalTest.fulfillTransfer_ForInvalidRequestBody_ShouldReturn400_ShouldReturnErrorResponse(java.lang.String, java.lang.String, java.lang.String)[pri:0, instance:com.l1.interop.ILPLedgerAdapterFunctionalTest@51b7e5df]" name="fulfillTransfer_ForInvalidRequestBody_ShouldReturn400_ShouldReturnErrorResponse" class="com.l1.interop.ILPLedgerAdapterFunctionalTest"/>
        <method signature="ILPLedgerAdapterFunctionalTest.fulfillTransfer_ForInvalidURIParameter_ShouldReturn400_ShouldReturnErrorResponse(java.lang.String, java.lang.String, java.lang.String)[pri:0, instance:com.l1.interop.ILPLedgerAdapterFunctionalTest@51b7e5df]" name="fulfillTransfer_ForInvalidURIParameter_ShouldReturn400_ShouldReturnErrorResponse" class="com.l1.interop.ILPLedgerAdapterFunctionalTest"/>
        <method signature="ILPLedgerAdapterFunctionalTest.fulfillTransfer_ForUnmetCondition_ShouldReturn422_ShouldReturnErrorResponse(java.lang.String, java.lang.String, java.lang.String)[pri:0, instance:com.l1.interop.ILPLedgerAdapterFunctionalTest@51b7e5df]" name="fulfillTransfer_ForUnmetCondition_ShouldReturn422_ShouldReturnErrorResponse" class="com.l1.interop.ILPLedgerAdapterFunctionalTest"/>
        <method signature="ILPLedgerAdapterFunctionalTest.fulfillTransfer_ForUnproceesableEntity_ShouldReturn422_ShouldReturnErrorResponse(java.lang.String, java.lang.String, java.lang.String)[pri:0, instance:com.l1.interop.ILPLedgerAdapterFunctionalTest@51b7e5df]" name="fulfillTransfer_ForUnproceesableEntity_ShouldReturn422_ShouldReturnErrorResponse" class="com.l1.interop.ILPLedgerAdapterFunctionalTest"/>
        <method signature="ILPLedgerAdapterFunctionalTest.fulfillTransfer_ForValidRequest_ShouldReturn200_ShouldReturnValidResponse(java.lang.String, java.lang.String, java.lang.String)[pri:0, instance:com.l1.interop.ILPLedgerAdapterFunctionalTest@51b7e5df]" name="fulfillTransfer_ForValidRequest_ShouldReturn200_ShouldReturnValidResponse" class="com.l1.interop.ILPLedgerAdapterFunctionalTest"/>
      </group> <!-- ilp_ledger_adapater_prepare_fulfill_transfer -->
      <group name="ilp_ledger_adapater_prepare_transfer">
        <method signature="ILPLedgerAdapterFunctionalTest.getFulfilledTransfer_ForInvalidURIParameterInRequest_ShouldReturn400_ShouldReturnErrorResponse(java.lang.String, java.lang.String, java.lang.String)[pri:0, instance:com.l1.interop.ILPLedgerAdapterFunctionalTest@51b7e5df]" name="getFulfilledTransfer_ForInvalidURIParameterInRequest_ShouldReturn400_ShouldReturnErrorResponse" class="com.l1.interop.ILPLedgerAdapterFunctionalTest"/>
        <method signature="ILPLedgerAdapterFunctionalTest.getPreparedTransfer_ForInvalidURIParameterInRequest_ShouldReturn400_ShouldReturnErrorResponse(java.lang.String, java.lang.String, java.lang.String)[pri:0, instance:com.l1.interop.ILPLedgerAdapterFunctionalTest@51b7e5df]" name="getPreparedTransfer_ForInvalidURIParameterInRequest_ShouldReturn400_ShouldReturnErrorResponse" class="com.l1.interop.ILPLedgerAdapterFunctionalTest"/>
        <method signature="ILPLedgerAdapterFunctionalTest.getPreparedTransfer_ForTransferThatDoesNotExist_ShouldReturn404_ShouldReturnErrorResponse(java.lang.String, java.lang.String, java.lang.String)[pri:0, instance:com.l1.interop.ILPLedgerAdapterFunctionalTest@51b7e5df]" name="getPreparedTransfer_ForTransferThatDoesNotExist_ShouldReturn404_ShouldReturnErrorResponse" class="com.l1.interop.ILPLedgerAdapterFunctionalTest"/>
        <method signature="ILPLedgerAdapterFunctionalTest.getPreparedTransfer_ForValidTransfer_ShouldReturn200_ShouldReturnValidResponse(java.lang.String, java.lang.String, java.lang.String)[pri:0, instance:com.l1.interop.ILPLedgerAdapterFunctionalTest@51b7e5df]" name="getPreparedTransfer_ForValidTransfer_ShouldReturn200_ShouldReturnValidResponse" class="com.l1.interop.ILPLedgerAdapterFunctionalTest"/>
        <method signature="ILPLedgerAdapterFunctionalTest.prepareTransfer_ForEntityThatAlreadyExists_ShouldReturn422_ShouldReturnErrorResponse(java.lang.String, java.lang.String, java.lang.String)[pri:0, instance:com.l1.interop.ILPLedgerAdapterFunctionalTest@51b7e5df]" name="prepareTransfer_ForEntityThatAlreadyExists_ShouldReturn422_ShouldReturnErrorResponse" class="com.l1.interop.ILPLedgerAdapterFunctionalTest"/>
        <method signature="ILPLedgerAdapterFunctionalTest.prepareTransfer_ForInvalidRequestBody_ShouldReturn400_ShouldReturnErrorResponse(java.lang.String, java.lang.String, java.lang.String)[pri:0, instance:com.l1.interop.ILPLedgerAdapterFunctionalTest@51b7e5df]" name="prepareTransfer_ForInvalidRequestBody_ShouldReturn400_ShouldReturnErrorResponse" class="com.l1.interop.ILPLedgerAdapterFunctionalTest"/>
        <method signature="ILPLedgerAdapterFunctionalTest.prepareTransfer_ForInvalidURIParameter_ShouldReturn400_ShouldReturnErrorResponse(java.lang.String, java.lang.String, java.lang.String)[pri:0, instance:com.l1.interop.ILPLedgerAdapterFunctionalTest@51b7e5df]" name="prepareTransfer_ForInvalidURIParameter_ShouldReturn400_ShouldReturnErrorResponse" class="com.l1.interop.ILPLedgerAdapterFunctionalTest"/>
        <method signature="ILPLedgerAdapterFunctionalTest.prepareTransfer_ForValidSenderAndReceiver_ShouldReturn200_ShouldReturnValidResponse(java.lang.String, java.lang.String, java.lang.String, java.lang.String)[pri:0, instance:com.l1.interop.ILPLedgerAdapterFunctionalTest@51b7e5df]" name="prepareTransfer_ForValidSenderAndReceiver_ShouldReturn200_ShouldReturnValidResponse" class="com.l1.interop.ILPLedgerAdapterFunctionalTest"/>
      </group> <!-- ilp_ledger_adapater_prepare_transfer -->
      <group name="ilp_ledger_adapater_all">
        <method signature="ILPLedgerAdapterFunctionalTest.fulfillTransfer_ForInvalidRequestBody_ShouldReturn400_ShouldReturnErrorResponse(java.lang.String, java.lang.String, java.lang.String)[pri:0, instance:com.l1.interop.ILPLedgerAdapterFunctionalTest@51b7e5df]" name="fulfillTransfer_ForInvalidRequestBody_ShouldReturn400_ShouldReturnErrorResponse" class="com.l1.interop.ILPLedgerAdapterFunctionalTest"/>
        <method signature="ILPLedgerAdapterFunctionalTest.fulfillTransfer_ForInvalidURIParameter_ShouldReturn400_ShouldReturnErrorResponse(java.lang.String, java.lang.String, java.lang.String)[pri:0, instance:com.l1.interop.ILPLedgerAdapterFunctionalTest@51b7e5df]" name="fulfillTransfer_ForInvalidURIParameter_ShouldReturn400_ShouldReturnErrorResponse" class="com.l1.interop.ILPLedgerAdapterFunctionalTest"/>
        <method signature="ILPLedgerAdapterFunctionalTest.fulfillTransfer_ForUnmetCondition_ShouldReturn422_ShouldReturnErrorResponse(java.lang.String, java.lang.String, java.lang.String)[pri:0, instance:com.l1.interop.ILPLedgerAdapterFunctionalTest@51b7e5df]" name="fulfillTransfer_ForUnmetCondition_ShouldReturn422_ShouldReturnErrorResponse" class="com.l1.interop.ILPLedgerAdapterFunctionalTest"/>
        <method signature="ILPLedgerAdapterFunctionalTest.fulfillTransfer_ForUnproceesableEntity_ShouldReturn422_ShouldReturnErrorResponse(java.lang.String, java.lang.String, java.lang.String)[pri:0, instance:com.l1.interop.ILPLedgerAdapterFunctionalTest@51b7e5df]" name="fulfillTransfer_ForUnproceesableEntity_ShouldReturn422_ShouldReturnErrorResponse" class="com.l1.interop.ILPLedgerAdapterFunctionalTest"/>
        <method signature="ILPLedgerAdapterFunctionalTest.fulfillTransfer_ForValidRequest_ShouldReturn200_ShouldReturnValidResponse(java.lang.String, java.lang.String, java.lang.String)[pri:0, instance:com.l1.interop.ILPLedgerAdapterFunctionalTest@51b7e5df]" name="fulfillTransfer_ForValidRequest_ShouldReturn200_ShouldReturnValidResponse" class="com.l1.interop.ILPLedgerAdapterFunctionalTest"/>
        <method signature="ILPLedgerAdapterFunctionalTest.getFulfilledTransfer_ForFulfillmentThatDoesNotExist_ShouldReturn404_ShouldReturnErrorResponse(java.lang.String, java.lang.String, java.lang.String)[pri:0, instance:com.l1.interop.ILPLedgerAdapterFunctionalTest@51b7e5df]" name="getFulfilledTransfer_ForFulfillmentThatDoesNotExist_ShouldReturn404_ShouldReturnErrorResponse" class="com.l1.interop.ILPLedgerAdapterFunctionalTest"/>
        <method signature="ILPLedgerAdapterFunctionalTest.getFulfilledTransfer_ForInvalidURIParameterInRequest_ShouldReturn400_ShouldReturnErrorResponse(java.lang.String, java.lang.String, java.lang.String)[pri:0, instance:com.l1.interop.ILPLedgerAdapterFunctionalTest@51b7e5df]" name="getFulfilledTransfer_ForInvalidURIParameterInRequest_ShouldReturn400_ShouldReturnErrorResponse" class="com.l1.interop.ILPLedgerAdapterFunctionalTest"/>
        <method signature="ILPLedgerAdapterFunctionalTest.getFulfilledTransfer_ForValidFulfilledTransfer_ShouldReturn200_ShouldReturnTransferDetails(java.lang.String, java.lang.String, java.lang.String)[pri:0, instance:com.l1.interop.ILPLedgerAdapterFunctionalTest@51b7e5df]" name="getFulfilledTransfer_ForValidFulfilledTransfer_ShouldReturn200_ShouldReturnTransferDetails" class="com.l1.interop.ILPLedgerAdapterFunctionalTest"/>
        <method signature="ILPLedgerAdapterFunctionalTest.getPreparedTransfer_ForInvalidURIParameterInRequest_ShouldReturn400_ShouldReturnErrorResponse(java.lang.String, java.lang.String, java.lang.String)[pri:0, instance:com.l1.interop.ILPLedgerAdapterFunctionalTest@51b7e5df]" name="getPreparedTransfer_ForInvalidURIParameterInRequest_ShouldReturn400_ShouldReturnErrorResponse" class="com.l1.interop.ILPLedgerAdapterFunctionalTest"/>
        <method signature="ILPLedgerAdapterFunctionalTest.getPreparedTransfer_ForTransferThatDoesNotExist_ShouldReturn404_ShouldReturnErrorResponse(java.lang.String, java.lang.String, java.lang.String)[pri:0, instance:com.l1.interop.ILPLedgerAdapterFunctionalTest@51b7e5df]" name="getPreparedTransfer_ForTransferThatDoesNotExist_ShouldReturn404_ShouldReturnErrorResponse" class="com.l1.interop.ILPLedgerAdapterFunctionalTest"/>
        <method signature="ILPLedgerAdapterFunctionalTest.getPreparedTransfer_ForValidTransfer_ShouldReturn200_ShouldReturnValidResponse(java.lang.String, java.lang.String, java.lang.String)[pri:0, instance:com.l1.interop.ILPLedgerAdapterFunctionalTest@51b7e5df]" name="getPreparedTransfer_ForValidTransfer_ShouldReturn200_ShouldReturnValidResponse" class="com.l1.interop.ILPLedgerAdapterFunctionalTest"/>
        <method signature="ILPLedgerAdapterFunctionalTest.prepareTransfer_ForEntityThatAlreadyExists_ShouldReturn422_ShouldReturnErrorResponse(java.lang.String, java.lang.String, java.lang.String)[pri:0, instance:com.l1.interop.ILPLedgerAdapterFunctionalTest@51b7e5df]" name="prepareTransfer_ForEntityThatAlreadyExists_ShouldReturn422_ShouldReturnErrorResponse" class="com.l1.interop.ILPLedgerAdapterFunctionalTest"/>
        <method signature="ILPLedgerAdapterFunctionalTest.prepareTransfer_ForInvalidRequestBody_ShouldReturn400_ShouldReturnErrorResponse(java.lang.String, java.lang.String, java.lang.String)[pri:0, instance:com.l1.interop.ILPLedgerAdapterFunctionalTest@51b7e5df]" name="prepareTransfer_ForInvalidRequestBody_ShouldReturn400_ShouldReturnErrorResponse" class="com.l1.interop.ILPLedgerAdapterFunctionalTest"/>
        <method signature="ILPLedgerAdapterFunctionalTest.prepareTransfer_ForInvalidURIParameter_ShouldReturn400_ShouldReturnErrorResponse(java.lang.String, java.lang.String, java.lang.String)[pri:0, instance:com.l1.interop.ILPLedgerAdapterFunctionalTest@51b7e5df]" name="prepareTransfer_ForInvalidURIParameter_ShouldReturn400_ShouldReturnErrorResponse" class="com.l1.interop.ILPLedgerAdapterFunctionalTest"/>
        <method signature="ILPLedgerAdapterFunctionalTest.prepareTransfer_ForValidSenderAndReceiver_ShouldReturn200_ShouldReturnValidResponse(java.lang.String, java.lang.String, java.lang.String, java.lang.String)[pri:0, instance:com.l1.interop.ILPLedgerAdapterFunctionalTest@51b7e5df]" name="prepareTransfer_ForValidSenderAndReceiver_ShouldReturn200_ShouldReturnValidResponse" class="com.l1.interop.ILPLedgerAdapterFunctionalTest"/>
      </group> <!-- ilp_ledger_adapater_all -->
    </groups>
    <test name="Default test" duration-ms="5416" started-at="2017-02-28T20:46:17Z" finished-at="2017-02-28T20:46:22Z">
      <class name="com.l1.interop.ILPLedgerAdapterFunctionalTest">
        <test-method status="PASS" signature="setup()[pri:0, instance:com.l1.interop.ILPLedgerAdapterFunctionalTest@51b7e5df]" name="setup" is-config="true" duration-ms="902" started-at="2017-02-28T13:46:17Z" finished-at="2017-02-28T13:46:18Z">
          <reporter-output>
          </reporter-output>
        </test-method> <!-- setup -->
        <test-method status="PASS" signature="beforeClass()[pri:0, instance:com.l1.interop.ILPLedgerAdapterFunctionalTest@51b7e5df]" name="beforeClass" is-config="true" duration-ms="2" started-at="2017-02-28T13:46:18Z" finished-at="2017-02-28T13:46:18Z">
          <reporter-output>
          </reporter-output>
        </test-method> <!-- beforeClass -->
        <test-method status="PASS" signature="fulfillTransfer_ForInvalidRequestBody_ShouldReturn400_ShouldReturnErrorResponse(java.lang.String, java.lang.String, java.lang.String)[pri:0, instance:com.l1.interop.ILPLedgerAdapterFunctionalTest@51b7e5df]" name="fulfillTransfer_ForInvalidRequestBody_ShouldReturn400_ShouldReturnErrorResponse" duration-ms="4" started-at="2017-02-28T13:46:18Z" data-provider="fulfill_transfer_negative" finished-at="2017-02-28T13:46:18Z">
          <params>
            <param index="0">
              <value>
                <![CDATA[john]]>
              </value>
            </param>
            <param index="1">
              <value>
                <![CDATA[jane]]>
              </value>
            </param>
            <param index="2">
              <value>
                <![CDATA[100.00]]>
              </value>
            </param>
          </params>
          <reporter-output>
          </reporter-output>
        </test-method> <!-- fulfillTransfer_ForInvalidRequestBody_ShouldReturn400_ShouldReturnErrorResponse -->
        <test-method status="PASS" signature="fulfillTransfer_ForInvalidURIParameter_ShouldReturn400_ShouldReturnErrorResponse(java.lang.String, java.lang.String, java.lang.String)[pri:0, instance:com.l1.interop.ILPLedgerAdapterFunctionalTest@51b7e5df]" name="fulfillTransfer_ForInvalidURIParameter_ShouldReturn400_ShouldReturnErrorResponse" duration-ms="1" started-at="2017-02-28T13:46:18Z" data-provider="fulfill_transfer_negative" finished-at="2017-02-28T13:46:18Z">
          <params>
            <param index="0">
              <value>
                <![CDATA[john]]>
              </value>
            </param>
            <param index="1">
              <value>
                <![CDATA[jane]]>
              </value>
            </param>
            <param index="2">
              <value>
                <![CDATA[100.00]]>
              </value>
            </param>
          </params>
          <reporter-output>
          </reporter-output>
        </test-method> <!-- fulfillTransfer_ForInvalidURIParameter_ShouldReturn400_ShouldReturnErrorResponse -->
        <test-method status="PASS" signature="fulfillTransfer_ForUnmetCondition_ShouldReturn422_ShouldReturnErrorResponse(java.lang.String, java.lang.String, java.lang.String)[pri:0, instance:com.l1.interop.ILPLedgerAdapterFunctionalTest@51b7e5df]" name="fulfillTransfer_ForUnmetCondition_ShouldReturn422_ShouldReturnErrorResponse" duration-ms="1" started-at="2017-02-28T13:46:18Z" data-provider="fulfill_transfer_negative" finished-at="2017-02-28T13:46:18Z">
          <params>
            <param index="0">
              <value>
                <![CDATA[john]]>
              </value>
            </param>
            <param index="1">
              <value>
                <![CDATA[jane]]>
              </value>
            </param>
            <param index="2">
              <value>
                <![CDATA[100.00]]>
              </value>
            </param>
          </params>
          <reporter-output>
          </reporter-output>
        </test-method> <!-- fulfillTransfer_ForUnmetCondition_ShouldReturn422_ShouldReturnErrorResponse -->
        <test-method status="PASS" signature="fulfillTransfer_ForUnproceesableEntity_ShouldReturn422_ShouldReturnErrorResponse(java.lang.String, java.lang.String, java.lang.String)[pri:0, instance:com.l1.interop.ILPLedgerAdapterFunctionalTest@51b7e5df]" name="fulfillTransfer_ForUnproceesableEntity_ShouldReturn422_ShouldReturnErrorResponse" duration-ms="1" started-at="2017-02-28T13:46:18Z" data-provider="fulfill_transfer_negative" finished-at="2017-02-28T13:46:18Z">
          <params>
            <param index="0">
              <value>
                <![CDATA[john]]>
              </value>
            </param>
            <param index="1">
              <value>
                <![CDATA[jane]]>
              </value>
            </param>
            <param index="2">
              <value>
                <![CDATA[100.00]]>
              </value>
            </param>
          </params>
          <reporter-output>
          </reporter-output>
        </test-method> <!-- fulfillTransfer_ForUnproceesableEntity_ShouldReturn422_ShouldReturnErrorResponse -->
        <test-method status="PASS" signature="fulfillTransfer_ForValidRequest_ShouldReturn200_ShouldReturnValidResponse(java.lang.String, java.lang.String, java.lang.String)[pri:0, instance:com.l1.interop.ILPLedgerAdapterFunctionalTest@51b7e5df]" name="fulfillTransfer_ForValidRequest_ShouldReturn200_ShouldReturnValidResponse" duration-ms="0" started-at="2017-02-28T13:46:18Z" data-provider="fulfill_transfer_positive" finished-at="2017-02-28T13:46:18Z">
          <params>
            <param index="0">
              <value>
                <![CDATA[bob]]>
              </value>
            </param>
            <param index="1">
              <value>
                <![CDATA[alice]]>
              </value>
            </param>
            <param index="2">
              <value>
                <![CDATA[100.00]]>
              </value>
            </param>
          </params>
          <reporter-output>
          </reporter-output>
        </test-method> <!-- fulfillTransfer_ForValidRequest_ShouldReturn200_ShouldReturnValidResponse -->
        <test-method status="PASS" signature="getFulfilledTransfer_ForFulfillmentThatDoesNotExist_ShouldReturn404_ShouldReturnErrorResponse(java.lang.String, java.lang.String, java.lang.String)[pri:0, instance:com.l1.interop.ILPLedgerAdapterFunctionalTest@51b7e5df]" name="getFulfilledTransfer_ForFulfillmentThatDoesNotExist_ShouldReturn404_ShouldReturnErrorResponse" duration-ms="1" started-at="2017-02-28T13:46:18Z" data-provider="get_fulfilled_transfer_negative" finished-at="2017-02-28T13:46:18Z">
          <params>
            <param index="0">
              <value>
                <![CDATA[john]]>
              </value>
            </param>
            <param index="1">
              <value>
                <![CDATA[jane]]>
              </value>
            </param>
            <param index="2">
              <value>
                <![CDATA[100.00]]>
              </value>
            </param>
          </params>
          <reporter-output>
          </reporter-output>
        </test-method> <!-- getFulfilledTransfer_ForFulfillmentThatDoesNotExist_ShouldReturn404_ShouldReturnErrorResponse -->
        <test-method status="PASS" signature="getFulfilledTransfer_ForInvalidURIParameterInRequest_ShouldReturn400_ShouldReturnErrorResponse(java.lang.String, java.lang.String, java.lang.String)[pri:0, instance:com.l1.interop.ILPLedgerAdapterFunctionalTest@51b7e5df]" name="getFulfilledTransfer_ForInvalidURIParameterInRequest_ShouldReturn400_ShouldReturnErrorResponse" duration-ms="1" started-at="2017-02-28T13:46:18Z" data-provider="get_prepared_transfer_negative" finished-at="2017-02-28T13:46:18Z">
          <params>
            <param index="0">
              <value>
                <![CDATA[john]]>
              </value>
            </param>
            <param index="1">
              <value>
                <![CDATA[jane]]>
              </value>
            </param>
            <param index="2">
              <value>
                <![CDATA[100.00]]>
              </value>
            </param>
          </params>
          <reporter-output>
          </reporter-output>
        </test-method> <!-- getFulfilledTransfer_ForInvalidURIParameterInRequest_ShouldReturn400_ShouldReturnErrorResponse -->
        <test-method status="PASS" signature="getFulfilledTransfer_ForValidFulfilledTransfer_ShouldReturn200_ShouldReturnTransferDetails(java.lang.String, java.lang.String, java.lang.String)[pri:0, instance:com.l1.interop.ILPLedgerAdapterFunctionalTest@51b7e5df]" name="getFulfilledTransfer_ForValidFulfilledTransfer_ShouldReturn200_ShouldReturnTransferDetails" duration-ms="1" started-at="2017-02-28T13:46:18Z" data-provider="get_fulfilled_transfer_positive" finished-at="2017-02-28T13:46:18Z">
          <params>
            <param index="0">
              <value>
                <![CDATA[bob]]>
              </value>
            </param>
            <param index="1">
              <value>
                <![CDATA[alice]]>
              </value>
            </param>
            <param index="2">
              <value>
                <![CDATA[100.00]]>
              </value>
            </param>
          </params>
          <reporter-output>
          </reporter-output>
        </test-method> <!-- getFulfilledTransfer_ForValidFulfilledTransfer_ShouldReturn200_ShouldReturnTransferDetails -->
        <test-method status="PASS" signature="getPreparedTransfer_ForInvalidURIParameterInRequest_ShouldReturn400_ShouldReturnErrorResponse(java.lang.String, java.lang.String, java.lang.String)[pri:0, instance:com.l1.interop.ILPLedgerAdapterFunctionalTest@51b7e5df]" name="getPreparedTransfer_ForInvalidURIParameterInRequest_ShouldReturn400_ShouldReturnErrorResponse" duration-ms="1" started-at="2017-02-28T13:46:18Z" data-provider="get_prepared_transfer_negative" finished-at="2017-02-28T13:46:18Z">
          <params>
            <param index="0">
              <value>
                <![CDATA[john]]>
              </value>
            </param>
            <param index="1">
              <value>
                <![CDATA[jane]]>
              </value>
            </param>
            <param index="2">
              <value>
                <![CDATA[100.00]]>
              </value>
            </param>
          </params>
          <reporter-output>
          </reporter-output>
        </test-method> <!-- getPreparedTransfer_ForInvalidURIParameterInRequest_ShouldReturn400_ShouldReturnErrorResponse -->
        <test-method status="PASS" signature="getPreparedTransfer_ForTransferThatDoesNotExist_ShouldReturn404_ShouldReturnErrorResponse(java.lang.String, java.lang.String, java.lang.String)[pri:0, instance:com.l1.interop.ILPLedgerAdapterFunctionalTest@51b7e5df]" name="getPreparedTransfer_ForTransferThatDoesNotExist_ShouldReturn404_ShouldReturnErrorResponse" duration-ms="1561" started-at="2017-02-28T13:46:18Z" data-provider="get_prepared_transfer_negative" finished-at="2017-02-28T13:46:19Z">
          <params>
            <param index="0">
              <value>
                <![CDATA[john]]>
              </value>
            </param>
            <param index="1">
              <value>
                <![CDATA[jane]]>
              </value>
            </param>
            <param index="2">
              <value>
                <![CDATA[100.00]]>
              </value>
            </param>
          </params>
          <reporter-output>
          </reporter-output>
        </test-method> <!-- getPreparedTransfer_ForTransferThatDoesNotExist_ShouldReturn404_ShouldReturnErrorResponse -->
        <test-method status="FAIL" signature="getPreparedTransfer_ForValidTransfer_ShouldReturn200_ShouldReturnValidResponse(java.lang.String, java.lang.String, java.lang.String)[pri:0, instance:com.l1.interop.ILPLedgerAdapterFunctionalTest@51b7e5df]" name="getPreparedTransfer_ForValidTransfer_ShouldReturn200_ShouldReturnValidResponse" duration-ms="694" started-at="2017-02-28T13:46:19Z" data-provider="get_prepared_transfer_positive" finished-at="2017-02-28T13:46:20Z">
          <params>
            <param index="0">
              <value>
                <![CDATA[bob]]>
              </value>
            </param>
            <param index="1">
              <value>
                <![CDATA[alice]]>
              </value>
            </param>
            <param index="2">
              <value>
                <![CDATA[100]]>
              </value>
            </param>
          </params>
          <exception class="java.lang.AssertionError">
            <message>
              <![CDATA[response http code
Expected: <201>
     but: was <500>]]>
            </message>
            <full-stacktrace>
              <![CDATA[java.lang.AssertionError: response http code
Expected: <201>
     but: was <500>
	at org.hamcrest.MatcherAssert.assertThat(MatcherAssert.java:20)
	at com.l1.interop.ILPLedgerAdapterFunctionalTest.getPreparedTransfer_ForValidTransfer_ShouldReturn200_ShouldReturnValidResponse(ILPLedgerAdapterFunctionalTest.java:585)
	at sun.reflect.NativeMethodAccessorImpl.invoke0(Native Method)
	at sun.reflect.NativeMethodAccessorImpl.invoke(NativeMethodAccessorImpl.java:62)
	at sun.reflect.DelegatingMethodAccessorImpl.invoke(DelegatingMethodAccessorImpl.java:43)
	at java.lang.reflect.Method.invoke(Method.java:498)
	at org.testng.internal.MethodInvocationHelper.invokeMethod(MethodInvocationHelper.java:84)
	at org.testng.internal.Invoker.invokeMethod(Invoker.java:714)
	at org.testng.internal.Invoker.invokeTestMethod(Invoker.java:901)
	at org.testng.internal.Invoker.invokeTestMethods(Invoker.java:1231)
	at org.testng.internal.TestMethodWorker.invokeTestMethods(TestMethodWorker.java:127)
	at org.testng.internal.TestMethodWorker.run(TestMethodWorker.java:111)
	at org.testng.TestRunner.privateRun(TestRunner.java:767)
	at org.testng.TestRunner.run(TestRunner.java:617)
	at org.testng.SuiteRunner.runTest(SuiteRunner.java:348)
	at org.testng.SuiteRunner.runSequentially(SuiteRunner.java:343)
	at org.testng.SuiteRunner.privateRun(SuiteRunner.java:305)
	at org.testng.SuiteRunner.run(SuiteRunner.java:254)
	at org.testng.SuiteRunnerWorker.runSuite(SuiteRunnerWorker.java:52)
	at org.testng.SuiteRunnerWorker.run(SuiteRunnerWorker.java:86)
	at org.testng.TestNG.runSuitesSequentially(TestNG.java:1224)
	at org.testng.TestNG.runSuitesLocally(TestNG.java:1149)
	at org.testng.TestNG.run(TestNG.java:1057)
	at org.testng.remote.AbstractRemoteTestNG.run(AbstractRemoteTestNG.java:132)
	at org.testng.remote.RemoteTestNG.initAndRun(RemoteTestNG.java:236)
	at org.testng.remote.RemoteTestNG.main(RemoteTestNG.java:81)
]]>
            </full-stacktrace>
          </exception> <!-- java.lang.AssertionError -->
          <reporter-output>
          </reporter-output>
        </test-method> <!-- getPreparedTransfer_ForValidTransfer_ShouldReturn200_ShouldReturnValidResponse -->
        <test-method status="FAIL" signature="prepareTransfer_ForEntityThatAlreadyExists_ShouldReturn422_ShouldReturnErrorResponse(java.lang.String, java.lang.String, java.lang.String)[pri:0, instance:com.l1.interop.ILPLedgerAdapterFunctionalTest@51b7e5df]" name="prepareTransfer_ForEntityThatAlreadyExists_ShouldReturn422_ShouldReturnErrorResponse" duration-ms="1" started-at="2017-02-28T13:46:20Z" data-provider="prepare_transfer_positive" finished-at="2017-02-28T13:46:20Z">
          <exception class="org.testng.TestNGException">
            <message>
              <![CDATA[
The data provider is trying to pass 4 parameters but the method com.l1.interop.ILPLedgerAdapterFunctionalTest#prepareTransfer_ForEntityThatAlreadyExists_ShouldReturn422_ShouldReturnErrorResponse takes 3]]>
            </message>
            <full-stacktrace>
              <![CDATA[org.testng.TestNGException: 
The data provider is trying to pass 4 parameters but the method com.l1.interop.ILPLedgerAdapterFunctionalTest#prepareTransfer_ForEntityThatAlreadyExists_ShouldReturn422_ShouldReturnErrorResponse takes 3
	at org.testng.internal.Invoker.injectParameters(Invoker.java:1337)
	at org.testng.internal.Invoker.invokeTestMethods(Invoker.java:1225)
	at org.testng.internal.TestMethodWorker.invokeTestMethods(TestMethodWorker.java:127)
	at org.testng.internal.TestMethodWorker.run(TestMethodWorker.java:111)
	at org.testng.TestRunner.privateRun(TestRunner.java:767)
	at org.testng.TestRunner.run(TestRunner.java:617)
	at org.testng.SuiteRunner.runTest(SuiteRunner.java:348)
	at org.testng.SuiteRunner.runSequentially(SuiteRunner.java:343)
	at org.testng.SuiteRunner.privateRun(SuiteRunner.java:305)
	at org.testng.SuiteRunner.run(SuiteRunner.java:254)
	at org.testng.SuiteRunnerWorker.runSuite(SuiteRunnerWorker.java:52)
	at org.testng.SuiteRunnerWorker.run(SuiteRunnerWorker.java:86)
	at org.testng.TestNG.runSuitesSequentially(TestNG.java:1224)
	at org.testng.TestNG.runSuitesLocally(TestNG.java:1149)
	at org.testng.TestNG.run(TestNG.java:1057)
	at org.testng.remote.AbstractRemoteTestNG.run(AbstractRemoteTestNG.java:132)
	at org.testng.remote.RemoteTestNG.initAndRun(RemoteTestNG.java:236)
	at org.testng.remote.RemoteTestNG.main(RemoteTestNG.java:81)
]]>
            </full-stacktrace>
          </exception> <!-- org.testng.TestNGException -->
          <reporter-output>
          </reporter-output>
        </test-method> <!-- prepareTransfer_ForEntityThatAlreadyExists_ShouldReturn422_ShouldReturnErrorResponse -->
        <test-method status="FAIL" signature="prepareTransfer_ForInvalidRequestBody_ShouldReturn400_ShouldReturnErrorResponse(java.lang.String, java.lang.String, java.lang.String)[pri:0, instance:com.l1.interop.ILPLedgerAdapterFunctionalTest@51b7e5df]" name="prepareTransfer_ForInvalidRequestBody_ShouldReturn400_ShouldReturnErrorResponse" duration-ms="364" started-at="2017-02-28T13:46:20Z" data-provider="prepare_transfer_negative" finished-at="2017-02-28T13:46:20Z">
          <params>
            <param index="0">
              <value>
                <![CDATA[john]]>
              </value>
            </param>
            <param index="1">
              <value>
                <![CDATA[jane]]>
              </value>
            </param>
            <param index="2">
              <value>
                <![CDATA[100.00]]>
              </value>
            </param>
          </params>
          <exception class="java.lang.AssertionError">
            <message>
              <![CDATA[1 expectation failed.
JSON path error_id doesn't match.
Expected: InvalidBodyError
  Actual: null
]]>
            </message>
            <full-stacktrace>
              <![CDATA[java.lang.AssertionError: 1 expectation failed.
JSON path error_id doesn't match.
Expected: InvalidBodyError
  Actual: null

	at sun.reflect.NativeConstructorAccessorImpl.newInstance0(Native Method)
	at sun.reflect.NativeConstructorAccessorImpl.newInstance(NativeConstructorAccessorImpl.java:62)
	at sun.reflect.DelegatingConstructorAccessorImpl.newInstance(DelegatingConstructorAccessorImpl.java:45)
	at java.lang.reflect.Constructor.newInstance(Constructor.java:423)
	at org.codehaus.groovy.reflection.CachedConstructor.invoke(CachedConstructor.java:80)
	at org.codehaus.groovy.reflection.CachedConstructor.doConstructorInvoke(CachedConstructor.java:74)
	at org.codehaus.groovy.runtime.callsite.ConstructorSite$ConstructorSiteNoUnwrap.callConstructor(ConstructorSite.java:84)
	at org.codehaus.groovy.runtime.callsite.CallSiteArray.defaultCallConstructor(CallSiteArray.java:60)
	at org.codehaus.groovy.runtime.callsite.AbstractCallSite.callConstructor(AbstractCallSite.java:235)
	at org.codehaus.groovy.runtime.callsite.AbstractCallSite.callConstructor(AbstractCallSite.java:247)
	at io.restassured.internal.ResponseSpecificationImpl$HamcrestAssertionClosure.validate(ResponseSpecificationImpl.groovy:470)
	at io.restassured.internal.ResponseSpecificationImpl$HamcrestAssertionClosure$validate$1.call(Unknown Source)
	at io.restassured.internal.ResponseSpecificationImpl.validateResponseIfRequired(ResponseSpecificationImpl.groovy:632)
	at sun.reflect.NativeMethodAccessorImpl.invoke0(Native Method)
	at sun.reflect.NativeMethodAccessorImpl.invoke(NativeMethodAccessorImpl.java:62)
	at sun.reflect.DelegatingMethodAccessorImpl.invoke(DelegatingMethodAccessorImpl.java:43)
	at java.lang.reflect.Method.invoke(Method.java:498)
	at org.codehaus.groovy.runtime.callsite.PogoMetaMethodSite$PogoCachedMethodSiteNoUnwrapNoCoerce.invoke(PogoMetaMethodSite.java:210)
	at org.codehaus.groovy.runtime.callsite.PogoMetaMethodSite.callCurrent(PogoMetaMethodSite.java:59)
	at org.codehaus.groovy.runtime.callsite.CallSiteArray.defaultCallCurrent(CallSiteArray.java:52)
	at org.codehaus.groovy.runtime.callsite.AbstractCallSite.callCurrent(AbstractCallSite.java:154)
	at org.codehaus.groovy.runtime.callsite.AbstractCallSite.callCurrent(AbstractCallSite.java:166)
	at io.restassured.internal.ResponseSpecificationImpl.content(ResponseSpecificationImpl.groovy:264)
	at io.restassured.specification.ResponseSpecification$content$3.callCurrent(Unknown Source)
	at org.codehaus.groovy.runtime.callsite.CallSiteArray.defaultCallCurrent(CallSiteArray.java:52)
	at org.codehaus.groovy.runtime.callsite.AbstractCallSite.callCurrent(AbstractCallSite.java:154)
	at org.codehaus.groovy.runtime.callsite.AbstractCallSite.callCurrent(AbstractCallSite.java:190)
	at io.restassured.internal.ResponseSpecificationImpl.body(ResponseSpecificationImpl.groovy:247)
	at io.restassured.internal.ValidatableResponseOptionsImpl.body(ValidatableResponseOptionsImpl.java:268)
	at com.l1.interop.ILPLedgerAdapterFunctionalTest.prepareTransfer_ForInvalidRequestBody_ShouldReturn400_ShouldReturnErrorResponse(ILPLedgerAdapterFunctionalTest.java:518)
	at sun.reflect.NativeMethodAccessorImpl.invoke0(Native Method)
	at sun.reflect.NativeMethodAccessorImpl.invoke(NativeMethodAccessorImpl.java:62)
	at sun.reflect.DelegatingMethodAccessorImpl.invoke(DelegatingMethodAccessorImpl.java:43)
	at java.lang.reflect.Method.invoke(Method.java:498)
	at org.testng.internal.MethodInvocationHelper.invokeMethod(MethodInvocationHelper.java:84)
	at org.testng.internal.Invoker.invokeMethod(Invoker.java:714)
	at org.testng.internal.Invoker.invokeTestMethod(Invoker.java:901)
	at org.testng.internal.Invoker.invokeTestMethods(Invoker.java:1231)
	at org.testng.internal.TestMethodWorker.invokeTestMethods(TestMethodWorker.java:127)
	at org.testng.internal.TestMethodWorker.run(TestMethodWorker.java:111)
	at org.testng.TestRunner.privateRun(TestRunner.java:767)
	at org.testng.TestRunner.run(TestRunner.java:617)
	at org.testng.SuiteRunner.runTest(SuiteRunner.java:348)
	at org.testng.SuiteRunner.runSequentially(SuiteRunner.java:343)
	at org.testng.SuiteRunner.privateRun(SuiteRunner.java:305)
	at org.testng.SuiteRunner.run(SuiteRunner.java:254)
	at org.testng.SuiteRunnerWorker.runSuite(SuiteRunnerWorker.java:52)
	at org.testng.SuiteRunnerWorker.run(SuiteRunnerWorker.java:86)
	at org.testng.TestNG.runSuitesSequentially(TestNG.java:1224)
	at org.testng.TestNG.runSuitesLocally(TestNG.java:1149)
	at org.testng.TestNG.run(TestNG.java:1057)
	at org.testng.remote.AbstractRemoteTestNG.run(AbstractRemoteTestNG.java:132)
	at org.testng.remote.RemoteTestNG.initAndRun(RemoteTestNG.java:236)
	at org.testng.remote.RemoteTestNG.main(RemoteTestNG.java:81)
]]>
            </full-stacktrace>
          </exception> <!-- java.lang.AssertionError -->
          <reporter-output>
          </reporter-output>
        </test-method> <!-- prepareTransfer_ForInvalidRequestBody_ShouldReturn400_ShouldReturnErrorResponse -->
        <test-method status="FAIL" signature="prepareTransfer_ForInvalidURIParameter_ShouldReturn400_ShouldReturnErrorResponse(java.lang.String, java.lang.String, java.lang.String)[pri:0, instance:com.l1.interop.ILPLedgerAdapterFunctionalTest@51b7e5df]" name="prepareTransfer_ForInvalidURIParameter_ShouldReturn400_ShouldReturnErrorResponse" duration-ms="222" started-at="2017-02-28T13:46:20Z" data-provider="prepare_transfer_negative" finished-at="2017-02-28T13:46:21Z">
          <params>
            <param index="0">
              <value>
                <![CDATA[john]]>
              </value>
            </param>
            <param index="1">
              <value>
                <![CDATA[jane]]>
              </value>
            </param>
            <param index="2">
              <value>
                <![CDATA[100.00]]>
              </value>
            </param>
          </params>
          <exception class="java.lang.AssertionError">
            <message>
              <![CDATA[1 expectation failed.
Expected status code <422> doesn't match actual status code <200>.
]]>
            </message>
            <full-stacktrace>
              <![CDATA[java.lang.AssertionError: 1 expectation failed.
Expected status code <422> doesn't match actual status code <200>.

	at sun.reflect.NativeConstructorAccessorImpl.newInstance0(Native Method)
	at sun.reflect.NativeConstructorAccessorImpl.newInstance(NativeConstructorAccessorImpl.java:62)
	at sun.reflect.DelegatingConstructorAccessorImpl.newInstance(DelegatingConstructorAccessorImpl.java:45)
	at java.lang.reflect.Constructor.newInstance(Constructor.java:423)
	at org.codehaus.groovy.reflection.CachedConstructor.invoke(CachedConstructor.java:80)
	at org.codehaus.groovy.reflection.CachedConstructor.doConstructorInvoke(CachedConstructor.java:74)
	at org.codehaus.groovy.runtime.callsite.ConstructorSite$ConstructorSiteNoUnwrap.callConstructor(ConstructorSite.java:84)
	at org.codehaus.groovy.runtime.callsite.AbstractCallSite.callConstructor(AbstractCallSite.java:247)
	at io.restassured.internal.ResponseSpecificationImpl$HamcrestAssertionClosure.validate(ResponseSpecificationImpl.groovy:470)
	at io.restassured.internal.ResponseSpecificationImpl$HamcrestAssertionClosure$validate$1.call(Unknown Source)
	at io.restassured.internal.ResponseSpecificationImpl.validateResponseIfRequired(ResponseSpecificationImpl.groovy:632)
	at sun.reflect.NativeMethodAccessorImpl.invoke0(Native Method)
	at sun.reflect.NativeMethodAccessorImpl.invoke(NativeMethodAccessorImpl.java:62)
	at sun.reflect.DelegatingMethodAccessorImpl.invoke(DelegatingMethodAccessorImpl.java:43)
	at java.lang.reflect.Method.invoke(Method.java:498)
	at org.codehaus.groovy.runtime.callsite.PogoMetaMethodSite$PogoCachedMethodSiteNoUnwrapNoCoerce.invoke(PogoMetaMethodSite.java:210)
	at org.codehaus.groovy.runtime.callsite.PogoMetaMethodSite.callCurrent(PogoMetaMethodSite.java:59)
	at org.codehaus.groovy.runtime.callsite.AbstractCallSite.callCurrent(AbstractCallSite.java:166)
	at io.restassured.internal.ResponseSpecificationImpl.statusCode(ResponseSpecificationImpl.groovy:121)
	at io.restassured.specification.ResponseSpecification$statusCode$2.callCurrent(Unknown Source)
	at io.restassured.internal.ResponseSpecificationImpl.statusCode(ResponseSpecificationImpl.groovy:129)
	at io.restassured.internal.ValidatableResponseOptionsImpl.statusCode(ValidatableResponseOptionsImpl.java:117)
	at com.l1.interop.ILPLedgerAdapterFunctionalTest.prepareTransfer_ForInvalidURIParameter_ShouldReturn400_ShouldReturnErrorResponse(ILPLedgerAdapterFunctionalTest.java:479)
	at sun.reflect.NativeMethodAccessorImpl.invoke0(Native Method)
	at sun.reflect.NativeMethodAccessorImpl.invoke(NativeMethodAccessorImpl.java:62)
	at sun.reflect.DelegatingMethodAccessorImpl.invoke(DelegatingMethodAccessorImpl.java:43)
	at java.lang.reflect.Method.invoke(Method.java:498)
	at org.testng.internal.MethodInvocationHelper.invokeMethod(MethodInvocationHelper.java:84)
	at org.testng.internal.Invoker.invokeMethod(Invoker.java:714)
	at org.testng.internal.Invoker.invokeTestMethod(Invoker.java:901)
	at org.testng.internal.Invoker.invokeTestMethods(Invoker.java:1231)
	at org.testng.internal.TestMethodWorker.invokeTestMethods(TestMethodWorker.java:127)
	at org.testng.internal.TestMethodWorker.run(TestMethodWorker.java:111)
	at org.testng.TestRunner.privateRun(TestRunner.java:767)
	at org.testng.TestRunner.run(TestRunner.java:617)
	at org.testng.SuiteRunner.runTest(SuiteRunner.java:348)
	at org.testng.SuiteRunner.runSequentially(SuiteRunner.java:343)
	at org.testng.SuiteRunner.privateRun(SuiteRunner.java:305)
	at org.testng.SuiteRunner.run(SuiteRunner.java:254)
	at org.testng.SuiteRunnerWorker.runSuite(SuiteRunnerWorker.java:52)
	at org.testng.SuiteRunnerWorker.run(SuiteRunnerWorker.java:86)
	at org.testng.TestNG.runSuitesSequentially(TestNG.java:1224)
	at org.testng.TestNG.runSuitesLocally(TestNG.java:1149)
	at org.testng.TestNG.run(TestNG.java:1057)
	at org.testng.remote.AbstractRemoteTestNG.run(AbstractRemoteTestNG.java:132)
	at org.testng.remote.RemoteTestNG.initAndRun(RemoteTestNG.java:236)
	at org.testng.remote.RemoteTestNG.main(RemoteTestNG.java:81)
]]>
            </full-stacktrace>
          </exception> <!-- java.lang.AssertionError -->
          <reporter-output>
          </reporter-output>
        </test-method> <!-- prepareTransfer_ForInvalidURIParameter_ShouldReturn400_ShouldReturnErrorResponse -->
        <test-method status="PASS" signature="prepareTransfer_ForValidSenderAndReceiver_ShouldReturn200_ShouldReturnValidResponse(java.lang.String, java.lang.String, java.lang.String, java.lang.String)[pri:0, instance:com.l1.interop.ILPLedgerAdapterFunctionalTest@51b7e5df]" name="prepareTransfer_ForValidSenderAndReceiver_ShouldReturn200_ShouldReturnValidResponse" duration-ms="1611" started-at="2017-02-28T13:46:21Z" data-provider="prepare_transfer_positive" finished-at="2017-02-28T13:46:22Z">
          <params>
            <param index="0">
              <value>
                <![CDATA[bob]]>
              </value>
            </param>
            <param index="1">
              <value>
                <![CDATA[alice]]>
              </value>
            </param>
            <param index="2">
              <value>
                <![CDATA[26547070]]>
              </value>
            </param>
            <param index="3">
              <value>
                <![CDATA[100]]>
              </value>
            </param>
          </params>
          <reporter-output>
          </reporter-output>
        </test-method> <!-- prepareTransfer_ForValidSenderAndReceiver_ShouldReturn200_ShouldReturnValidResponse -->
        <test-method status="PASS" signature="afterClass()[pri:0, instance:com.l1.interop.ILPLedgerAdapterFunctionalTest@51b7e5df]" name="afterClass" is-config="true" duration-ms="0" started-at="2017-02-28T13:46:22Z" finished-at="2017-02-28T13:46:22Z">
          <reporter-output>
          </reporter-output>
        </test-method> <!-- afterClass -->
      </class> <!-- com.l1.interop.ILPLedgerAdapterFunctionalTest -->
    </test> <!-- Default test -->
  </suite> <!-- Default suite -->
</testng-results>
