<?xml version="1.0" encoding="UTF-8"?>
<testng-results skipped="0" failed="0" total="2" passed="2">
  <reporter-output>
  </reporter-output>
  <suite name="Default suite" duration-ms="4161" started-at="2016-12-03T00:03:54Z" finished-at="2016-12-03T00:03:59Z">
    <groups>
    </groups>
    <test name="Default test" duration-ms="4161" started-at="2016-12-03T00:03:54Z" finished-at="2016-12-03T00:03:59Z">
      <class name="com.l1.interop.UserRegistrationFunctionalTests">
        <test-method status="PASS" signature="setup()[pri:0, instance:com.l1.interop.UserRegistrationFunctionalTests@1b083826]" name="setup" is-config="true" duration-ms="1114" started-at="2016-12-02T17:03:54Z" finished-at="2016-12-02T17:03:55Z">
          <reporter-output>
          </reporter-output>
        </test-method> <!-- setup -->
        <test-method status="PASS" signature="beforeClass()[pri:0, instance:com.l1.interop.UserRegistrationFunctionalTests@1b083826]" name="beforeClass" is-config="true" duration-ms="3" started-at="2016-12-02T17:03:56Z" finished-at="2016-12-02T17:03:56Z">
          <reporter-output>
          </reporter-output>
        </test-method> <!-- beforeClass -->
        <test-method status="PASS" signature="test_positive_Create_New_User_full_end_to_end()[pri:0, instance:com.l1.interop.UserRegistrationFunctionalTests@1b083826]" name="test_positive_Create_New_User_full_end_to_end" duration-ms="2831" started-at="2016-12-02T17:03:56Z" finished-at="2016-12-02T17:03:58Z">
          <reporter-output>
          </reporter-output>
        </test-method> <!-- test_positive_Create_New_User_full_end_to_end -->
        <test-method status="PASS" signature="test_postive_metadata_resource()[pri:0, instance:com.l1.interop.UserRegistrationFunctionalTests@1b083826]" name="test_postive_metadata_resource" duration-ms="193" started-at="2016-12-02T17:03:58Z" finished-at="2016-12-02T17:03:59Z">
          <reporter-output>
          </reporter-output>
        </test-method> <!-- test_postive_metadata_resource -->
        <test-method status="PASS" signature="afterClass()[pri:0, instance:com.l1.interop.UserRegistrationFunctionalTests@1b083826]" name="afterClass" is-config="true" duration-ms="0" started-at="2016-12-02T17:03:59Z" finished-at="2016-12-02T17:03:59Z">
          <reporter-output>
          </reporter-output>
        </test-method> <!-- afterClass -->
      </class> <!-- com.l1.interop.UserRegistrationFunctionalTests -->
    </test> <!-- Default test -->
  </suite> <!-- Default suite -->
</testng-results>
