<?xml version="1.0" encoding="UTF-8"?>
<testng-results skipped="0" failed="0" total="1" passed="1">
  <reporter-output>
  </reporter-output>
  <suite name="Default suite" duration-ms="29923" started-at="2016-11-28T17:47:55Z" finished-at="2016-11-28T17:48:25Z">
    <groups>
    </groups>
    <test name="Default test" duration-ms="29923" started-at="2016-11-28T17:47:55Z" finished-at="2016-11-28T17:48:25Z">
      <class name="com.l1.interop.UserRegistrationFunctionalTests">
        <test-method status="PASS" signature="setup()[pri:0, instance:com.l1.interop.UserRegistrationFunctionalTests@272ed83b]" name="setup" is-config="true" duration-ms="1129" started-at="2016-11-28T10:47:55Z" finished-at="2016-11-28T10:47:56Z">
          <reporter-output>
          </reporter-output>
        </test-method> <!-- setup -->
        <test-method status="PASS" signature="beforeClass()[pri:0, instance:com.l1.interop.UserRegistrationFunctionalTests@272ed83b]" name="beforeClass" is-config="true" duration-ms="6" started-at="2016-11-28T10:47:56Z" finished-at="2016-11-28T10:47:56Z">
          <reporter-output>
          </reporter-output>
        </test-method> <!-- beforeClass -->
        <test-method status="PASS" signature="test_positive_Create_New_User_full_end_to_end()[pri:0, instance:com.l1.interop.UserRegistrationFunctionalTests@272ed83b]" name="test_positive_Create_New_User_full_end_to_end" duration-ms="28770" started-at="2016-11-28T10:47:56Z" finished-at="2016-11-28T10:48:25Z">
          <reporter-output>
          </reporter-output>
        </test-method> <!-- test_positive_Create_New_User_full_end_to_end -->
        <test-method status="PASS" signature="afterClass()[pri:0, instance:com.l1.interop.UserRegistrationFunctionalTests@272ed83b]" name="afterClass" is-config="true" duration-ms="0" started-at="2016-11-28T10:48:25Z" finished-at="2016-11-28T10:48:25Z">
          <reporter-output>
          </reporter-output>
        </test-method> <!-- afterClass -->
      </class> <!-- com.l1.interop.UserRegistrationFunctionalTests -->
    </test> <!-- Default test -->
  </suite> <!-- Default suite -->
</testng-results>
