<?xml version="1.0" encoding="UTF-8"?>
<testng-results skipped="0" failed="2" total="10" passed="8">
  <reporter-output>
  </reporter-output>
  <suite name="Default suite" duration-ms="6699" started-at="2016-11-29T20:36:13Z" finished-at="2016-11-29T20:36:19Z">
    <groups>
    </groups>
    <test name="Default test" duration-ms="6699" started-at="2016-11-29T20:36:13Z" finished-at="2016-11-29T20:36:19Z">
      <class name="com.l1.interop.SPSPClientProxyFunctionalTest">
        <test-method status="PASS" signature="setup()[pri:0, instance:com.l1.interop.SPSPClientProxyFunctionalTest@7d68ef40]" name="setup" is-config="true" duration-ms="1234" started-at="2016-11-29T13:36:13Z" finished-at="2016-11-29T13:36:14Z">
          <reporter-output>
          </reporter-output>
        </test-method> <!-- setup -->
        <test-method status="PASS" signature="beforeClass()[pri:0, instance:com.l1.interop.SPSPClientProxyFunctionalTest@7d68ef40]" name="beforeClass" is-config="true" duration-ms="2" started-at="2016-11-29T13:36:14Z" finished-at="2016-11-29T13:36:14Z">
          <reporter-output>
          </reporter-output>
        </test-method> <!-- beforeClass -->
        <test-method status="PASS" signature="invoice_GetInvoiceDetails_ForInvalidInvoice_ShouldReceive404Response(java.lang.String, java.lang.String, java.lang.String, java.lang.String, java.lang.String, java.lang.String, java.lang.String, java.lang.String, java.lang.String)[pri:0, instance:com.l1.interop.SPSPClientProxyFunctionalTest@7d68ef40]" name="invoice_GetInvoiceDetails_ForInvalidInvoice_ShouldReceive404Response" duration-ms="1558" started-at="2016-11-29T13:36:14Z" data-provider="invoice_GET_negative" finished-at="2016-11-29T13:36:15Z">
          <params>
            <param index="0">
              <value>
                <![CDATA[Bob]]>
              </value>
            </param>
            <param index="1">
              <value>
                <![CDATA[http://localhost:8082/spsp/client/v1/invoice?invoiceUrl=http://brian.com]]>
              </value>
            </param>
            <param index="2">
              <value>
                <![CDATA[dfsp2.bob.dylan.account]]>
              </value>
            </param>
            <param index="3">
              <value>
                <![CDATA[Bob Dylan]]>
              </value>
            </param>
            <param index="4">
              <value>
                <![CDATA[USD]]>
              </value>
            </param>
            <param index="5">
              <value>
                <![CDATA[$]]>
              </value>
            </param>
            <param index="6">
              <value>
                <![CDATA[999.99]]>
              </value>
            </param>
            <param index="7">
              <value>
                <![CDATA[unpaid]]>
              </value>
            </param>
            <param index="8">
              <value>
                <![CDATA[https://www.example.com/gp/your-account/order-details?ie=UTF8&orderID=111-7777777-1111111]]>
              </value>
            </param>
          </params>
          <reporter-output>
          </reporter-output>
        </test-method> <!-- invoice_GetInvoiceDetails_ForInvalidInvoice_ShouldReceive404Response -->
        <test-method status="FAIL" signature="invoice_GetInvoiceDetails_ForValidInvoice_ShouldReceiveInvoiceDetailValidResponse(java.lang.String, java.lang.String, java.lang.String, java.lang.String, java.lang.String, java.lang.String, java.lang.String, java.lang.String, java.lang.String)[pri:0, instance:com.l1.interop.SPSPClientProxyFunctionalTest@7d68ef40]" name="invoice_GetInvoiceDetails_ForValidInvoice_ShouldReceiveInvoiceDetailValidResponse" duration-ms="392" started-at="2016-11-29T13:36:15Z" data-provider="invoice_GET_positive" finished-at="2016-11-29T13:36:16Z">
          <params>
            <param index="0">
              <value>
                <![CDATA[Bob]]>
              </value>
            </param>
            <param index="1">
              <value>
                <![CDATA[http://brian.com]]>
              </value>
            </param>
            <param index="2">
              <value>
                <![CDATA[dfsp2.bob.dylan.account]]>
              </value>
            </param>
            <param index="3">
              <value>
                <![CDATA[Bob Dylan]]>
              </value>
            </param>
            <param index="4">
              <value>
                <![CDATA[USD]]>
              </value>
            </param>
            <param index="5">
              <value>
                <![CDATA[$]]>
              </value>
            </param>
            <param index="6">
              <value>
                <![CDATA[10.4]]>
              </value>
            </param>
            <param index="7">
              <value>
                <![CDATA[unpaid]]>
              </value>
            </param>
            <param index="8">
              <value>
                <![CDATA[https://www.example.com/gp/your-account/order-details?ie=UTF8&orderID=111-7777777-1111111]]>
              </value>
            </param>
          </params>
          <exception class="io.restassured.path.json.exception.JsonPathException">
            <message>
              <![CDATA[Failed to parse the JSON document]]>
            </message>
            <full-stacktrace>
              <![CDATA[io.restassured.path.json.exception.JsonPathException: Failed to parse the JSON document
	at io.restassured.path.json.JsonPath$ExceptionCatcher.invoke(JsonPath.java:930)
	at io.restassured.path.json.JsonPath$4.doParseWith(JsonPath.java:895)
	at io.restassured.path.json.JsonPath$JsonParser.parseWith(JsonPath.java:975)
	at io.restassured.path.json.JsonPath.get(JsonPath.java:201)
	at io.restassured.path.json.JsonPath.getString(JsonPath.java:351)
	at com.l1.interop.SPSPClientProxyFunctionalTest.invoice_GetInvoiceDetails_ForValidInvoice_ShouldReceiveInvoiceDetailValidResponse(SPSPClientProxyFunctionalTest.java:771)
	at sun.reflect.NativeMethodAccessorImpl.invoke0(Native Method)
	at sun.reflect.NativeMethodAccessorImpl.invoke(NativeMethodAccessorImpl.java:62)
	at sun.reflect.DelegatingMethodAccessorImpl.invoke(DelegatingMethodAccessorImpl.java:43)
	at java.lang.reflect.Method.invoke(Method.java:498)
	at org.testng.internal.MethodInvocationHelper.invokeMethod(MethodInvocationHelper.java:84)
	at org.testng.internal.Invoker.invokeMethod(Invoker.java:714)
	at org.testng.internal.Invoker.invokeTestMethod(Invoker.java:901)
	at org.testng.internal.Invoker.invokeTestMethods(Invoker.java:1231)
	at org.testng.internal.TestMethodWorker.invokeTestMethods(TestMethodWorker.java:127)
	at org.testng.internal.TestMethodWorker.run(TestMethodWorker.java:111)
	at org.testng.TestRunner.privateRun(TestRunner.java:767)
	at org.testng.TestRunner.run(TestRunner.java:617)
	at org.testng.SuiteRunner.runTest(SuiteRunner.java:348)
	at org.testng.SuiteRunner.runSequentially(SuiteRunner.java:343)
	at org.testng.SuiteRunner.privateRun(SuiteRunner.java:305)
	at org.testng.SuiteRunner.run(SuiteRunner.java:254)
	at org.testng.SuiteRunnerWorker.runSuite(SuiteRunnerWorker.java:52)
	at org.testng.SuiteRunnerWorker.run(SuiteRunnerWorker.java:86)
	at org.testng.TestNG.runSuitesSequentially(TestNG.java:1224)
	at org.testng.TestNG.runSuitesLocally(TestNG.java:1149)
	at org.testng.TestNG.run(TestNG.java:1057)
	at org.testng.remote.AbstractRemoteTestNG.run(AbstractRemoteTestNG.java:132)
	at org.testng.remote.RemoteTestNG.initAndRun(RemoteTestNG.java:236)
	at org.testng.remote.RemoteTestNG.main(RemoteTestNG.java:81)
Caused by: groovy.json.JsonException: A JSON payload should start with an openning curly brace '{' or an openning square bracket '['.
Instead, '"Not Found"' was found on line: 1, column: 1
	at sun.reflect.NativeConstructorAccessorImpl.newInstance0(Native Method)
	at sun.reflect.NativeConstructorAccessorImpl.newInstance(NativeConstructorAccessorImpl.java:62)
	at sun.reflect.DelegatingConstructorAccessorImpl.newInstance(DelegatingConstructorAccessorImpl.java:45)
	at java.lang.reflect.Constructor.newInstance(Constructor.java:423)
	at org.codehaus.groovy.reflection.CachedConstructor.invoke(CachedConstructor.java:80)
	at org.codehaus.groovy.runtime.callsite.ConstructorSite$ConstructorSiteNoUnwrapNoCoerce.callConstructor(ConstructorSite.java:105)
	at org.codehaus.groovy.runtime.callsite.CallSiteArray.defaultCallConstructor(CallSiteArray.java:60)
	at org.codehaus.groovy.runtime.callsite.AbstractCallSite.callConstructor(AbstractCallSite.java:235)
	at org.codehaus.groovy.runtime.callsite.AbstractCallSite.callConstructor(AbstractCallSite.java:247)
	at io.restassured.internal.path.json.ConfigurableJsonSlurper.parse(ConfigurableJsonSlurper.groovy:114)
	at io.restassured.internal.path.json.ConfigurableJsonSlurper$parse.callCurrent(Unknown Source)
	at org.codehaus.groovy.runtime.callsite.CallSiteArray.defaultCallCurrent(CallSiteArray.java:52)
	at org.codehaus.groovy.runtime.callsite.AbstractCallSite.callCurrent(AbstractCallSite.java:154)
	at org.codehaus.groovy.runtime.callsite.AbstractCallSite.callCurrent(AbstractCallSite.java:166)
	at io.restassured.internal.path.json.ConfigurableJsonSlurper.parseText(ConfigurableJsonSlurper.groovy:83)
	at io.restassured.path.json.JsonPath$4$1.method(JsonPath.java:893)
	at io.restassured.path.json.JsonPath$ExceptionCatcher.invoke(JsonPath.java:928)
	... 29 more
]]>
            </full-stacktrace>
          </exception> <!-- io.restassured.path.json.exception.JsonPathException -->
          <reporter-output>
          </reporter-output>
        </test-method> <!-- invoice_GetInvoiceDetails_ForValidInvoice_ShouldReceiveInvoiceDetailValidResponse -->
        <test-method status="FAIL" signature="invoice_GetInvoiceDetails_ForValidInvoice_ShouldReceiveInvoiceDetailValidResponse(java.lang.String, java.lang.String, java.lang.String, java.lang.String, java.lang.String, java.lang.String, java.lang.String, java.lang.String, java.lang.String)[pri:0, instance:com.l1.interop.SPSPClientProxyFunctionalTest@7d68ef40]" name="invoice_GetInvoiceDetails_ForValidInvoice_ShouldReceiveInvoiceDetailValidResponse" duration-ms="207" started-at="2016-11-29T13:36:16Z" data-provider="invoice_GET_positive" finished-at="2016-11-29T13:36:16Z">
          <params>
            <param index="0">
              <value>
                <![CDATA[Sam]]>
              </value>
            </param>
            <param index="1">
              <value>
                <![CDATA[http://brian.com]]>
              </value>
            </param>
            <param index="2">
              <value>
                <![CDATA[dfsp2.sam.jones.account]]>
              </value>
            </param>
            <param index="3">
              <value>
                <![CDATA[Bob Dylan]]>
              </value>
            </param>
            <param index="4">
              <value>
                <![CDATA[USD]]>
              </value>
            </param>
            <param index="5">
              <value>
                <![CDATA[$]]>
              </value>
            </param>
            <param index="6">
              <value>
                <![CDATA[10.4]]>
              </value>
            </param>
            <param index="7">
              <value>
                <![CDATA[unpaid]]>
              </value>
            </param>
            <param index="8">
              <value>
                <![CDATA[https://www.example.com/gp/your-account/order-details?ie=UTF8&orderID=111-7777777-1111111]]>
              </value>
            </param>
          </params>
          <exception class="io.restassured.path.json.exception.JsonPathException">
            <message>
              <![CDATA[Failed to parse the JSON document]]>
            </message>
            <full-stacktrace>
              <![CDATA[io.restassured.path.json.exception.JsonPathException: Failed to parse the JSON document
	at io.restassured.path.json.JsonPath$ExceptionCatcher.invoke(JsonPath.java:930)
	at io.restassured.path.json.JsonPath$4.doParseWith(JsonPath.java:895)
	at io.restassured.path.json.JsonPath$JsonParser.parseWith(JsonPath.java:975)
	at io.restassured.path.json.JsonPath.get(JsonPath.java:201)
	at io.restassured.path.json.JsonPath.getString(JsonPath.java:351)
	at com.l1.interop.SPSPClientProxyFunctionalTest.invoice_GetInvoiceDetails_ForValidInvoice_ShouldReceiveInvoiceDetailValidResponse(SPSPClientProxyFunctionalTest.java:771)
	at sun.reflect.NativeMethodAccessorImpl.invoke0(Native Method)
	at sun.reflect.NativeMethodAccessorImpl.invoke(NativeMethodAccessorImpl.java:62)
	at sun.reflect.DelegatingMethodAccessorImpl.invoke(DelegatingMethodAccessorImpl.java:43)
	at java.lang.reflect.Method.invoke(Method.java:498)
	at org.testng.internal.MethodInvocationHelper.invokeMethod(MethodInvocationHelper.java:84)
	at org.testng.internal.Invoker.invokeMethod(Invoker.java:714)
	at org.testng.internal.Invoker.invokeTestMethod(Invoker.java:901)
	at org.testng.internal.Invoker.invokeTestMethods(Invoker.java:1231)
	at org.testng.internal.TestMethodWorker.invokeTestMethods(TestMethodWorker.java:127)
	at org.testng.internal.TestMethodWorker.run(TestMethodWorker.java:111)
	at org.testng.TestRunner.privateRun(TestRunner.java:767)
	at org.testng.TestRunner.run(TestRunner.java:617)
	at org.testng.SuiteRunner.runTest(SuiteRunner.java:348)
	at org.testng.SuiteRunner.runSequentially(SuiteRunner.java:343)
	at org.testng.SuiteRunner.privateRun(SuiteRunner.java:305)
	at org.testng.SuiteRunner.run(SuiteRunner.java:254)
	at org.testng.SuiteRunnerWorker.runSuite(SuiteRunnerWorker.java:52)
	at org.testng.SuiteRunnerWorker.run(SuiteRunnerWorker.java:86)
	at org.testng.TestNG.runSuitesSequentially(TestNG.java:1224)
	at org.testng.TestNG.runSuitesLocally(TestNG.java:1149)
	at org.testng.TestNG.run(TestNG.java:1057)
	at org.testng.remote.AbstractRemoteTestNG.run(AbstractRemoteTestNG.java:132)
	at org.testng.remote.RemoteTestNG.initAndRun(RemoteTestNG.java:236)
	at org.testng.remote.RemoteTestNG.main(RemoteTestNG.java:81)
Caused by: groovy.json.JsonException: A JSON payload should start with an openning curly brace '{' or an openning square bracket '['.
Instead, '"Not Found"' was found on line: 1, column: 1
	at sun.reflect.NativeConstructorAccessorImpl.newInstance0(Native Method)
	at sun.reflect.NativeConstructorAccessorImpl.newInstance(NativeConstructorAccessorImpl.java:62)
	at sun.reflect.DelegatingConstructorAccessorImpl.newInstance(DelegatingConstructorAccessorImpl.java:45)
	at java.lang.reflect.Constructor.newInstance(Constructor.java:423)
	at org.codehaus.groovy.reflection.CachedConstructor.invoke(CachedConstructor.java:80)
	at org.codehaus.groovy.runtime.callsite.ConstructorSite$ConstructorSiteNoUnwrapNoCoerce.callConstructor(ConstructorSite.java:105)
	at org.codehaus.groovy.runtime.callsite.AbstractCallSite.callConstructor(AbstractCallSite.java:247)
	at io.restassured.internal.path.json.ConfigurableJsonSlurper.parse(ConfigurableJsonSlurper.groovy:114)
	at io.restassured.internal.path.json.ConfigurableJsonSlurper$parse.callCurrent(Unknown Source)
	at io.restassured.internal.path.json.ConfigurableJsonSlurper.parseText(ConfigurableJsonSlurper.groovy:83)
	at io.restassured.path.json.JsonPath$4$1.method(JsonPath.java:893)
	at io.restassured.path.json.JsonPath$ExceptionCatcher.invoke(JsonPath.java:928)
	... 29 more
]]>
            </full-stacktrace>
          </exception> <!-- io.restassured.path.json.exception.JsonPathException -->
          <reporter-output>
          </reporter-output>
        </test-method> <!-- invoice_GetInvoiceDetails_ForValidInvoice_ShouldReceiveInvoiceDetailValidResponse -->
        <test-method status="PASS" signature="invoice_Get_Ensure404WithInvalidURL_ShouldReceive404Response(java.lang.String, java.lang.String, java.lang.String, java.lang.String, java.lang.String, java.lang.String, java.lang.String, java.lang.String, java.lang.String)[pri:0, instance:com.l1.interop.SPSPClientProxyFunctionalTest@7d68ef40]" name="invoice_Get_Ensure404WithInvalidURL_ShouldReceive404Response" duration-ms="235" started-at="2016-11-29T13:36:16Z" data-provider="invoice_GET_negative" finished-at="2016-11-29T13:36:16Z">
          <params>
            <param index="0">
              <value>
                <![CDATA[Bob]]>
              </value>
            </param>
            <param index="1">
              <value>
                <![CDATA[http://localhost:8082/spsp/client/v1/invoice?invoiceUrl=http://brian.com]]>
              </value>
            </param>
            <param index="2">
              <value>
                <![CDATA[dfsp2.bob.dylan.account]]>
              </value>
            </param>
            <param index="3">
              <value>
                <![CDATA[Bob Dylan]]>
              </value>
            </param>
            <param index="4">
              <value>
                <![CDATA[USD]]>
              </value>
            </param>
            <param index="5">
              <value>
                <![CDATA[$]]>
              </value>
            </param>
            <param index="6">
              <value>
                <![CDATA[999.99]]>
              </value>
            </param>
            <param index="7">
              <value>
                <![CDATA[unpaid]]>
              </value>
            </param>
            <param index="8">
              <value>
                <![CDATA[https://www.example.com/gp/your-account/order-details?ie=UTF8&orderID=111-7777777-1111111]]>
              </value>
            </param>
          </params>
          <reporter-output>
          </reporter-output>
        </test-method> <!-- invoice_Get_Ensure404WithInvalidURL_ShouldReceive404Response -->
        <test-method status="PASS" signature="invoice_Get_withInvalidUri_ShoudlGet404()[pri:0, instance:com.l1.interop.SPSPClientProxyFunctionalTest@7d68ef40]" name="invoice_Get_withInvalidUri_ShoudlGet404" duration-ms="256" started-at="2016-11-29T13:36:16Z" finished-at="2016-11-29T13:36:17Z">
          <reporter-output>
          </reporter-output>
        </test-method> <!-- invoice_Get_withInvalidUri_ShoudlGet404 -->
        <test-method status="PASS" signature="invoice_POST_ForValidInvoice_ShouldReceiveInvoiceDetailValidResponse(java.lang.String, java.lang.String, java.lang.String, java.lang.String, java.lang.String)[pri:0, instance:com.l1.interop.SPSPClientProxyFunctionalTest@7d68ef40]" name="invoice_POST_ForValidInvoice_ShouldReceiveInvoiceDetailValidResponse" duration-ms="903" started-at="2016-11-29T13:36:17Z" data-provider="invoice_create_positive" finished-at="2016-11-29T13:36:17Z">
          <params>
            <param index="0">
              <value>
                <![CDATA[http://sampleurl1.com]]>
              </value>
            </param>
            <param index="1">
              <value>
                <![CDATA[sample_invoice_id1]]>
              </value>
            </param>
            <param index="2">
              <value>
                <![CDATA[http://submissionUrl.com]]>
              </value>
            </param>
            <param index="3">
              <value>
                <![CDATA[sample_senderIdentifier1]]>
              </value>
            </param>
            <param index="4">
              <value>
                <![CDATA[sample memo1]]>
              </value>
            </param>
          </params>
          <reporter-output>
          </reporter-output>
        </test-method> <!-- invoice_POST_ForValidInvoice_ShouldReceiveInvoiceDetailValidResponse -->
        <test-method status="PASS" signature="invoice_POST_ForValidInvoice_ShouldReceiveInvoiceDetailValidResponse(java.lang.String, java.lang.String, java.lang.String, java.lang.String, java.lang.String)[pri:0, instance:com.l1.interop.SPSPClientProxyFunctionalTest@7d68ef40]" name="invoice_POST_ForValidInvoice_ShouldReceiveInvoiceDetailValidResponse" duration-ms="711" started-at="2016-11-29T13:36:17Z" data-provider="invoice_create_positive" finished-at="2016-11-29T13:36:18Z">
          <params>
            <param index="0">
              <value>
                <![CDATA[http://sampleurl2.com]]>
              </value>
            </param>
            <param index="1">
              <value>
                <![CDATA[sample_invoice_id2]]>
              </value>
            </param>
            <param index="2">
              <value>
                <![CDATA[http://submissionUrl.com]]>
              </value>
            </param>
            <param index="3">
              <value>
                <![CDATA[sample_senderIdentifier2]]>
              </value>
            </param>
            <param index="4">
              <value>
                <![CDATA[sample memo2]]>
              </value>
            </param>
          </params>
          <reporter-output>
          </reporter-output>
        </test-method> <!-- invoice_POST_ForValidInvoice_ShouldReceiveInvoiceDetailValidResponse -->
        <test-method status="PASS" signature="invoice_POST_ForValidInvoice_ShouldReceiveInvoiceDetailValidResponse(java.lang.String, java.lang.String, java.lang.String, java.lang.String, java.lang.String)[pri:0, instance:com.l1.interop.SPSPClientProxyFunctionalTest@7d68ef40]" name="invoice_POST_ForValidInvoice_ShouldReceiveInvoiceDetailValidResponse" duration-ms="747" started-at="2016-11-29T13:36:18Z" data-provider="invoice_create_positive" finished-at="2016-11-29T13:36:19Z">
          <params>
            <param index="0">
              <value>
                <![CDATA[http://sampleurl3.com]]>
              </value>
            </param>
            <param index="1">
              <value>
                <![CDATA[sample_invoice_id3]]>
              </value>
            </param>
            <param index="2">
              <value>
                <![CDATA[http://submissionUrl.com]]>
              </value>
            </param>
            <param index="3">
              <value>
                <![CDATA[sample_senderIdentifier3]]>
              </value>
            </param>
            <param index="4">
              <value>
                <![CDATA[sample memo3]]>
              </value>
            </param>
          </params>
          <reporter-output>
          </reporter-output>
        </test-method> <!-- invoice_POST_ForValidInvoice_ShouldReceiveInvoiceDetailValidResponse -->
        <test-method status="PASS" signature="invoice_POST_testingFor404ResourceNotFound()[pri:0, instance:com.l1.interop.SPSPClientProxyFunctionalTest@7d68ef40]" name="invoice_POST_testingFor404ResourceNotFound" duration-ms="195" started-at="2016-11-29T13:36:19Z" finished-at="2016-11-29T13:36:19Z">
          <reporter-output>
          </reporter-output>
        </test-method> <!-- invoice_POST_testingFor404ResourceNotFound -->
        <test-method status="PASS" signature="invoice_POST_testingFor415UnsupportedMediaType()[pri:0, instance:com.l1.interop.SPSPClientProxyFunctionalTest@7d68ef40]" name="invoice_POST_testingFor415UnsupportedMediaType" duration-ms="229" started-at="2016-11-29T13:36:19Z" finished-at="2016-11-29T13:36:19Z">
          <reporter-output>
          </reporter-output>
        </test-method> <!-- invoice_POST_testingFor415UnsupportedMediaType -->
        <test-method status="PASS" signature="afterClass()[pri:0, instance:com.l1.interop.SPSPClientProxyFunctionalTest@7d68ef40]" name="afterClass" is-config="true" duration-ms="0" started-at="2016-11-29T13:36:19Z" finished-at="2016-11-29T13:36:19Z">
          <reporter-output>
          </reporter-output>
        </test-method> <!-- afterClass -->
      </class> <!-- com.l1.interop.SPSPClientProxyFunctionalTest -->
    </test> <!-- Default test -->
  </suite> <!-- Default suite -->
</testng-results>
